2018-12-12 11:24:54,883 
===============
2018-12-12 11:24:54,883 DATASET: apache-ant-1.7.0 | MAX_FEATURE: 1000 | STOP_WORDS: english | FOLD: 5 | POOL_SIZE: 100000 | INIT_POOL: 10 | BUDGET: 10
2018-12-12 11:24:54,883 TRAINING DATA: TRUE: 3940 | FALSE: 54237
2018-12-12 11:24:54,883 TEST DATA: TRUE: 131 | FALSE: 3967
2018-12-12 11:24:54,884 apache-ant-1.7.0 | Starting our 5 fold cross validation for apache-ant-1.7.0
2018-12-12 11:24:54,934 
===============
2018-12-12 11:24:54,934 DATASET: apache-jmeter-2.10 | MAX_FEATURE: 1000 | STOP_WORDS: english | FOLD: 5 | POOL_SIZE: 100000 | INIT_POOL: 10 | BUDGET: 10
2018-12-12 11:24:54,934 TRAINING DATA: TRUE: 3697 | FALSE: 50521
2018-12-12 11:24:54,934 TEST DATA: TRUE: 374 | FALSE: 7683
2018-12-12 11:24:54,942 apache-jmeter-2.10 | Starting our 5 fold cross validation for apache-jmeter-2.10
2018-12-12 11:24:55,058 apache-ant-1.7.0 | Starting a fold
2018-12-12 11:24:55,110 apache-jmeter-2.10 | Starting a fold
2018-12-12 11:24:55,176 
===============
2018-12-12 11:24:55,176 DATASET: argouml | MAX_FEATURE: 1000 | STOP_WORDS: english | FOLD: 5 | POOL_SIZE: 100000 | INIT_POOL: 10 | BUDGET: 10
2018-12-12 11:24:55,176 TRAINING DATA: TRUE: 2658 | FALSE: 50165
2018-12-12 11:24:55,176 TEST DATA: TRUE: 1413 | FALSE: 8039
2018-12-12 11:24:55,177 argouml | Starting our 5 fold cross validation for argouml
2018-12-12 11:24:55,283 
===============
2018-12-12 11:24:55,284 DATASET: columba-1.4-src | MAX_FEATURE: 1000 | STOP_WORDS: english | FOLD: 5 | POOL_SIZE: 100000 | INIT_POOL: 10 | BUDGET: 10
2018-12-12 11:24:55,284 TRAINING DATA: TRUE: 3867 | FALSE: 51940
2018-12-12 11:24:55,284 TEST DATA: TRUE: 204 | FALSE: 6264
2018-12-12 11:24:55,285 columba-1.4-src | Starting our 5 fold cross validation for columba-1.4-src
2018-12-12 11:24:55,358 argouml | Starting a fold
2018-12-12 11:24:55,450 
===============
2018-12-12 11:24:55,450 DATASET: emf-2.4.1 | MAX_FEATURE: 1000 | STOP_WORDS: english | FOLD: 5 | POOL_SIZE: 100000 | INIT_POOL: 10 | BUDGET: 10
2018-12-12 11:24:55,451 TRAINING DATA: TRUE: 3967 | FALSE: 53918
2018-12-12 11:24:55,451 TEST DATA: TRUE: 104 | FALSE: 4286
2018-12-12 11:24:55,451 emf-2.4.1 | Starting our 5 fold cross validation for emf-2.4.1
2018-12-12 11:24:55,463 columba-1.4-src | Starting a fold
2018-12-12 11:24:55,561 
===============
2018-12-12 11:24:55,561 DATASET: jEdit-4.2 | MAX_FEATURE: 1000 | STOP_WORDS: english | FOLD: 5 | POOL_SIZE: 100000 | INIT_POOL: 10 | BUDGET: 10
2018-12-12 11:24:55,561 TRAINING DATA: TRUE: 3815 | FALSE: 48138
2018-12-12 11:24:55,561 TEST DATA: TRUE: 256 | FALSE: 10066
2018-12-12 11:24:55,562 jEdit-4.2 | Starting our 5 fold cross validation for jEdit-4.2
2018-12-12 11:24:55,587 
===============
2018-12-12 11:24:55,588 DATASET: hibernate-distribution-3.3.2.GA | MAX_FEATURE: 1000 | STOP_WORDS: english | FOLD: 5 | POOL_SIZE: 100000 | INIT_POOL: 10 | BUDGET: 10
2018-12-12 11:24:55,588 TRAINING DATA: TRUE: 3599 | FALSE: 55708
2018-12-12 11:24:55,588 TEST DATA: TRUE: 472 | FALSE: 2496
2018-12-12 11:24:55,589 hibernate-distribution-3.3.2.GA | Starting our 5 fold cross validation for hibernate-distribution-3.3.2.GA
2018-12-12 11:24:55,630 emf-2.4.1 | Starting a fold
2018-12-12 11:24:55,735 jEdit-4.2 | Starting a fold
2018-12-12 11:24:55,774 hibernate-distribution-3.3.2.GA | Starting a fold
2018-12-12 11:24:55,793 
===============
2018-12-12 11:24:55,793 DATASET: jfreechart-1.0.19 | MAX_FEATURE: 1000 | STOP_WORDS: english | FOLD: 5 | POOL_SIZE: 100000 | INIT_POOL: 10 | BUDGET: 10
2018-12-12 11:24:55,793 TRAINING DATA: TRUE: 3862 | FALSE: 54005
2018-12-12 11:24:55,793 TEST DATA: TRUE: 209 | FALSE: 4199
2018-12-12 11:24:55,794 jfreechart-1.0.19 | Starting our 5 fold cross validation for jfreechart-1.0.19
2018-12-12 11:24:55,967 jfreechart-1.0.19 | Starting a fold
2018-12-12 11:38:26,617 argouml | F Score of init pool: [0.7465437788018434, 0.5446985446985447, 0.5919661733615221, 0.7248618784530386, 0.703872437357631, 0.7346024636058232, 0.736725663716814, 0.6095444685466377, 0.7194719471947195, 0.7124563445867288]
2018-12-12 11:40:01,590 argouml | new F: 0.7664399092970521 budget 10
2018-12-12 11:42:23,540 jEdit-4.2 | F Score of init pool: [0.7657587548638132, 0.5903954802259886, 0.5906515580736544, 0.7511664074650077, 0.7402402402402403, 0.7513639906469212, 0.7558320373250389, 0.6059743954480796, 0.7443315089913995, 0.7437641723356009]
2018-12-12 11:42:59,525 apache-jmeter-2.10 | F Score of init pool: [0.8029589778076665, 0.5358851674641149, 0.5679164105716041, 0.7786561264822135, 0.6852300242130751, 0.7827814569536423, 0.7842622950819672, 0.5673671199011124, 0.7715404699738904, 0.7518009168303864]
2018-12-12 11:43:11,677 jEdit-4.2 | new F: 0.789032749428789 budget 11
2018-12-12 11:44:20,526 hibernate-distribution-3.3.2.GA | F Score of init pool: [0.7611940298507462, 0.5697924123120973, 0.5802650957290133, 0.7451612903225807, 0.7177482408131353, 0.7540716612377851, 0.7554129911788293, 0.584319526627219, 0.7395498392282958, 0.7415553809897879]
2018-12-12 11:45:27,533 emf-2.4.1 | F Score of init pool: [0.78698224852071, 0.5875251509054327, 0.5801324503311258, 0.754880694143167, 0.7603423680456491, 0.7644055433989788, 0.7701232777374909, 0.5946308724832216, 0.750179985601152, 0.755043227665706]
2018-12-12 11:45:46,784 columba-1.4-src | F Score of init pool: [0.7819433817903596, 0.5955435516542876, 0.5853000674308834, 0.7531692766592096, 0.7363704256908141, 0.7673716012084592, 0.7646176911544227, 0.603616133518776, 0.7487027427724241, 0.7505584512285928]
2018-12-12 11:46:52,622 apache-ant-1.7.0 | F Score of init pool: [0.8098318240620958, 0.5989240884638374, 0.593128390596745, 0.7886962106615286, 0.7762733720180529, 0.7927927927927929, 0.8007812499999999, 0.6278081360048574, 0.7882277671145232, 0.7823261858349578]
2018-12-12 11:46:53,513 emf-2.4.1 | new F: 0.7911111111111111 budget 11
2018-12-12 11:46:57,212 jfreechart-1.0.19 | F Score of init pool: [0.7832061068702291, 0.5904628330995791, 0.5823488533703961, 0.7607726597325409, 0.7422680412371134, 0.7636909227306826, 0.772218073188947, 0.6065232477446217, 0.746844840386043, 0.7458893871449925]
2018-12-12 11:48:02,932 jfreechart-1.0.19 | new F: 0.808095952023988 budget 11
2018-12-12 11:48:09,118 apache-ant-1.7.0 | new F: 0.8101910828025477 budget 11
2018-12-12 11:49:17,897 hibernate-distribution-3.3.2.GA | new F: 0.7797716150081566 budget 10
2018-12-12 11:50:28,075 columba-1.4-src | new F: 0.799097065462754 budget 10
2018-12-12 11:51:09,435 apache-jmeter-2.10 | new F: 0.8050065876152834 budget 9
2018-12-12 11:52:36,434 argouml | Eval: 11
2018-12-12 11:53:43,891 argouml | Optimized F Score for fold 0: 0.8475415634948709
2018-12-12 11:53:43,898 argouml | Starting a fold
2018-12-12 11:54:25,709 emf-2.4.1 | new F: 0.8 budget 8
2018-12-12 11:54:35,999 
===============
2018-12-12 11:54:36,000 DATASET: jruby-1.4.0 | MAX_FEATURE: 1000 | STOP_WORDS: english | FOLD: 5 | POOL_SIZE: 100000 | INIT_POOL: 10 | BUDGET: 10
2018-12-12 11:54:36,000 TRAINING DATA: TRUE: 3449 | FALSE: 53929
2018-12-12 11:54:36,000 TEST DATA: TRUE: 622 | FALSE: 4275
2018-12-12 11:54:36,001 jruby-1.4.0 | Starting our 5 fold cross validation for jruby-1.4.0
2018-12-12 11:54:36,247 jruby-1.4.0 | Starting a fold
2018-12-12 12:00:10,326 apache-jmeter-2.10 | new F: 0.8077436582109478 budget 4
2018-12-12 12:00:49,858 emf-2.4.1 | new F: 0.8017621145374448 budget 4
2018-12-12 12:01:35,125 jEdit-4.2 | Eval: 11
2018-12-12 12:01:51,076 
===============
2018-12-12 12:01:51,076 DATASET: sql12 | MAX_FEATURE: 1000 | STOP_WORDS: english | FOLD: 5 | POOL_SIZE: 100000 | INIT_POOL: 10 | BUDGET: 10
2018-12-12 12:01:51,076 TRAINING DATA: TRUE: 3785 | FALSE: 51275
2018-12-12 12:01:51,076 TEST DATA: TRUE: 286 | FALSE: 6929
2018-12-12 12:01:51,077 sql12 | Starting our 5 fold cross validation for sql12
2018-12-12 12:01:51,289 sql12 | Starting a fold
2018-12-12 12:02:14,337 jEdit-4.2 | Optimized F Score for fold 0: 0.24000000000000002
2018-12-12 12:02:14,351 jEdit-4.2 | Starting a fold
2018-12-12 12:02:49,841 apache-ant-1.7.0 | new F: 0.810223642172524 budget 3
2018-12-12 12:03:17,461 emf-2.4.1 | Eval: 13
2018-12-12 12:03:57,724 emf-2.4.1 | Optimized F Score for fold 0: 0.4313725490196078
2018-12-12 12:03:57,730 emf-2.4.1 | Starting a fold
2018-12-12 12:04:27,836 columba-1.4-src | Eval: 11
2018-12-12 12:04:53,732 apache-jmeter-2.10 | new F: 0.810379241516966 budget 2
2018-12-12 12:05:02,207 apache-ant-1.7.0 | new F: 0.8150594451783355 budget 3
2018-12-12 12:05:30,164 columba-1.4-src | Optimized F Score for fold 0: 0.8786407766990291
2018-12-12 12:05:30,167 columba-1.4-src | Starting a fold
2018-12-12 12:06:24,189 apache-jmeter-2.10 | Eval: 13
2018-12-12 12:07:39,777 apache-jmeter-2.10 | Optimized F Score for fold 0: 0.7884322678843226
2018-12-12 12:07:39,789 apache-jmeter-2.10 | Starting a fold
2018-12-12 12:09:31,501 argouml | F Score of init pool: [0.7354838709677419, 0.638, 0.7286324786324787, 0.760593220338983, 0.7579617834394905, 0.7298170075349839, 0.6708994708994708, 0.7571580063626724, 0.75, 0.7547169811320754]
2018-12-12 12:09:46,700 apache-ant-1.7.0 | new F: 0.8192771084337349 budget 2
2018-12-12 12:11:13,807 apache-ant-1.7.0 | Eval: 14
2018-12-12 12:11:55,703 argouml | new F: 0.7677624602332981 budget 11
2018-12-12 12:12:32,886 apache-ant-1.7.0 | Optimized F Score for fold 0: 0.3536585365853659
2018-12-12 12:12:32,893 apache-ant-1.7.0 | Starting a fold
2018-12-12 12:13:25,951 jruby-1.4.0 | F Score of init pool: [0.7519582245430809, 0.5764192139737991, 0.5971058644325972, 0.720949957591179, 0.71701244813278, 0.7280477408354646, 0.7359454855195912, 0.5864197530864198, 0.71081307627829, 0.7277310924369748]
2018-12-12 12:14:27,876 jruby-1.4.0 | new F: 0.76592082616179 budget 11
2018-12-12 12:18:13,998 jruby-1.4.0 | new F: 0.7787307032590052 budget 9
2018-12-12 12:19:52,869 sql12 | F Score of init pool: [0.7756059421422986, 0.5848275862068967, 0.5937072503419972, 0.7547456340167047, 0.7509293680297398, 0.7528691660290742, 0.7554882664647994, 0.6, 0.7391634980988592, 0.7440794499618029]
2018-12-12 12:21:02,429 sql12 | new F: 0.8012326656394453 budget 11
2018-12-12 12:22:02,134 jruby-1.4.0 | new F: 0.7808219178082191 budget 8
2018-12-12 12:22:22,784 jEdit-4.2 | F Score of init pool: [0.7560706401766005, 0.6491728465487735, 0.4286158631415241, 0.8121000581733566, 0.8139941690962099, 0.44024351169496956, 0.6598062953995156, 0.8115942028985508, 0.7589189189189188, 0.7934537246049661]
2018-12-12 12:26:31,801 emf-2.4.1 | F Score of init pool: [0.5532879818594104, 0.5783684692942255, 0.42387190684133913, 0.7738534528202423, 0.7978260869565218, 0.43272080616478964, 0.6221990620114642, 0.7585139318885449, 0.5022116366110922, 0.6764570904084443]
2018-12-12 12:29:29,027 columba-1.4-src | F Score of init pool: [0.49235048678720444, 0.5892611289582377, 0.36178861788617883, 0.7928730512249443, 0.7979854504756576, 0.39809363610877485, 0.5731922398589065, 0.7760217983651225, 0.49704963554321413, 0.676762896355892]
2018-12-12 12:31:04,923 sql12 | new F: 0.8030769230769231 budget 5
2018-12-12 12:31:28,008 argouml | Eval: 11
2018-12-12 12:32:51,864 jruby-1.4.0 | Eval: 13
2018-12-12 12:33:16,902 apache-jmeter-2.10 | F Score of init pool: [0.8133704735376045, 0.6190476190476191, 0.7503250975292589, 0.8366477272727272, 0.8361823361823362, 0.7498383968972204, 0.6676279740447008, 0.8366477272727272, 0.8111498257839721, 0.8285109386026818]
2018-12-12 12:33:34,632 argouml | Optimized F Score for fold 1: 0.833274084607181
2018-12-12 12:33:34,634 argouml | Starting a fold
2018-12-12 12:33:48,071 jruby-1.4.0 | Optimized F Score for fold 0: 0.8793248945147678
2018-12-12 12:33:48,074 jruby-1.4.0 | Starting a fold
2018-12-12 12:35:47,861 jEdit-4.2 | new F: 0.8250591016548463 budget 8
2018-12-12 12:36:32,357 sql12 | Eval: 12
2018-12-12 12:37:25,487 sql12 | Optimized F Score for fold 0: 0.6230936819172114
2018-12-12 12:37:25,490 sql12 | Starting a fold
2018-12-12 12:40:08,502 apache-ant-1.7.0 | F Score of init pool: [0.8287841191066997, 0.6250779787897692, 0.7777119146413752, 0.8590686274509806, 0.8590686274509806, 0.7680381633870007, 0.6723016905071522, 0.8606356968215159, 0.8248655110579797, 0.8524788391777509]
2018-12-12 12:40:43,698 emf-2.4.1 | new F: 0.7982599238716693 budget 8
2018-12-12 12:51:22,169 argouml | F Score of init pool: [0.6511111111111111, 0.6745843230403801, 0.6642771804062126, 0.5505761843790012, 0.5529715762273901, 0.6473317865429236, 0.6674391657010429, 0.6441860465116279, 0.5652173913043478, 0.5456410256410256]
2018-12-12 12:51:32,788 columba-1.4-src | new F: 0.7988795518207282 budget 6
2018-12-12 12:53:09,822 jEdit-4.2 | new F: 0.8352171326591314 budget 3
2018-12-12 12:55:28,160 emf-2.4.1 | new F: 0.7995642701525054 budget 5
2018-12-12 12:55:59,012 apache-ant-1.7.0 | new F: 0.8608058608058607 budget 8
2018-12-12 12:56:00,790 jruby-1.4.0 | F Score of init pool: [0.4395078605604922, 0.40890836071558967, 0.3797619047619047, 0.6704722366372599, 0.7007061379684955, 0.3882317258113437, 0.5090090090090089, 0.6608695652173914, 0.4337190082644628, 0.6036161335187761]
2018-12-12 12:56:20,734 jEdit-4.2 | Eval: 12
2018-12-12 12:57:31,138 jEdit-4.2 | Optimized F Score for fold 1: 0.28846153846153844
2018-12-12 12:57:31,143 jEdit-4.2 | Starting a fold
2018-12-12 12:58:34,071 sql12 | F Score of init pool: [0.4914125481948826, 0.5161290322580645, 0.4035036496350365, 0.7518959913326111, 0.7595628415300546, 0.4346733668341708, 0.6077970878346641, 0.7410571276027764, 0.4766131785592353, 0.6544256120527306]
2018-12-12 13:01:40,710 argouml | Eval: 10
2018-12-12 13:01:53,736 apache-ant-1.7.0 | new F: 0.8694074969770255 budget 7
2018-12-12 13:02:32,443 argouml | Optimized F Score for fold 2: 0.8440042447824548
2018-12-12 13:02:32,461 argouml | Starting a fold
2018-12-12 13:05:48,462 apache-ant-1.7.0 | new F: 0.8699334543254689 budget 6
2018-12-12 13:08:06,937 sql12 | new F: 0.7717934480843975 budget 9
2018-12-12 13:08:46,823 columba-1.4-src | Eval: 11
2018-12-12 13:09:12,521 jruby-1.4.0 | new F: 0.7026732133115112 budget 8
2018-12-12 13:09:19,884 emf-2.4.1 | Eval: 12
2018-12-12 13:10:28,133 apache-jmeter-2.10 | Eval: 10
2018-12-12 13:12:05,746 columba-1.4-src | Optimized F Score for fold 1: 0.8819277108433735
2018-12-12 13:12:05,777 columba-1.4-src | Starting a fold
2018-12-12 13:12:24,159 jruby-1.4.0 | new F: 0.7030567685589519 budget 8
2018-12-12 13:12:34,717 emf-2.4.1 | Optimized F Score for fold 1: 0.4358974358974359
2018-12-12 13:12:34,733 emf-2.4.1 | Starting a fold
2018-12-12 13:13:35,647 apache-jmeter-2.10 | Optimized F Score for fold 1: 0.7441860465116279
2018-12-12 13:13:35,664 apache-jmeter-2.10 | Starting a fold
2018-12-12 13:14:03,185 apache-ant-1.7.0 | new F: 0.8726614363307181 budget 4
2018-12-12 13:19:43,280 apache-ant-1.7.0 | Eval: 14
2018-12-12 13:20:30,415 jEdit-4.2 | F Score of init pool: [0.7613293051359518, 0.799110452186805, 0.7850746268656716, 0.6542372881355932, 0.6524701873935265, 0.7818181818181819, 0.7846385542168673, 0.7819548872180451, 0.6072186836518046, 0.5712280701754386]
2018-12-12 13:21:51,289 apache-ant-1.7.0 | Optimized F Score for fold 1: 0.36144578313253006
2018-12-12 13:21:51,291 apache-ant-1.7.0 | Starting a fold
2018-12-12 13:22:37,640 argouml | F Score of init pool: [0.8116469517743403, 0.8326848249027238, 0.7500000000000001, 0.8133086876155268, 0.6666666666666666, 0.6806853582554517, 0.6666666666666667, 0.7854922279792745, 0.7975830815709971, 0.8012048192771084]
2018-12-12 13:31:54,362 sql12 | Eval: 11
2018-12-12 13:33:24,023 jruby-1.4.0 | new F: 0.7127071823204421 budget 2
2018-12-12 13:34:40,234 sql12 | Optimized F Score for fold 1: 0.6473029045643153
2018-12-12 13:34:40,237 sql12 | Starting a fold
2018-12-12 13:35:33,751 apache-jmeter-2.10 | F Score of init pool: [0.7003891050583656, 0.7359735973597359, 0.7795031055900621, 0.5799256505576209, 0.5881261595547309, 0.7550200803212852, 0.7477840451248993, 0.748201438848921, 0.6080691642651297, 0.5980392156862746]
2018-12-12 13:35:43,100 jruby-1.4.0 | new F: 0.7783849423193686 budget 2
2018-12-12 13:35:51,871 columba-1.4-src | F Score of init pool: [0.7212622088655146, 0.7775280898876404, 0.7610350076103501, 0.6190476190476191, 0.6104901117798796, 0.7409126063418406, 0.761904761904762, 0.7371647509578544, 0.594632768361582, 0.5629731589814178]
2018-12-12 13:36:25,947 argouml | new F: 0.8387715930902112 budget 6
2018-12-12 13:37:02,464 jEdit-4.2 | Eval: 10
2018-12-12 13:37:32,205 emf-2.4.1 | F Score of init pool: [0.7366104181951577, 0.8363636363636363, 0.8260254596888259, 0.6455284552845528, 0.6492659053833606, 0.7994186046511628, 0.8032069970845481, 0.8125, 0.6720647773279351, 0.6249176005273567]
2018-12-12 13:38:10,771 jruby-1.4.0 | Eval: 14
2018-12-12 13:38:16,281 jEdit-4.2 | Optimized F Score for fold 2: 0.30434782608695654
2018-12-12 13:38:16,284 jEdit-4.2 | Starting a fold
2018-12-12 13:40:16,762 argouml | new F: 0.8546341463414634 budget 5
2018-12-12 13:40:40,212 jruby-1.4.0 | Optimized F Score for fold 1: 0.8896265560165975
2018-12-12 13:40:40,215 jruby-1.4.0 | Starting a fold
2018-12-12 13:42:02,461 apache-jmeter-2.10 | new F: 0.7850467289719627 budget 6
2018-12-12 13:44:14,410 apache-jmeter-2.10 | new F: 0.7906614785992218 budget 5
2018-12-12 13:45:29,260 apache-ant-1.7.0 | F Score of init pool: [0.6681614349775785, 0.743764172335601, 0.7692307692307692, 0.5989847715736041, 0.6047700170357752, 0.7201210287443268, 0.7184615384615384, 0.7104072398190046, 0.5808538163001293, 0.5512010113780026]
2018-12-12 13:46:24,317 argouml | Eval: 12
2018-12-12 13:47:19,054 argouml | Optimized F Score for fold 3: 0.8396729470316388
2018-12-12 13:47:19,056 argouml | Starting a fold
2018-12-12 13:47:31,399 emf-2.4.1 | new F: 0.8379888268156425 budget 6
2018-12-12 13:47:59,008 apache-jmeter-2.10 | Eval: 12
2018-12-12 13:48:27,106 apache-jmeter-2.10 | Optimized F Score for fold 2: 0.7576197387518143
2018-12-12 13:48:27,108 apache-jmeter-2.10 | Starting a fold
2018-12-12 13:50:54,853 columba-1.4-src | Eval: 10
2018-12-12 13:52:35,607 columba-1.4-src | Optimized F Score for fold 2: 0.8910891089108911
2018-12-12 13:52:35,612 columba-1.4-src | Starting a fold
2018-12-12 13:53:27,280 emf-2.4.1 | Eval: 11
2018-12-12 13:54:35,450 emf-2.4.1 | Optimized F Score for fold 2: 0.42105263157894735
2018-12-12 13:54:35,452 emf-2.4.1 | Starting a fold
2018-12-12 13:57:34,377 sql12 | F Score of init pool: [0.725552050473186, 0.81226626776365, 0.8024132730015083, 0.6458333333333333, 0.6558497011101622, 0.767080745341615, 0.771875, 0.7884322678843226, 0.6378066378066378, 0.6026845637583892]
2018-12-12 13:58:39,860 apache-ant-1.7.0 | new F: 0.7727609178386381 budget 3
2018-12-12 13:59:56,091 apache-ant-1.7.0 | Eval: 11
2018-12-12 14:00:30,067 apache-ant-1.7.0 | Optimized F Score for fold 2: 0.3536585365853659
2018-12-12 14:00:30,068 apache-ant-1.7.0 | Starting a fold
2018-12-12 14:02:00,710 jEdit-4.2 | F Score of init pool: [0.7525622254758418, 0.7472035794183446, 0.7585185185185185, 0.7522255192878339, 0.6471710108073745, 0.696949152542373, 0.6480659480025365, 0.7651296829971181, 0.7154843630816171, 0.7193916349809886]
2018-12-12 14:02:56,734 sql12 | new F: 0.8123123123123124 budget 9
2018-12-12 14:03:10,044 jEdit-4.2 | new F: 0.7663551401869159 budget 11
2018-12-12 14:04:26,758 jruby-1.4.0 | F Score of init pool: [0.7692307692307693, 0.8481595092024539, 0.8448275862068966, 0.7059843885516045, 0.7225130890052356, 0.8284202569916855, 0.8337095560571858, 0.8183873398643557, 0.5551232166018158, 0.5421836228287842]
2018-12-12 14:05:50,628 argouml | F Score of init pool: [0.75564681724846, 0.7523124357656732, 0.7523316062176166, 0.6673003802281369, 0.7325702393340271, 0.5693251533742332, 0.7551020408163265, 0.681255946717412, 0.7560209424083769, 0.757700205338809]
2018-12-12 14:08:10,254 argouml | new F: 0.7607105538140022 budget 10
2018-12-12 14:09:37,971 jEdit-4.2 | new F: 0.7678832116788321 budget 8
2018-12-12 14:10:21,325 argouml | new F: 0.7656903765690376 budget 9
2018-12-12 14:10:40,413 sql12 | new F: 0.8158682634730539 budget 3
2018-12-12 14:12:15,270 sql12 | Eval: 12
2018-12-12 14:12:30,041 apache-jmeter-2.10 | F Score of init pool: [0.6514382402707275, 0.6312178387650086, 0.629853321829163, 0.6565656565656566, 0.4500393391030684, 0.5949470252648736, 0.4512578616352202, 0.661641541038526, 0.601063829787234, 0.6047745358090185]
2018-12-12 14:12:57,112 sql12 | Optimized F Score for fold 2: 0.6255506607929515
2018-12-12 14:12:57,113 sql12 | Starting a fold
2018-12-12 14:16:17,888 jruby-1.4.0 | Eval: 10
2018-12-12 14:17:02,324 jEdit-4.2 | Eval: 12
2018-12-12 14:17:20,047 jruby-1.4.0 | Optimized F Score for fold 2: 0.90311986863711
2018-12-12 14:17:20,048 jruby-1.4.0 | Starting a fold
2018-12-12 14:17:29,143 jEdit-4.2 | Optimized F Score for fold 3: 0.2792207792207792
2018-12-12 14:17:29,145 jEdit-4.2 | Starting a fold
2018-12-12 14:17:59,809 argouml | new F: 0.7664921465968585 budget 5
2018-12-12 14:18:17,855 columba-1.4-src | F Score of init pool: [0.6565008025682183, 0.6355446355446356, 0.6267664172901081, 0.6624, 0.5720399429386591, 0.6153846153846154, 0.5720399429386591, 0.6688, 0.6143572621035058, 0.6189683860232945]
2018-12-12 14:20:23,449 emf-2.4.1 | F Score of init pool: [0.6598425196850395, 0.6449044585987261, 0.6381260096930532, 0.6666666666666666, 0.5706293706293706, 0.629742033383915, 0.5706293706293706, 0.6734534064212999, 0.6216436126932465, 0.6238830219333875]
2018-12-12 14:21:21,186 columba-1.4-src | new F: 0.6762132060461417 budget 10
2018-12-12 14:23:30,470 argouml | Eval: 13
2018-12-12 14:24:20,918 argouml | Optimized F Score for fold 4: 0.841094916459296
2018-12-12 14:24:20,954 END CROSS PROJECT=====
2018-12-12 14:25:10,247 apache-ant-1.7.0 | F Score of init pool: [0.6474820143884892, 0.628992628992629, 0.6331409727947239, 0.6506024096385543, 0.5598866052445074, 0.609831029185868, 0.56113074204947, 0.6613162118780097, 0.6069651741293532, 0.6069651741293532]
2018-12-12 14:31:04,672 columba-1.4-src | Eval: 11
2018-12-12 14:31:57,515 columba-1.4-src | Optimized F Score for fold 3: 0.8798076923076924
2018-12-12 14:31:57,516 columba-1.4-src | Starting a fold
2018-12-12 14:32:26,834 sql12 | F Score of init pool: [0.6861435726210351, 0.6643952299829643, 0.6609442060085837, 0.686817800167926, 0.6807817589576548, 0.6878565607171964, 0.6780766096169518, 0.6903973509933774, 0.6338028169014085, 0.635004397537379]
2018-12-12 14:32:32,622 apache-jmeter-2.10 | Eval: 10
2018-12-12 14:33:12,235 apache-jmeter-2.10 | Optimized F Score for fold 3: 0.7839771101573677
2018-12-12 14:33:12,237 apache-jmeter-2.10 | Starting a fold
2018-12-12 14:35:29,354 emf-2.4.1 | Eval: 10
2018-12-12 14:36:15,162 emf-2.4.1 | Optimized F Score for fold 3: 0.43421052631578944
2018-12-12 14:36:15,162 emf-2.4.1 | Starting a fold
2018-12-12 14:37:21,847 apache-ant-1.7.0 | Eval: 10
2018-12-12 14:38:07,012 apache-ant-1.7.0 | Optimized F Score for fold 3: 0.3536585365853659
2018-12-12 14:38:07,013 apache-ant-1.7.0 | Starting a fold
2018-12-12 14:39:05,411 jEdit-4.2 | F Score of init pool: [0.7991038088125466, 0.789237668161435, 0.7964071856287426, 0.6711772665764546, 0.723559445660102, 0.5425925925925926, 0.7964205816554809, 0.6639061421670117, 0.789594491201224, 0.7885196374622356]
2018-12-12 14:39:27,019 sql12 | new F: 0.6925619834710743 budget 7
2018-12-12 14:39:38,934 jruby-1.4.0 | F Score of init pool: [0.6990116801437557, 0.6946216955332726, 0.7157129881925522, 0.7144136078782454, 0.6934763181411976, 0.7035714285714285, 0.6911369740376008, 0.7413945278022948, 0.6529080675422139, 0.6679035250463823]
2018-12-12 14:41:20,233 sql12 | new F: 0.7022149302707137 budget 6
2018-12-12 14:44:05,954 jEdit-4.2 | new F: 0.800599700149925 budget 10
2018-12-12 14:44:49,066 sql12 | new F: 0.7064595257563367 budget 3
2018-12-12 14:46:12,924 sql12 | Eval: 13
2018-12-12 14:46:51,895 jruby-1.4.0 | Eval: 10
2018-12-12 14:46:57,747 sql12 | Optimized F Score for fold 3: 0.612691466083151
2018-12-12 14:46:57,748 sql12 | Starting a fold
2018-12-12 14:47:34,698 jruby-1.4.0 | Optimized F Score for fold 3: 0.8827470686767169
2018-12-12 14:47:34,699 jruby-1.4.0 | Starting a fold
2018-12-12 14:50:17,555 jEdit-4.2 | new F: 0.8069919883466861 budget 7
2018-12-12 14:54:27,144 apache-jmeter-2.10 | F Score of init pool: [0.7981790591805766, 0.7960426179604263, 0.7984732824427481, 0.6599326599326599, 0.6938181818181818, 0.5296367112810707, 0.8015151515151516, 0.6557377049180328, 0.7884914463452567, 0.7972456006120887]
2018-12-12 14:54:54,774 columba-1.4-src | F Score of init pool: [0.7927170868347337, 0.791899441340782, 0.7969187675070029, 0.6632911392405063, 0.7058823529411764, 0.5475152571926765, 0.7921896792189679, 0.6352040816326531, 0.7945402298850576, 0.7935165609584214]
2018-12-12 14:55:59,852 apache-jmeter-2.10 | new F: 0.8100303951367781 budget 11
2018-12-12 14:58:39,871 jEdit-4.2 | new F: 0.809315866084425 budget 2
2018-12-12 14:58:41,036 emf-2.4.1 | F Score of init pool: [0.7999999999999999, 0.7813570938999315, 0.7867950481430538, 0.6290018832391714, 0.7059629883481835, 0.48892825509300264, 0.7978290366350068, 0.6558651976668826, 0.7955493741307371, 0.7961696306429548]
2018-12-12 14:59:18,542 jEdit-4.2 | Eval: 13
2018-12-12 15:00:17,843 jEdit-4.2 | Optimized F Score for fold 4: 0.28846153846153844
2018-12-12 15:00:17,895 END CROSS PROJECT=====
2018-12-12 15:00:35,042 columba-1.4-src | new F: 0.7999999999999999 budget 10
2018-12-12 15:01:00,161 apache-ant-1.7.0 | F Score of init pool: [0.8024439918533606, 0.786547700754976, 0.793127147766323, 0.6125150421179302, 0.6868547832071575, 0.506108202443281, 0.8021680216802168, 0.6343949044585987, 0.797212543554007, 0.8027303754266212]
2018-12-12 15:01:20,558 emf-2.4.1 | new F: 0.8005409060175794 budget 10
2018-12-12 15:04:15,412 apache-ant-1.7.0 | new F: 0.8067796610169491 budget 10
2018-12-12 15:04:38,919 emf-2.4.1 | new F: 0.8093599449415003 budget 8
2018-12-12 15:06:40,748 jruby-1.4.0 | F Score of init pool: [0.5534351145038168, 0.5652582159624413, 0.5560882070949185, 0.5108877721943048, 0.5074906367041198, 0.3554083885209713, 0.5695488721804511, 0.49748743718592964, 0.5257936507936508, 0.55]
2018-12-12 15:07:29,422 sql12 | F Score of init pool: [0.8155216284987278, 0.79875, 0.8446215139442229, 0.7414372061786433, 0.7715458276333788, 0.6225614927905004, 0.8297455968688846, 0.7308474576271187, 0.826963168867269, 0.8253131179960448]
2018-12-12 15:10:02,996 emf-2.4.1 | Eval: 12
2018-12-12 15:10:41,952 emf-2.4.1 | Optimized F Score for fold 4: 0.43421052631578944
2018-12-12 15:10:42,006 END CROSS PROJECT=====
2018-12-12 15:11:15,791 apache-jmeter-2.10 | Eval: 11
2018-12-12 15:11:44,921 apache-ant-1.7.0 | new F: 0.8093599449415004 budget 7
2018-12-12 15:12:28,430 apache-jmeter-2.10 | Optimized F Score for fold 4: 0.7738998482549316
2018-12-12 15:12:28,455 END CROSS PROJECT=====
2018-12-12 15:21:05,484 columba-1.4-src | Eval: 11
2018-12-12 15:23:27,006 columba-1.4-src | Optimized F Score for fold 4: 0.8910411622276029
2018-12-12 15:23:27,029 END CROSS PROJECT=====
2018-12-12 15:23:52,468 jruby-1.4.0 | Eval: 10
2018-12-12 15:24:10,820 apache-ant-1.7.0 | new F: 0.8123287671232876 budget 2
2018-12-12 15:24:46,723 apache-ant-1.7.0 | Eval: 13
2018-12-12 15:25:14,645 sql12 | new F: 0.8466175485599465 budget 4
2018-12-12 15:25:31,825 jruby-1.4.0 | Optimized F Score for fold 4: 0.8795379537953796
2018-12-12 15:25:31,851 END CROSS PROJECT=====
2018-12-12 15:26:02,974 apache-ant-1.7.0 | Optimized F Score for fold 4: 0.36686390532544383
2018-12-12 15:26:02,993 END CROSS PROJECT=====
