2018-12-11 23:11:06,668 DATASET: apache-ant-1.7.0 | MAX_FEATURE: None | STOP_WORDS: english | FOLD: 5 | POOL_SIZE: 100000 | INIT_POOL: 10 | BUDGET: 10 | SINGLE_PROJ_FOLD: 5
2018-12-11 23:11:06,678 apache-ant-1.7.0 | FOLD: 0 | FRAC: 0.3
2018-12-11 23:11:06,679 apache-ant-1.7.0 | TRAINING DATA: TRUE: 90 | FALSE: 2778
2018-12-11 23:11:06,679 apache-ant-1.7.0 | TEST DATA: TRUE: 41 | FALSE: 1189
2018-12-11 23:11:06,765 DATASET: apache-jmeter-2.10 | MAX_FEATURE: None | STOP_WORDS: english | FOLD: 5 | POOL_SIZE: 100000 | INIT_POOL: 10 | BUDGET: 10 | SINGLE_PROJ_FOLD: 5
2018-12-11 23:11:06,785 apache-ant-1.7.0 | Starting our 5 fold cross validation for apache-ant-1.7.0
2018-12-11 23:11:06,789 apache-jmeter-2.10 | FOLD: 0 | FRAC: 0.3
2018-12-11 23:11:06,792 apache-jmeter-2.10 | TRAINING DATA: TRUE: 257 | FALSE: 5382
2018-12-11 23:11:06,792 apache-jmeter-2.10 | TEST DATA: TRUE: 117 | FALSE: 2301
2018-12-11 23:11:06,795 apache-ant-1.7.0 | Starting a fold
2018-12-11 23:11:06,967 apache-jmeter-2.10 | Starting our 5 fold cross validation for apache-jmeter-2.10
2018-12-11 23:11:06,990 apache-jmeter-2.10 | Starting a fold
2018-12-11 23:11:07,001 DATASET: argouml | MAX_FEATURE: None | STOP_WORDS: english | FOLD: 5 | POOL_SIZE: 100000 | INIT_POOL: 10 | BUDGET: 10 | SINGLE_PROJ_FOLD: 5
2018-12-11 23:11:07,018 argouml | FOLD: 0 | FRAC: 0.3
2018-12-11 23:11:07,018 argouml | TRAINING DATA: TRUE: 995 | FALSE: 5621
2018-12-11 23:11:07,018 argouml | TEST DATA: TRUE: 418 | FALSE: 2418
2018-12-11 23:11:07,202 DATASET: columba-1.4-src | MAX_FEATURE: None | STOP_WORDS: english | FOLD: 5 | POOL_SIZE: 100000 | INIT_POOL: 10 | BUDGET: 10 | SINGLE_PROJ_FOLD: 5
2018-12-11 23:11:07,217 columba-1.4-src | FOLD: 0 | FRAC: 0.3
2018-12-11 23:11:07,217 columba-1.4-src | TRAINING DATA: TRUE: 135 | FALSE: 4392
2018-12-11 23:11:07,218 columba-1.4-src | TEST DATA: TRUE: 69 | FALSE: 1872
2018-12-11 23:11:07,282 argouml | Starting our 5 fold cross validation for argouml
2018-12-11 23:11:07,303 argouml | Starting a fold
2018-12-11 23:11:07,320 columba-1.4-src | Starting our 5 fold cross validation for columba-1.4-src
2018-12-11 23:11:07,328 columba-1.4-src | Starting a fold
2018-12-11 23:11:07,336 DATASET: emf-2.4.1 | MAX_FEATURE: None | STOP_WORDS: english | FOLD: 5 | POOL_SIZE: 100000 | INIT_POOL: 10 | BUDGET: 10 | SINGLE_PROJ_FOLD: 5
2018-12-11 23:11:07,346 emf-2.4.1 | FOLD: 0 | FRAC: 0.3
2018-12-11 23:11:07,346 emf-2.4.1 | TRAINING DATA: TRUE: 71 | FALSE: 3002
2018-12-11 23:11:07,347 emf-2.4.1 | TEST DATA: TRUE: 33 | FALSE: 1284
2018-12-11 23:11:07,450 emf-2.4.1 | Starting our 5 fold cross validation for emf-2.4.1
2018-12-11 23:11:07,460 emf-2.4.1 | Starting a fold
2018-12-11 23:11:07,541 DATASET: hibernate-distribution-3.3.2.GA | MAX_FEATURE: None | STOP_WORDS: english | FOLD: 5 | POOL_SIZE: 100000 | INIT_POOL: 10 | BUDGET: 10 | SINGLE_PROJ_FOLD: 5
2018-12-11 23:11:07,551 hibernate-distribution-3.3.2.GA | FOLD: 0 | FRAC: 0.3
2018-12-11 23:11:07,551 hibernate-distribution-3.3.2.GA | TRAINING DATA: TRUE: 322 | FALSE: 1755
2018-12-11 23:11:07,551 hibernate-distribution-3.3.2.GA | TEST DATA: TRUE: 150 | FALSE: 741
2018-12-11 23:11:07,606 DATASET: jEdit-4.2 | MAX_FEATURE: None | STOP_WORDS: english | FOLD: 5 | POOL_SIZE: 100000 | INIT_POOL: 10 | BUDGET: 10 | SINGLE_PROJ_FOLD: 5
2018-12-11 23:11:07,622 hibernate-distribution-3.3.2.GA | Starting our 5 fold cross validation for hibernate-distribution-3.3.2.GA
2018-12-11 23:11:07,622 jEdit-4.2 | FOLD: 0 | FRAC: 0.3
2018-12-11 23:11:07,622 jEdit-4.2 | TRAINING DATA: TRUE: 187 | FALSE: 7038
2018-12-11 23:11:07,622 jEdit-4.2 | TEST DATA: TRUE: 69 | FALSE: 3028
2018-12-11 23:11:07,629 hibernate-distribution-3.3.2.GA | Starting a fold
2018-12-11 23:11:07,757 jEdit-4.2 | Starting our 5 fold cross validation for jEdit-4.2
2018-12-11 23:11:07,779 jEdit-4.2 | Starting a fold
2018-12-11 23:11:07,967 DATASET: jfreechart-1.0.19 | MAX_FEATURE: None | STOP_WORDS: english | FOLD: 5 | POOL_SIZE: 100000 | INIT_POOL: 10 | BUDGET: 10 | SINGLE_PROJ_FOLD: 5
2018-12-11 23:11:07,975 jfreechart-1.0.19 | FOLD: 0 | FRAC: 0.3
2018-12-11 23:11:07,975 jfreechart-1.0.19 | TRAINING DATA: TRUE: 145 | FALSE: 2940
2018-12-11 23:11:07,976 jfreechart-1.0.19 | TEST DATA: TRUE: 64 | FALSE: 1259
2018-12-11 23:11:08,046 jfreechart-1.0.19 | Starting our 5 fold cross validation for jfreechart-1.0.19
2018-12-11 23:11:08,058 jfreechart-1.0.19 | Starting a fold
2018-12-11 23:11:09,010 apache-ant-1.7.0 | F Score of init pool: [0.19999999999999998, 0.2962962962962963, 0.2857142857142857, 0.10526315789473684, 0.3333333333333333, 0.10526315789473684, 0.2857142857142857, 0.24, 0.10526315789473684, 0.3636363636363636]
2018-12-11 23:11:09,227 emf-2.4.1 | F Score of init pool: [0.608695652173913, 0.56, 0.56, 0.608695652173913, 0.56, 0.608695652173913, 0.608695652173913, 0.5833333333333334, 0.608695652173913, 0.56]
2018-12-11 23:11:09,797 jfreechart-1.0.19 | F Score of init pool: [0.8461538461538461, 0.8135593220338982, 0.7924528301886793, 0.8400000000000001, 0.8461538461538461, 0.8400000000000001, 0.8627450980392156, 0.7924528301886793, 0.8400000000000001, 0.8679245283018867]
2018-12-11 23:11:10,103 columba-1.4-src | F Score of init pool: [0.7555555555555556, 0.6122448979591836, 0.6415094339622641, 0.7555555555555556, 0.6399999999999999, 0.7083333333333334, 0.7346938775510203, 0.7058823529411765, 0.7391304347826088, 0.7346938775510203]
2018-12-11 23:11:10,385 hibernate-distribution-3.3.2.GA | F Score of init pool: [0.831858407079646, 0.6031746031746033, 0.7479674796747967, 0.7307692307692307, 0.5192307692307692, 0.7058823529411765, 0.7777777777777778, 0.7747747747747747, 0.7058823529411765, 0.8035714285714286]
2018-12-11 23:11:11,666 apache-jmeter-2.10 | F Score of init pool: [0.7058823529411764, 0.6326530612244897, 0.6734693877551019, 0.7142857142857143, 0.6222222222222222, 0.7142857142857143, 0.7126436781609196, 0.6593406593406593, 0.7142857142857143, 0.717391304347826]
2018-12-11 23:11:12,436 jEdit-4.2 | F Score of init pool: [0.3333333333333333, 0.5263157894736842, 0.5588235294117647, 0.3673469387755102, 0.5454545454545454, 0.3673469387755102, 0.5333333333333333, 0.5915492957746479, 0.3673469387755102, 0.5666666666666667]
2018-12-11 23:11:18,064 hibernate-distribution-3.3.2.GA | new F: 0.8620689655172413 budget 11
2018-12-11 23:11:18,464 DATASET: jruby-1.4.0 | MAX_FEATURE: None | STOP_WORDS: english | FOLD: 5 | POOL_SIZE: 100000 | INIT_POOL: 10 | BUDGET: 10 | SINGLE_PROJ_FOLD: 5
2018-12-11 23:11:18,477 jruby-1.4.0 | FOLD: 0 | FRAC: 0.3
2018-12-11 23:11:18,477 jruby-1.4.0 | TRAINING DATA: TRUE: 428 | FALSE: 2999
2018-12-11 23:11:18,477 jruby-1.4.0 | TEST DATA: TRUE: 194 | FALSE: 1276
2018-12-11 23:11:18,596 jruby-1.4.0 | Starting our 5 fold cross validation for jruby-1.4.0
2018-12-11 23:11:18,610 jruby-1.4.0 | Starting a fold
2018-12-11 23:11:18,971 apache-ant-1.7.0 | Eval: 10
2018-12-11 23:11:19,152 apache-ant-1.7.0 | Optimized F Score for fold 0: 0.4210526315789473
2018-12-11 23:11:19,152 apache-ant-1.7.0 | Starting a fold
2018-12-11 23:11:19,641 jfreechart-1.0.19 | Eval: 10
2018-12-11 23:11:19,784 jfreechart-1.0.19 | Optimized F Score for fold 0: 0.9268292682926829
2018-12-11 23:11:19,785 jfreechart-1.0.19 | Starting a fold
2018-12-11 23:11:20,819 columba-1.4-src | new F: 0.8085106382978724 budget 4
2018-12-11 23:11:21,786 apache-jmeter-2.10 | new F: 0.7356321839080461 budget 8
2018-12-11 23:11:21,792 columba-1.4-src | Eval: 11
2018-12-11 23:11:21,833 hibernate-distribution-3.3.2.GA | Eval: 11
2018-12-11 23:11:22,005 columba-1.4-src | Optimized F Score for fold 0: 0.8372093023255814
2018-12-11 23:11:22,005 columba-1.4-src | Starting a fold
2018-12-11 23:11:22,065 hibernate-distribution-3.3.2.GA | Optimized F Score for fold 0: 0.8150943396226416
2018-12-11 23:11:22,066 hibernate-distribution-3.3.2.GA | Starting a fold
2018-12-11 23:11:22,162 jfreechart-1.0.19 | F Score of init pool: [0.8679245283018867, 0.8421052631578947, 0.75, 0.7659574468085107, 0.7659574468085107, 0.8163265306122449, 0.888888888888889, 0.7659574468085107, 0.8400000000000001, 0.8163265306122449]
2018-12-11 23:11:22,266 jEdit-4.2 | new F: 0.5970149253731344 budget 8
2018-12-11 23:11:22,491 apache-ant-1.7.0 | F Score of init pool: [0.4444444444444444, 0.47058823529411764, 0.3846153846153846, 0.10526315789473684, 0.10526315789473684, 0.3846153846153846, 0.46153846153846156, 0.10526315789473684, 0.2608695652173913, 0.1818181818181818]
2018-12-11 23:11:22,996 jruby-1.4.0 | F Score of init pool: [0.8461538461538461, 0.7826086956521738, 0.7848101265822784, 0.8441558441558441, 0.858974358974359, 0.8441558441558441, 0.8516129032258064, 0.8205128205128205, 0.8441558441558441, 0.8516129032258064]
2018-12-11 23:11:25,180 argouml | F Score of init pool: [0.8647214854111406, 0.6632390745501285, 0.6940874035989717, 0.8517520215633423, 0.7065217391304348, 0.8579088471849866, 0.8494623655913979, 0.7506426735218509, 0.8548387096774193, 0.7757255936675462]
2018-12-11 23:11:25,409 jEdit-4.2 | Eval: 11
2018-12-11 23:11:25,426 hibernate-distribution-3.3.2.GA | F Score of init pool: [0.7521367521367521, 0.6611570247933884, 0.5641025641025641, 0.7407407407407407, 0.7407407407407407, 0.6610169491525424, 0.7433628318584071, 0.7407407407407407, 0.7272727272727274, 0.7272727272727274]
2018-12-11 23:11:25,664 columba-1.4-src | F Score of init pool: [0.9019607843137256, 0.830188679245283, 0.6956521739130435, 0.8085106382978724, 0.7555555555555556, 0.7391304347826088, 0.9019607843137256, 0.8085106382978724, 0.8085106382978724, 0.8333333333333334]
2018-12-11 23:11:25,822 jEdit-4.2 | Optimized F Score for fold 0: 0.5467625899280575
2018-12-11 23:11:25,823 jEdit-4.2 | Starting a fold
2018-12-11 23:11:26,386 apache-jmeter-2.10 | Eval: 11
2018-12-11 23:11:27,112 apache-jmeter-2.10 | Optimized F Score for fold 0: 0.7745098039215687
2018-12-11 23:11:27,112 apache-jmeter-2.10 | Starting a fold
2018-12-11 23:11:31,280 apache-ant-1.7.0 | new F: 0.5 budget 11
2018-12-11 23:11:31,625 jfreechart-1.0.19 | new F: 0.8928571428571429 budget 8
2018-12-11 23:11:32,271 DATASET: sql12 | MAX_FEATURE: None | STOP_WORDS: english | FOLD: 5 | POOL_SIZE: 100000 | INIT_POOL: 10 | BUDGET: 10 | SINGLE_PROJ_FOLD: 5
2018-12-11 23:11:32,327 sql12 | FOLD: 0 | FRAC: 0.3
2018-12-11 23:11:32,327 sql12 | TRAINING DATA: TRUE: 200 | FALSE: 4850
2018-12-11 23:11:32,327 sql12 | TEST DATA: TRUE: 86 | FALSE: 2079
2018-12-11 23:12:12,008 DATASET: apache-ant-1.7.0 | MAX_FEATURE: None | STOP_WORDS: english | FOLD: 5 | POOL_SIZE: 100000 | INIT_POOL: 10 | BUDGET: 10 | SINGLE_PROJ_FOLD: 5
2018-12-11 23:12:12,033 apache-ant-1.7.0 | FOLD: 0 | FRAC: 0.3
2018-12-11 23:12:12,033 apache-ant-1.7.0 | TRAINING DATA: TRUE: 92 | FALSE: 2776
2018-12-11 23:12:12,033 apache-ant-1.7.0 | TEST DATA: TRUE: 39 | FALSE: 1191
2018-12-11 23:12:12,166 DATASET: apache-jmeter-2.10 | MAX_FEATURE: None | STOP_WORDS: english | FOLD: 5 | POOL_SIZE: 100000 | INIT_POOL: 10 | BUDGET: 10 | SINGLE_PROJ_FOLD: 5
2018-12-11 23:12:12,191 apache-jmeter-2.10 | FOLD: 0 | FRAC: 0.3
2018-12-11 23:12:12,191 apache-jmeter-2.10 | TRAINING DATA: TRUE: 267 | FALSE: 5372
2018-12-11 23:12:12,191 apache-jmeter-2.10 | TEST DATA: TRUE: 107 | FALSE: 2311
2018-12-11 23:12:12,453 DATASET: argouml | MAX_FEATURE: None | STOP_WORDS: english | FOLD: 5 | POOL_SIZE: 100000 | INIT_POOL: 10 | BUDGET: 10 | SINGLE_PROJ_FOLD: 5
2018-12-11 23:12:12,486 argouml | FOLD: 0 | FRAC: 0.3
2018-12-11 23:12:12,486 argouml | TRAINING DATA: TRUE: 990 | FALSE: 5626
2018-12-11 23:12:12,487 argouml | TEST DATA: TRUE: 423 | FALSE: 2413
2018-12-11 23:12:12,701 DATASET: columba-1.4-src | MAX_FEATURE: None | STOP_WORDS: english | FOLD: 5 | POOL_SIZE: 100000 | INIT_POOL: 10 | BUDGET: 10 | SINGLE_PROJ_FOLD: 5
2018-12-11 23:12:12,733 columba-1.4-src | FOLD: 0 | FRAC: 0.3
2018-12-11 23:12:12,734 columba-1.4-src | TRAINING DATA: TRUE: 148 | FALSE: 4379
2018-12-11 23:12:12,734 columba-1.4-src | TEST DATA: TRUE: 56 | FALSE: 1885
2018-12-11 23:12:12,896 DATASET: emf-2.4.1 | MAX_FEATURE: None | STOP_WORDS: english | FOLD: 5 | POOL_SIZE: 100000 | INIT_POOL: 10 | BUDGET: 10 | SINGLE_PROJ_FOLD: 5
2018-12-11 23:12:12,922 emf-2.4.1 | FOLD: 0 | FRAC: 0.3
2018-12-11 23:12:12,922 emf-2.4.1 | TRAINING DATA: TRUE: 76 | FALSE: 2997
2018-12-11 23:12:12,922 emf-2.4.1 | TEST DATA: TRUE: 28 | FALSE: 1289
2018-12-11 23:12:13,155 DATASET: hibernate-distribution-3.3.2.GA | MAX_FEATURE: None | STOP_WORDS: english | FOLD: 5 | POOL_SIZE: 100000 | INIT_POOL: 10 | BUDGET: 10 | SINGLE_PROJ_FOLD: 5
2018-12-11 23:12:13,163 hibernate-distribution-3.3.2.GA | FOLD: 0 | FRAC: 0.3
2018-12-11 23:12:13,163 hibernate-distribution-3.3.2.GA | TRAINING DATA: TRUE: 325 | FALSE: 1752
2018-12-11 23:12:13,164 hibernate-distribution-3.3.2.GA | TEST DATA: TRUE: 147 | FALSE: 744
2018-12-11 23:12:13,207 DATASET: jEdit-4.2 | MAX_FEATURE: None | STOP_WORDS: english | FOLD: 5 | POOL_SIZE: 100000 | INIT_POOL: 10 | BUDGET: 10 | SINGLE_PROJ_FOLD: 5
2018-12-11 23:12:13,227 jEdit-4.2 | FOLD: 0 | FRAC: 0.3
2018-12-11 23:12:13,227 jEdit-4.2 | TRAINING DATA: TRUE: 172 | FALSE: 7053
2018-12-11 23:12:13,228 jEdit-4.2 | TEST DATA: TRUE: 84 | FALSE: 3013
2018-12-11 23:12:13,789 DATASET: jfreechart-1.0.19 | MAX_FEATURE: None | STOP_WORDS: english | FOLD: 5 | POOL_SIZE: 100000 | INIT_POOL: 10 | BUDGET: 10 | SINGLE_PROJ_FOLD: 5
2018-12-11 23:12:13,797 jfreechart-1.0.19 | FOLD: 0 | FRAC: 0.3
2018-12-11 23:12:13,797 jfreechart-1.0.19 | TRAINING DATA: TRUE: 146 | FALSE: 2939
2018-12-11 23:12:13,797 jfreechart-1.0.19 | TEST DATA: TRUE: 63 | FALSE: 1260
2018-12-11 23:13:01,055 DATASET: apache-ant-1.7.0 | MAX_FEATURE: None | STOP_WORDS: english | FOLD: 5 | POOL_SIZE: 100000 | INIT_POOL: 10 | BUDGET: 10 | SINGLE_PROJ_FOLD: 5
2018-12-11 23:13:01,080 apache-ant-1.7.0 | FOLD: 0 | FRAC: 0.3
2018-12-11 23:13:01,080 apache-ant-1.7.0 | TRAINING DATA: TRUE: 85 | FALSE: 2783
2018-12-11 23:13:01,081 apache-ant-1.7.0 | TEST DATA: TRUE: 46 | FALSE: 1184
2018-12-11 23:13:01,298 apache-ant-1.7.0 | Starting our 5 fold cross validation for apache-ant-1.7.0
2018-12-11 23:13:01,309 apache-ant-1.7.0 | Starting a fold
2018-12-11 23:13:01,549 DATASET: columba-1.4-src | MAX_FEATURE: None | STOP_WORDS: english | FOLD: 5 | POOL_SIZE: 100000 | INIT_POOL: 10 | BUDGET: 10 | SINGLE_PROJ_FOLD: 5
2018-12-11 23:13:01,561 DATASET: apache-jmeter-2.10 | MAX_FEATURE: None | STOP_WORDS: english | FOLD: 5 | POOL_SIZE: 100000 | INIT_POOL: 10 | BUDGET: 10 | SINGLE_PROJ_FOLD: 5
2018-12-11 23:13:01,573 columba-1.4-src | FOLD: 0 | FRAC: 0.3
2018-12-11 23:13:01,573 columba-1.4-src | TRAINING DATA: TRUE: 141 | FALSE: 4386
2018-12-11 23:13:01,574 columba-1.4-src | TEST DATA: TRUE: 63 | FALSE: 1878
2018-12-11 23:13:01,591 apache-jmeter-2.10 | FOLD: 0 | FRAC: 0.3
2018-12-11 23:13:01,592 apache-jmeter-2.10 | TRAINING DATA: TRUE: 265 | FALSE: 5374
2018-12-11 23:13:01,592 apache-jmeter-2.10 | TEST DATA: TRUE: 109 | FALSE: 2309
2018-12-11 23:13:01,857 DATASET: emf-2.4.1 | MAX_FEATURE: None | STOP_WORDS: english | FOLD: 5 | POOL_SIZE: 100000 | INIT_POOL: 10 | BUDGET: 10 | SINGLE_PROJ_FOLD: 5
2018-12-11 23:13:01,869 DATASET: argouml | MAX_FEATURE: None | STOP_WORDS: english | FOLD: 5 | POOL_SIZE: 100000 | INIT_POOL: 10 | BUDGET: 10 | SINGLE_PROJ_FOLD: 5
2018-12-11 23:13:01,878 emf-2.4.1 | FOLD: 0 | FRAC: 0.3
2018-12-11 23:13:01,878 emf-2.4.1 | TRAINING DATA: TRUE: 70 | FALSE: 3003
2018-12-11 23:13:01,878 emf-2.4.1 | TEST DATA: TRUE: 34 | FALSE: 1283
2018-12-11 23:13:01,903 columba-1.4-src | Starting our 5 fold cross validation for columba-1.4-src
2018-12-11 23:13:01,911 argouml | FOLD: 0 | FRAC: 0.3
2018-12-11 23:13:01,911 argouml | TRAINING DATA: TRUE: 1003 | FALSE: 5613
2018-12-11 23:13:01,911 argouml | TEST DATA: TRUE: 410 | FALSE: 2426
2018-12-11 23:13:01,926 columba-1.4-src | Starting a fold
2018-12-11 23:13:02,048 apache-jmeter-2.10 | Starting our 5 fold cross validation for apache-jmeter-2.10
2018-12-11 23:13:02,077 apache-jmeter-2.10 | Starting a fold
2018-12-11 23:13:02,150 emf-2.4.1 | Starting our 5 fold cross validation for emf-2.4.1
2018-12-11 23:13:02,168 emf-2.4.1 | Starting a fold
2018-12-11 23:13:02,544 argouml | Starting our 5 fold cross validation for argouml
2018-12-11 23:13:02,573 argouml | Starting a fold
2018-12-11 23:13:02,892 DATASET: hibernate-distribution-3.3.2.GA | MAX_FEATURE: None | STOP_WORDS: english | FOLD: 5 | POOL_SIZE: 100000 | INIT_POOL: 10 | BUDGET: 10 | SINGLE_PROJ_FOLD: 5
2018-12-11 23:13:02,911 hibernate-distribution-3.3.2.GA | FOLD: 0 | FRAC: 0.3
2018-12-11 23:13:02,911 hibernate-distribution-3.3.2.GA | TRAINING DATA: TRUE: 332 | FALSE: 1745
2018-12-11 23:13:02,917 hibernate-distribution-3.3.2.GA | TEST DATA: TRUE: 140 | FALSE: 751
2018-12-11 23:13:03,137 hibernate-distribution-3.3.2.GA | Starting our 5 fold cross validation for hibernate-distribution-3.3.2.GA
2018-12-11 23:13:03,172 hibernate-distribution-3.3.2.GA | Starting a fold
2018-12-11 23:13:03,287 DATASET: jEdit-4.2 | MAX_FEATURE: None | STOP_WORDS: english | FOLD: 5 | POOL_SIZE: 100000 | INIT_POOL: 10 | BUDGET: 10 | SINGLE_PROJ_FOLD: 5
2018-12-11 23:13:03,335 jEdit-4.2 | FOLD: 0 | FRAC: 0.3
2018-12-11 23:13:03,335 jEdit-4.2 | TRAINING DATA: TRUE: 178 | FALSE: 7047
2018-12-11 23:13:03,336 jEdit-4.2 | TEST DATA: TRUE: 78 | FALSE: 3019
2018-12-11 23:13:03,847 jEdit-4.2 | Starting our 5 fold cross validation for jEdit-4.2
2018-12-11 23:13:03,896 jEdit-4.2 | Starting a fold
2018-12-11 23:13:04,021 DATASET: jfreechart-1.0.19 | MAX_FEATURE: None | STOP_WORDS: english | FOLD: 5 | POOL_SIZE: 100000 | INIT_POOL: 10 | BUDGET: 10 | SINGLE_PROJ_FOLD: 5
2018-12-11 23:13:04,040 jfreechart-1.0.19 | FOLD: 0 | FRAC: 0.3
2018-12-11 23:13:04,041 jfreechart-1.0.19 | TRAINING DATA: TRUE: 139 | FALSE: 2946
2018-12-11 23:13:04,041 jfreechart-1.0.19 | TEST DATA: TRUE: 70 | FALSE: 1253
2018-12-11 23:13:04,288 jfreechart-1.0.19 | Starting our 5 fold cross validation for jfreechart-1.0.19
2018-12-11 23:13:04,310 jfreechart-1.0.19 | Starting a fold
2018-12-11 23:13:06,253 apache-ant-1.7.0 | F Score of init pool: [0.10526315789473684, 0.0625, 0.14814814814814817, 0.10526315789473684, 0.08695652173913045, 0.10526315789473684, 0.10526315789473684, 0.16666666666666666, 0.10526315789473684, 0.0909090909090909]
2018-12-11 23:13:06,440 emf-2.4.1 | F Score of init pool: [0.6, 0.5384615384615384, 0.5833333333333334, 0.5714285714285714, 0.6086956521739131, 0.5714285714285714, 0.6363636363636364, 0.5, 0.5714285714285714, 0.6086956521739131]
2018-12-11 23:13:07,613 columba-1.4-src | F Score of init pool: [0.7346938775510204, 0.7241379310344829, 0.8214285714285715, 0.6511627906976745, 0.8076923076923076, 0.6818181818181819, 0.75, 0.8363636363636363, 0.6818181818181819, 0.8727272727272727]
2018-12-11 23:13:08,417 jfreechart-1.0.19 | F Score of init pool: [0.8163265306122449, 0.75, 0.7999999999999999, 0.7916666666666667, 0.84, 0.7916666666666667, 0.8163265306122449, 0.8214285714285714, 0.7916666666666667, 0.8163265306122449]
2018-12-11 23:13:09,348 hibernate-distribution-3.3.2.GA | F Score of init pool: [0.7931034482758622, 0.652482269503546, 0.7313432835820896, 0.75, 0.5811965811965812, 0.7719298245614035, 0.7543859649122806, 0.765625, 0.7610619469026548, 0.7967479674796748]
2018-12-11 23:13:10,567 apache-jmeter-2.10 | F Score of init pool: [0.8541666666666667, 0.6166666666666666, 0.6788990825688073, 0.8421052631578947, 0.8037383177570094, 0.8541666666666667, 0.8514851485148515, 0.7010309278350515, 0.8421052631578947, 0.819047619047619]
2018-12-11 23:13:13,495 jEdit-4.2 | F Score of init pool: [0.2857142857142857, 0.45454545454545453, 0.5079365079365079, 0.2857142857142857, 0.43137254901960786, 0.2857142857142857, 0.46808510638297873, 0.5263157894736842, 0.2857142857142857, 0.5]
2018-12-11 23:13:25,662 argouml | F Score of init pool: [0.8447837150127225, 0.6617283950617284, 0.6797066014669926, 0.8226221079691518, 0.7043010752688172, 0.8268733850129198, 0.8290155440414508, 0.7223587223587223, 0.8247422680412371, 0.7708333333333334]
2018-12-11 23:15:41,525 argouml | Eval: 10
2018-12-11 23:15:59,113 argouml | Optimized F Score for fold 0: 0.8455696202531645
2018-12-11 23:15:59,113 argouml | Starting a fold
2018-12-11 23:16:09,372 argouml | F Score of init pool: [0.8219895287958114, 0.7196029776674937, 0.7013698630136986, 0.8578811369509043, 0.8637532133676092, 0.7439353099730458, 0.7939698492462312, 0.8578811369509043, 0.8324607329842931, 0.84375]
2018-12-11 23:16:54,867 argouml | new F: 0.8666666666666666 budget 8
2018-12-11 23:18:42,166 DATASET: apache-jmeter-2.10 | MAX_FEATURE: None | STOP_WORDS: english | FOLD: 5 | POOL_SIZE: 100000 | INIT_POOL: 10 | BUDGET: 10 | SINGLE_PROJ_FOLD: 5
2018-12-11 23:18:42,203 apache-jmeter-2.10 | FOLD: 0 | FRAC: 0.3
2018-12-11 23:18:42,203 apache-jmeter-2.10 | TRAINING DATA: TRUE: 257 | FALSE: 5382
2018-12-11 23:18:42,203 apache-jmeter-2.10 | TEST DATA: TRUE: 117 | FALSE: 2301
2018-12-11 23:18:42,755 DATASET: apache-ant-1.7.0 | MAX_FEATURE: None | STOP_WORDS: english | FOLD: 5 | POOL_SIZE: 100000 | INIT_POOL: 10 | BUDGET: 10 | SINGLE_PROJ_FOLD: 5
2018-12-11 23:18:42,813 apache-ant-1.7.0 | FOLD: 0 | FRAC: 0.3
2018-12-11 23:18:42,813 apache-ant-1.7.0 | TRAINING DATA: TRUE: 98 | FALSE: 2770
2018-12-11 23:18:42,814 apache-ant-1.7.0 | TEST DATA: TRUE: 33 | FALSE: 1197
2018-12-11 23:18:42,829 apache-jmeter-2.10 | Starting our 5 fold cross validation for apache-jmeter-2.10
2018-12-11 23:18:42,868 apache-jmeter-2.10 | Starting a fold
2018-12-11 23:18:43,197 DATASET: emf-2.4.1 | MAX_FEATURE: None | STOP_WORDS: english | FOLD: 5 | POOL_SIZE: 100000 | INIT_POOL: 10 | BUDGET: 10 | SINGLE_PROJ_FOLD: 5
2018-12-11 23:18:43,225 emf-2.4.1 | FOLD: 0 | FRAC: 0.3
2018-12-11 23:18:43,225 emf-2.4.1 | TRAINING DATA: TRUE: 71 | FALSE: 3002
2018-12-11 23:18:43,225 emf-2.4.1 | TEST DATA: TRUE: 33 | FALSE: 1284
2018-12-11 23:18:43,233 apache-ant-1.7.0 | Starting our 5 fold cross validation for apache-ant-1.7.0
2018-12-11 23:18:43,290 apache-ant-1.7.0 | Starting a fold
2018-12-11 23:18:43,552 DATASET: argouml | MAX_FEATURE: None | STOP_WORDS: english | FOLD: 5 | POOL_SIZE: 100000 | INIT_POOL: 10 | BUDGET: 10 | SINGLE_PROJ_FOLD: 5
2018-12-11 23:18:43,591 argouml | FOLD: 0 | FRAC: 0.3
2018-12-11 23:18:43,591 argouml | TRAINING DATA: TRUE: 992 | FALSE: 5624
2018-12-11 23:18:43,592 argouml | TEST DATA: TRUE: 421 | FALSE: 2415
2018-12-11 23:18:43,626 emf-2.4.1 | Starting our 5 fold cross validation for emf-2.4.1
2018-12-11 23:18:43,644 emf-2.4.1 | Starting a fold
2018-12-11 23:18:43,726 DATASET: hibernate-distribution-3.3.2.GA | MAX_FEATURE: None | STOP_WORDS: english | FOLD: 5 | POOL_SIZE: 100000 | INIT_POOL: 10 | BUDGET: 10 | SINGLE_PROJ_FOLD: 5
2018-12-11 23:18:43,754 hibernate-distribution-3.3.2.GA | FOLD: 0 | FRAC: 0.3
2018-12-11 23:18:43,757 hibernate-distribution-3.3.2.GA | TRAINING DATA: TRUE: 316 | FALSE: 1761
2018-12-11 23:18:43,757 hibernate-distribution-3.3.2.GA | TEST DATA: TRUE: 156 | FALSE: 735
2018-12-11 23:18:43,920 DATASET: columba-1.4-src | MAX_FEATURE: None | STOP_WORDS: english | FOLD: 5 | POOL_SIZE: 100000 | INIT_POOL: 10 | BUDGET: 10 | SINGLE_PROJ_FOLD: 5
2018-12-11 23:18:43,972 columba-1.4-src | FOLD: 0 | FRAC: 0.3
2018-12-11 23:18:43,973 columba-1.4-src | TRAINING DATA: TRUE: 131 | FALSE: 4396
2018-12-11 23:18:43,973 columba-1.4-src | TEST DATA: TRUE: 73 | FALSE: 1868
2018-12-11 23:18:44,053 hibernate-distribution-3.3.2.GA | Starting our 5 fold cross validation for hibernate-distribution-3.3.2.GA
2018-12-11 23:18:44,070 hibernate-distribution-3.3.2.GA | Starting a fold
2018-12-11 23:18:44,558 columba-1.4-src | Starting our 5 fold cross validation for columba-1.4-src
2018-12-11 23:18:44,586 columba-1.4-src | Starting a fold
2018-12-11 23:18:44,674 argouml | Starting our 5 fold cross validation for argouml
2018-12-11 23:18:44,712 argouml | Starting a fold
2018-12-11 23:18:45,714 DATASET: jEdit-4.2 | MAX_FEATURE: None | STOP_WORDS: english | FOLD: 5 | POOL_SIZE: 100000 | INIT_POOL: 10 | BUDGET: 10 | SINGLE_PROJ_FOLD: 5
2018-12-11 23:18:45,768 jEdit-4.2 | FOLD: 0 | FRAC: 0.3
2018-12-11 23:18:45,768 jEdit-4.2 | TRAINING DATA: TRUE: 177 | FALSE: 7048
2018-12-11 23:18:45,769 jEdit-4.2 | TEST DATA: TRUE: 79 | FALSE: 3018
2018-12-11 23:18:46,613 jEdit-4.2 | Starting our 5 fold cross validation for jEdit-4.2
2018-12-11 23:18:46,661 jEdit-4.2 | Starting a fold
2018-12-11 23:18:48,436 DATASET: jfreechart-1.0.19 | MAX_FEATURE: None | STOP_WORDS: english | FOLD: 5 | POOL_SIZE: 100000 | INIT_POOL: 10 | BUDGET: 10 | SINGLE_PROJ_FOLD: 5
2018-12-11 23:18:48,479 jfreechart-1.0.19 | FOLD: 0 | FRAC: 0.3
2018-12-11 23:18:48,479 jfreechart-1.0.19 | TRAINING DATA: TRUE: 152 | FALSE: 2933
2018-12-11 23:18:48,479 jfreechart-1.0.19 | TEST DATA: TRUE: 57 | FALSE: 1266
2018-12-11 23:18:48,881 jfreechart-1.0.19 | Starting our 5 fold cross validation for jfreechart-1.0.19
2018-12-11 23:18:48,925 jfreechart-1.0.19 | Starting a fold
2018-12-11 23:18:50,016 emf-2.4.1 | F Score of init pool: [0.31578947368421056, 0.4, 0.3478260869565218, 0.33333333333333337, 0.31578947368421056, 0.33333333333333337, 0.33333333333333337, 0.28571428571428575, 0.33333333333333337, 0.28571428571428575]
2018-12-11 23:18:52,431 apache-ant-1.7.0 | F Score of init pool: [0.18181818181818182, 0.4090909090909091, 0.4736842105263158, 0.18181818181818182, 0.5454545454545455, 0.18181818181818182, 0.2608695652173913, 0.5806451612903226, 0.18181818181818182, 0.5161290322580645]
2018-12-11 23:18:52,918 hibernate-distribution-3.3.2.GA | F Score of init pool: [0.7047619047619048, 0.6386554621848739, 0.6434782608695652, 0.6799999999999999, 0.5742574257425742, 0.7058823529411765, 0.6862745098039216, 0.6902654867256638, 0.6666666666666666, 0.709090909090909]
2018-12-11 23:18:56,123 columba-1.4-src | F Score of init pool: [0.8076923076923077, 0.7547169811320754, 0.7333333333333333, 0.711111111111111, 0.6666666666666666, 0.6808510638297872, 0.72, 0.7857142857142857, 0.711111111111111, 0.8148148148148148]
2018-12-11 23:18:56,612 apache-jmeter-2.10 | F Score of init pool: [0.8260869565217392, 0.6930693069306932, 0.7010309278350516, 0.8131868131868132, 0.7766990291262137, 0.8172043010752689, 0.8085106382978723, 0.7311827956989247, 0.8043478260869567, 0.8200000000000001]
2018-12-11 23:18:57,731 jfreechart-1.0.19 | F Score of init pool: [0.8474576271186439, 0.7272727272727272, 0.8135593220338982, 0.8571428571428571, 0.8928571428571428, 0.8571428571428571, 0.8571428571428571, 0.8064516129032258, 0.8571428571428571, 0.8524590163934426]
2018-12-11 23:19:02,519 jEdit-4.2 | F Score of init pool: [0.3181818181818182, 0.45333333333333337, 0.4126984126984127, 0.26666666666666666, 0.39999999999999997, 0.29787234042553196, 0.41509433962264153, 0.39285714285714285, 0.2608695652173913, 0.4642857142857143]
2018-12-11 23:19:23,305 argouml | F Score of init pool: [0.8997429305912598, 0.6253101736972705, 0.6421568627450981, 0.8900523560209425, 0.7049180327868853, 0.8987012987012987, 0.8825065274151436, 0.7029702970297029, 0.8877284595300262, 0.7810026385224275]
2018-12-11 23:19:30,474 emf-2.4.1 | Eval: 10
2018-12-11 23:19:30,707 emf-2.4.1 | Optimized F Score for fold 0: 0.4000000000000001
2018-12-11 23:19:30,707 emf-2.4.1 | Starting a fold
2018-12-11 23:19:34,694 hibernate-distribution-3.3.2.GA | Eval: 10
2018-12-11 23:19:35,119 hibernate-distribution-3.3.2.GA | Optimized F Score for fold 0: 0.7793103448275862
2018-12-11 23:19:35,120 hibernate-distribution-3.3.2.GA | Starting a fold
2018-12-11 23:19:36,092 apache-ant-1.7.0 | new F: 0.6 budget 9
2018-12-11 23:19:36,975 DATASET: jruby-1.4.0 | MAX_FEATURE: None | STOP_WORDS: english | FOLD: 5 | POOL_SIZE: 100000 | INIT_POOL: 10 | BUDGET: 10 | SINGLE_PROJ_FOLD: 5
2018-12-11 23:19:37,006 jruby-1.4.0 | FOLD: 0 | FRAC: 0.3
2018-12-11 23:19:37,006 jruby-1.4.0 | TRAINING DATA: TRUE: 437 | FALSE: 2990
2018-12-11 23:19:37,006 jruby-1.4.0 | TEST DATA: TRUE: 185 | FALSE: 1285
2018-12-11 23:19:37,508 jruby-1.4.0 | Starting our 5 fold cross validation for jruby-1.4.0
2018-12-11 23:19:37,537 jruby-1.4.0 | Starting a fold
2018-12-11 23:33:15,051 DATASET: apache-ant-1.7.0 | MAX_FEATURE: None | STOP_WORDS: english | FOLD: 5 | POOL_SIZE: 100000 | INIT_POOL: 10 | BUDGET: 10 | SINGLE_PROJ_FOLD: 5
2018-12-11 23:33:15,072 apache-ant-1.7.0 | FOLD: 0 | FRAC: 0.3
2018-12-11 23:33:15,072 apache-ant-1.7.0 | TRAINING DATA: TRUE: 94 | FALSE: 2774
2018-12-11 23:33:15,072 apache-ant-1.7.0 | TEST DATA: TRUE: 37 | FALSE: 1193
2018-12-11 23:33:15,214 DATASET: apache-jmeter-2.10 | MAX_FEATURE: None | STOP_WORDS: english | FOLD: 5 | POOL_SIZE: 100000 | INIT_POOL: 10 | BUDGET: 10 | SINGLE_PROJ_FOLD: 5
2018-12-11 23:33:15,239 apache-jmeter-2.10 | FOLD: 0 | FRAC: 0.3
2018-12-11 23:33:15,239 apache-jmeter-2.10 | TRAINING DATA: TRUE: 275 | FALSE: 5364
2018-12-11 23:33:15,239 apache-jmeter-2.10 | TEST DATA: TRUE: 99 | FALSE: 2319
2018-12-11 23:33:15,276 apache-ant-1.7.0 | Starting our 5 fold cross validation for apache-ant-1.7.0
2018-12-11 23:33:15,287 apache-ant-1.7.0 | Starting a fold
2018-12-11 23:33:15,424 DATASET: argouml | MAX_FEATURE: None | STOP_WORDS: english | FOLD: 5 | POOL_SIZE: 100000 | INIT_POOL: 10 | BUDGET: 10 | SINGLE_PROJ_FOLD: 5
2018-12-11 23:33:15,449 argouml | FOLD: 0 | FRAC: 0.3
2018-12-11 23:33:15,450 argouml | TRAINING DATA: TRUE: 1001 | FALSE: 5615
2018-12-11 23:33:15,450 argouml | TEST DATA: TRUE: 412 | FALSE: 2424
2018-12-11 23:33:15,577 apache-jmeter-2.10 | Starting our 5 fold cross validation for apache-jmeter-2.10
2018-12-11 23:33:15,586 DATASET: columba-1.4-src | MAX_FEATURE: None | STOP_WORDS: english | FOLD: 5 | POOL_SIZE: 100000 | INIT_POOL: 10 | BUDGET: 10 | SINGLE_PROJ_FOLD: 5
2018-12-11 23:33:15,597 apache-jmeter-2.10 | Starting a fold
2018-12-11 23:33:15,606 columba-1.4-src | FOLD: 0 | FRAC: 0.3
2018-12-11 23:33:15,607 columba-1.4-src | TRAINING DATA: TRUE: 145 | FALSE: 4382
2018-12-11 23:33:15,607 columba-1.4-src | TEST DATA: TRUE: 59 | FALSE: 1882
2018-12-11 23:33:15,761 DATASET: emf-2.4.1 | MAX_FEATURE: None | STOP_WORDS: english | FOLD: 5 | POOL_SIZE: 100000 | INIT_POOL: 10 | BUDGET: 10 | SINGLE_PROJ_FOLD: 5
2018-12-11 23:33:15,794 emf-2.4.1 | FOLD: 0 | FRAC: 0.3
2018-12-11 23:33:15,795 emf-2.4.1 | TRAINING DATA: TRUE: 68 | FALSE: 3005
2018-12-11 23:33:15,795 emf-2.4.1 | TEST DATA: TRUE: 36 | FALSE: 1281
2018-12-11 23:33:15,878 columba-1.4-src | Starting our 5 fold cross validation for columba-1.4-src
2018-12-11 23:33:15,892 columba-1.4-src | Starting a fold
2018-12-11 23:33:15,946 argouml | Starting our 5 fold cross validation for argouml
2018-12-11 23:33:15,968 argouml | Starting a fold
2018-12-11 23:33:16,003 emf-2.4.1 | Starting our 5 fold cross validation for emf-2.4.1
2018-12-11 23:33:16,014 emf-2.4.1 | Starting a fold
2018-12-11 23:33:16,015 DATASET: hibernate-distribution-3.3.2.GA | MAX_FEATURE: None | STOP_WORDS: english | FOLD: 5 | POOL_SIZE: 100000 | INIT_POOL: 10 | BUDGET: 10 | SINGLE_PROJ_FOLD: 5
2018-12-11 23:33:16,030 hibernate-distribution-3.3.2.GA | FOLD: 0 | FRAC: 0.3
2018-12-11 23:33:16,030 hibernate-distribution-3.3.2.GA | TRAINING DATA: TRUE: 343 | FALSE: 1734
2018-12-11 23:33:16,030 hibernate-distribution-3.3.2.GA | TEST DATA: TRUE: 129 | FALSE: 762
2018-12-11 23:33:16,189 DATASET: jEdit-4.2 | MAX_FEATURE: None | STOP_WORDS: english | FOLD: 5 | POOL_SIZE: 100000 | INIT_POOL: 10 | BUDGET: 10 | SINGLE_PROJ_FOLD: 5
2018-12-11 23:33:16,190 hibernate-distribution-3.3.2.GA | Starting our 5 fold cross validation for hibernate-distribution-3.3.2.GA
2018-12-11 23:33:16,197 hibernate-distribution-3.3.2.GA | Starting a fold
2018-12-11 23:33:16,211 jEdit-4.2 | FOLD: 0 | FRAC: 0.3
2018-12-11 23:33:16,211 jEdit-4.2 | TRAINING DATA: TRUE: 178 | FALSE: 7047
2018-12-11 23:33:16,211 jEdit-4.2 | TEST DATA: TRUE: 78 | FALSE: 3019
2018-12-11 23:33:16,562 jEdit-4.2 | Starting our 5 fold cross validation for jEdit-4.2
2018-12-11 23:33:16,586 jEdit-4.2 | Starting a fold
2018-12-11 23:33:17,442 DATASET: jfreechart-1.0.19 | MAX_FEATURE: None | STOP_WORDS: english | FOLD: 5 | POOL_SIZE: 100000 | INIT_POOL: 10 | BUDGET: 10 | SINGLE_PROJ_FOLD: 5
2018-12-11 23:33:17,458 jfreechart-1.0.19 | FOLD: 0 | FRAC: 0.3
2018-12-11 23:33:17,458 jfreechart-1.0.19 | TRAINING DATA: TRUE: 155 | FALSE: 2930
2018-12-11 23:33:17,458 jfreechart-1.0.19 | TEST DATA: TRUE: 54 | FALSE: 1269
2018-12-11 23:33:17,649 jfreechart-1.0.19 | Starting our 5 fold cross validation for jfreechart-1.0.19
2018-12-11 23:33:17,660 jfreechart-1.0.19 | Starting a fold
2018-12-11 23:33:38,703 argouml | F Score of init pool: [0.8418230563002681, 0.6580976863753214, 0.6666666666666666, 0.8328767123287671, 0.7506702412868633, 0.8360655737704917, 0.8346883468834688, 0.7172774869109948, 0.8328767123287671, 0.783068783068783]
2018-12-11 23:33:54,670 argouml | new F: 0.845953002610966 budget 3
2018-12-11 23:33:56,248 argouml | Eval: 11
2018-12-11 23:33:57,171 argouml | Optimized F Score for fold 0: 0.8564417177914111
2018-12-11 23:33:57,171 argouml | Starting a fold
2018-12-11 23:34:05,926 argouml | F Score of init pool: [0.7812500000000001, 0.673469387755102, 0.6741573033707865, 0.8266666666666667, 0.8203753351206433, 0.7130919220055711, 0.7727272727272727, 0.8275862068965517, 0.790450928381963, 0.8128342245989306]
2018-12-11 23:34:13,912 argouml | new F: 0.8284960422163589 budget 10
2018-12-11 23:34:17,035 argouml | new F: 0.8415584415584417 budget 8
2018-12-11 23:34:18,611 argouml | new F: 0.8439897698209717 budget 7
2018-12-11 23:34:23,952 argouml | Eval: 13
2018-12-11 23:34:24,769 argouml | Optimized F Score for fold 1: 0.8439024390243902
2018-12-11 23:34:24,769 argouml | Starting a fold
2018-12-11 23:34:34,271 argouml | F Score of init pool: [0.7589743589743589, 0.8428927680798004, 0.8701923076923077, 0.5480427046263345, 0.5813148788927336, 0.864321608040201, 0.8607594936708861, 0.8743718592964824, 0.7611940298507464, 0.7014925373134329]
2018-12-11 23:34:46,632 argouml | new F: 0.88 budget 5
2018-12-11 23:34:50,056 argouml | Eval: 11
2018-12-11 23:34:51,156 argouml | Optimized F Score for fold 2: 0.8707653701380176
2018-12-11 23:34:51,156 argouml | Starting a fold
2018-12-11 23:35:01,615 argouml | F Score of init pool: [0.8608247422680413, 0.7740112994350283, 0.6798866855524079, 0.8431876606683804, 0.7058823529411765, 0.7577319587628866, 0.6951871657754011, 0.8241206030150754, 0.6339869281045751, 0.6538461538461539]
2018-12-11 23:35:11,014 argouml | new F: 0.8637532133676092 budget 9
2018-12-11 23:35:17,304 argouml | Eval: 11
2018-12-11 23:35:18,286 argouml | Optimized F Score for fold 3: 0.8439897698209718
2018-12-11 23:35:18,286 argouml | Starting a fold
2018-12-11 23:35:28,737 argouml | F Score of init pool: [0.8571428571428571, 0.8571428571428571, 0.8534031413612566, 0.7096774193548386, 0.8281249999999999, 0.5037037037037038, 0.8571428571428571, 0.7401574803149606, 0.8044077134986226, 0.8381962864721486]
2018-12-11 23:35:36,185 argouml | new F: 0.8630490956072352 budget 11
2018-12-11 23:35:43,898 argouml | Eval: 11
2018-12-11 23:35:44,820 argouml | Optimized F Score for fold 4: 0.8528301886792452
2018-12-11 23:35:44,834 argouml | FOLD: 1 | FRAC: 0.3
2018-12-11 23:35:44,834 argouml | TRAINING DATA: TRUE: 989 | FALSE: 5627
2018-12-11 23:35:44,834 argouml | TEST DATA: TRUE: 424 | FALSE: 2412
2018-12-11 23:35:45,032 argouml | Starting our 5 fold cross validation for argouml
2018-12-11 23:35:45,042 argouml | Starting a fold
2018-12-11 23:35:53,075 argouml | F Score of init pool: [0.8825065274151437, 0.7085427135678393, 0.7250608272506082, 0.8795811518324607, 0.7123287671232875, 0.8766404199475065, 0.8645833333333334, 0.7745098039215685, 0.8825065274151437, 0.8128342245989305]
2018-12-11 23:36:09,977 argouml | Eval: 10
2018-12-11 23:36:11,045 argouml | Optimized F Score for fold 0: 0.866504854368932
2018-12-11 23:36:11,045 argouml | Starting a fold
2018-12-11 23:36:19,742 argouml | F Score of init pool: [0.7875647668393781, 0.6835443037974682, 0.6861702127659575, 0.8440860215053764, 0.8440860215053764, 0.7108753315649866, 0.779746835443038, 0.8471849865951743, 0.8541114058355437, 0.8571428571428572]
2018-12-11 23:36:32,141 argouml | new F: 0.8654353562005277 budget 6
2018-12-11 23:36:37,218 argouml | Eval: 11
2018-12-11 23:36:38,277 argouml | Optimized F Score for fold 1: 0.8691358024691358
2018-12-11 23:36:38,277 argouml | Starting a fold
2018-12-11 23:36:47,721 argouml | F Score of init pool: [0.6473988439306358, 0.7683923705722071, 0.8232189973614776, 0.4401544401544402, 0.4661654135338346, 0.8364611260053619, 0.8216216216216217, 0.8426666666666667, 0.6736842105263158, 0.6032608695652174]
2018-12-11 23:37:02,921 argouml | Eval: 10
2018-12-11 23:37:03,928 argouml | Optimized F Score for fold 2: 0.8518518518518517
2018-12-11 23:37:03,928 argouml | Starting a fold
2018-12-11 23:37:14,756 argouml | F Score of init pool: [0.8395721925133691, 0.7586206896551725, 0.6627218934911243, 0.8297872340425531, 0.7065217391304347, 0.7331536388140162, 0.7029972752043597, 0.8155844155844156, 0.6496815286624203, 0.6728971962616822]
2018-12-11 23:37:29,798 argouml | new F: 0.841823056300268 budget 3
2018-12-11 23:37:31,511 argouml | Eval: 11
2018-12-11 23:37:32,660 argouml | Optimized F Score for fold 3: 0.8504901960784313
2018-12-11 23:37:32,661 argouml | Starting a fold
2018-12-11 23:37:42,874 argouml | F Score of init pool: [0.8727272727272727, 0.8720626631853786, 0.8720626631853786, 0.7074468085106383, 0.8396946564885496, 0.5270758122743682, 0.8727272727272727, 0.7387862796833774, 0.8287292817679558, 0.8638743455497383]
2018-12-11 23:37:50,812 argouml | new F: 0.8750000000000001 budget 11
2018-12-11 23:38:00,111 argouml | Eval: 11
2018-12-11 23:38:01,151 argouml | Optimized F Score for fold 4: 0.8693528693528694
2018-12-11 23:38:01,166 argouml | FOLD: 2 | FRAC: 0.3
2018-12-11 23:38:01,166 argouml | TRAINING DATA: TRUE: 994 | FALSE: 5622
2018-12-11 23:38:01,166 argouml | TEST DATA: TRUE: 419 | FALSE: 2417
2018-12-11 23:38:01,382 argouml | Starting our 5 fold cross validation for argouml
2018-12-11 23:38:01,392 argouml | Starting a fold
2018-12-11 23:38:10,121 argouml | F Score of init pool: [0.8608923884514437, 0.6379746835443038, 0.6565656565656566, 0.8502673796791445, 0.6391184573002754, 0.8426666666666667, 0.8297872340425532, 0.7022900763358778, 0.8426666666666667, 0.7351351351351352]
2018-12-11 23:38:26,405 argouml | Eval: 10
2018-12-11 23:38:27,443 argouml | Optimized F Score for fold 0: 0.8529411764705882
2018-12-11 23:38:27,443 argouml | Starting a fold
2018-12-11 23:38:36,627 argouml | F Score of init pool: [0.8093994778067884, 0.6997389033942559, 0.723404255319149, 0.8548812664907651, 0.8601583113456465, 0.7539267015706806, 0.796068796068796, 0.8608923884514437, 0.8480000000000001, 0.8586387434554974]
2018-12-11 23:38:47,326 argouml | new F: 0.8638743455497383 budget 8
2018-12-11 23:38:51,919 argouml | new F: 0.8668407310704961 budget 4
2018-12-11 23:38:54,510 argouml | Eval: 12
2018-12-11 23:38:55,626 argouml | Optimized F Score for fold 1: 0.8624078624078623
2018-12-11 23:38:55,626 argouml | Starting a fold
2018-12-11 23:39:05,624 argouml | F Score of init pool: [0.6871508379888268, 0.8275862068965517, 0.8527918781725888, 0.4981412639405205, 0.5182481751824817, 0.8556149732620321, 0.8432432432432431, 0.8693333333333333, 0.7169811320754716, 0.6575342465753424]
2018-12-11 23:39:23,018 argouml | Eval: 10
2018-12-11 23:39:24,076 argouml | Optimized F Score for fold 2: 0.8511685116851169
2018-12-11 23:39:24,076 argouml | Starting a fold
2018-12-11 23:39:34,802 argouml | F Score of init pool: [0.8534031413612565, 0.7521865889212828, 0.6419753086419754, 0.8473684210526315, 0.6792452830188679, 0.7591623036649214, 0.6577540106951871, 0.8272251308900522, 0.6188925081433224, 0.664576802507837]
2018-12-11 23:39:47,203 argouml | new F: 0.8586387434554974 budget 5
2018-12-11 23:39:51,142 argouml | Eval: 11
2018-12-11 23:39:52,127 argouml | Optimized F Score for fold 3: 0.8651275820170109
2018-12-11 23:39:52,127 argouml | Starting a fold
2018-12-11 23:40:02,475 argouml | F Score of init pool: [0.8210526315789474, 0.814621409921671, 0.8429319371727749, 0.657608695652174, 0.7989821882951654, 0.48301886792452836, 0.8241469816272966, 0.7046632124352332, 0.7855153203342619, 0.823529411764706]
2018-12-11 23:40:19,598 argouml | Eval: 10
2018-12-11 23:40:20,753 argouml | Optimized F Score for fold 4: 0.8627450980392157
2018-12-11 23:40:20,768 argouml | FOLD: 3 | FRAC: 0.3
2018-12-11 23:40:20,769 argouml | TRAINING DATA: TRUE: 951 | FALSE: 5665
2018-12-11 23:40:20,769 argouml | TEST DATA: TRUE: 462 | FALSE: 2374
2018-12-11 23:40:20,959 argouml | Starting our 5 fold cross validation for argouml
2018-12-11 23:40:20,968 argouml | Starting a fold
2018-12-11 23:40:28,776 argouml | F Score of init pool: [0.8571428571428571, 0.6223404255319149, 0.6702412868632708, 0.8356545961002786, 0.6458923512747875, 0.8421052631578948, 0.8365650969529086, 0.6935483870967742, 0.8324022346368715, 0.7661971830985914]
2018-12-11 23:40:43,924 argouml | Eval: 10
2018-12-11 23:40:44,890 argouml | Optimized F Score for fold 0: 0.8551881413911061
2018-12-11 23:40:44,890 argouml | Starting a fold
2018-12-11 23:40:53,625 argouml | F Score of init pool: [0.8032786885245902, 0.7146814404432134, 0.689655172413793, 0.836676217765043, 0.8399999999999999, 0.7048710601719198, 0.7741935483870969, 0.8433048433048433, 0.8453038674033149, 0.8370786516853932]
2018-12-11 23:41:01,817 argouml | new F: 0.84593837535014 budget 11
2018-12-11 23:41:04,777 argouml | new F: 0.8531073446327684 budget 9
2018-12-11 23:41:11,500 argouml | new F: 0.8650137741046832 budget 4
2018-12-11 23:41:13,842 argouml | Eval: 13
2018-12-11 23:41:15,122 argouml | Optimized F Score for fold 1: 0.8610792192881744
2018-12-11 23:41:15,122 argouml | Starting a fold
2018-12-11 23:41:24,970 argouml | F Score of init pool: [0.7075208913649024, 0.7814207650273224, 0.8213333333333332, 0.48437499999999994, 0.5, 0.8158640226628895, 0.8011204481792716, 0.8205128205128206, 0.6991869918699187, 0.6486486486486486]
2018-12-11 23:41:39,423 argouml | Eval: 10
2018-12-11 23:41:40,166 argouml | Optimized F Score for fold 2: 0.8499452354874042
2018-12-11 23:41:40,166 argouml | Starting a fold
2018-12-11 23:41:50,638 argouml | F Score of init pool: [0.839779005524862, 0.7461773700305812, 0.6687898089171975, 0.8365650969529086, 0.6912181303116148, 0.711764705882353, 0.6761363636363635, 0.8033240997229917, 0.6083916083916084, 0.6132404181184669]
2018-12-11 23:42:05,434 argouml | new F: 0.8429752066115701 budget 4
2018-12-11 23:42:08,370 argouml | Eval: 11
2018-12-11 23:42:09,386 argouml | Optimized F Score for fold 3: 0.87115165336374
2018-12-11 23:42:09,386 argouml | Starting a fold
2018-12-11 23:42:18,802 argouml | F Score of init pool: [0.8510638297872339, 0.8409703504043127, 0.8609625668449198, 0.672, 0.8030303030303031, 0.44176706827309237, 0.8563829787234043, 0.7061855670103093, 0.7906976744186047, 0.8509485094850949]
2018-12-11 23:42:34,198 argouml | Eval: 10
2018-12-11 23:42:35,344 argouml | Optimized F Score for fold 4: 0.8473804100227792
2018-12-11 23:42:35,356 argouml | FOLD: 4 | FRAC: 0.3
2018-12-11 23:42:35,356 argouml | TRAINING DATA: TRUE: 971 | FALSE: 5645
2018-12-11 23:42:35,356 argouml | TEST DATA: TRUE: 442 | FALSE: 2394
2018-12-11 23:42:35,547 argouml | Starting our 5 fold cross validation for argouml
2018-12-11 23:42:35,557 argouml | Starting a fold
2018-12-11 23:42:43,822 argouml | F Score of init pool: [0.873994638069705, 0.6216216216216216, 0.6631853785900782, 0.8672086720867208, 0.7010869565217391, 0.8679245283018868, 0.8502673796791443, 0.7055702917771883, 0.8672086720867208, 0.7823691460055096]
2018-12-11 23:42:59,824 argouml | Eval: 10
2018-12-11 23:43:00,871 argouml | Optimized F Score for fold 0: 0.8624277456647398
2018-12-11 23:43:00,871 argouml | Starting a fold
2018-12-11 23:43:09,488 argouml | F Score of init pool: [0.7629427792915532, 0.6951871657754011, 0.7142857142857143, 0.8655913978494624, 0.868632707774799, 0.7267605633802816, 0.7839195979899498, 0.864, 0.8502673796791443, 0.8609625668449198]
2018-12-11 23:43:27,032 argouml | Eval: 10
2018-12-11 23:43:28,578 argouml | Optimized F Score for fold 1: 0.8584579976985041
2018-12-11 23:43:28,579 argouml | Starting a fold
2018-12-11 23:43:38,153 argouml | F Score of init pool: [0.7123287671232876, 0.8283378746594006, 0.8648648648648649, 0.5318352059925094, 0.5407407407407407, 0.8840970350404312, 0.8664850136239782, 0.8834688346883469, 0.7553191489361702, 0.6363636363636365]
2018-12-11 23:43:52,758 argouml | Eval: 10
2018-12-11 23:43:53,763 argouml | Optimized F Score for fold 2: 0.8627450980392156
2018-12-11 23:43:53,763 argouml | Starting a fold
2018-12-11 23:44:04,165 argouml | F Score of init pool: [0.8235294117647058, 0.7343283582089551, 0.6956521739130435, 0.8213333333333332, 0.664804469273743, 0.701949860724234, 0.6381766381766381, 0.8093994778067884, 0.6048109965635738, 0.6101694915254238]
2018-12-11 23:44:17,407 argouml | new F: 0.8320413436692506 budget 5
2018-12-11 23:44:20,374 argouml | Eval: 11
2018-12-11 23:44:21,248 argouml | Optimized F Score for fold 3: 0.8478015783540023
2018-12-11 23:44:21,249 argouml | Starting a fold
2018-12-11 23:44:31,556 argouml | F Score of init pool: [0.8516483516483516, 0.8383561643835616, 0.8412256267409471, 0.6887052341597797, 0.7768595041322313, 0.48648648648648646, 0.8484848484848485, 0.7029972752043596, 0.7988338192419825, 0.8305084745762711]
2018-12-11 23:44:46,991 argouml | Eval: 10
2018-12-11 23:44:47,864 argouml | Optimized F Score for fold 4: 0.864
2018-12-11 23:44:47,964 DATASET: jruby-1.4.0 | MAX_FEATURE: None | STOP_WORDS: english | FOLD: 5 | POOL_SIZE: 100000 | INIT_POOL: 10 | BUDGET: 10 | SINGLE_PROJ_FOLD: 5
2018-12-11 23:44:47,972 jruby-1.4.0 | FOLD: 0 | FRAC: 0.3
2018-12-11 23:44:47,973 jruby-1.4.0 | TRAINING DATA: TRUE: 434 | FALSE: 2993
2018-12-11 23:44:47,973 jruby-1.4.0 | TEST DATA: TRUE: 188 | FALSE: 1282
2018-12-11 23:44:48,060 jruby-1.4.0 | Starting our 5 fold cross validation for jruby-1.4.0
2018-12-11 23:44:48,066 jruby-1.4.0 | Starting a fold
2018-12-11 23:44:50,640 jruby-1.4.0 | F Score of init pool: [0.9090909090909091, 0.8275862068965517, 0.853932584269663, 0.9024390243902438, 0.9017341040462429, 0.9090909090909091, 0.9166666666666666, 0.8786127167630059, 0.9079754601226995, 0.8953488372093024]
2018-12-11 23:44:59,958 jruby-1.4.0 | Eval: 10
2018-12-11 23:45:00,185 jruby-1.4.0 | Optimized F Score for fold 0: 0.8870523415977961
2018-12-11 23:45:00,185 jruby-1.4.0 | Starting a fold
2018-12-11 23:45:03,028 jruby-1.4.0 | F Score of init pool: [0.9024390243902438, 0.8228571428571428, 0.8571428571428571, 0.8461538461538461, 0.8387096774193548, 0.875, 0.8957055214723926, 0.8535031847133758, 0.888888888888889, 0.8819875776397516]
2018-12-11 23:45:12,166 jruby-1.4.0 | new F: 0.9036144578313253 budget 3
2018-12-11 23:45:12,912 jruby-1.4.0 | Eval: 11
2018-12-11 23:45:13,064 jruby-1.4.0 | Optimized F Score for fold 1: 0.8683473389355743
2018-12-11 23:45:13,064 jruby-1.4.0 | Starting a fold
2018-12-11 23:45:15,992 jruby-1.4.0 | F Score of init pool: [0.8333333333333334, 0.8363636363636363, 0.7974683544303797, 0.4736842105263158, 0.4736842105263158, 0.8311688311688311, 0.8387096774193548, 0.7808219178082192, 0.8170731707317073, 0.7831325301204819]
2018-12-11 23:45:24,249 jruby-1.4.0 | new F: 0.8407643312101911 budget 6
2018-12-11 23:45:25,404 jruby-1.4.0 | Eval: 11
2018-12-11 23:45:25,548 jruby-1.4.0 | Optimized F Score for fold 2: 0.8579387186629527
2018-12-11 23:45:25,548 jruby-1.4.0 | Starting a fold
2018-12-11 23:45:28,669 jruby-1.4.0 | F Score of init pool: [0.8662420382165605, 0.7058823529411765, 0.5333333333333333, 0.8875, 0.8624999999999999, 0.8834355828220859, 0.8624999999999999, 0.8289473684210527, 0.6031746031746031, 0.6141732283464567]
2018-12-11 23:45:36,510 jruby-1.4.0 | new F: 0.8944099378881988 budget 7
2018-12-11 23:45:37,664 jruby-1.4.0 | Eval: 11
2018-12-11 23:45:37,834 jruby-1.4.0 | Optimized F Score for fold 3: 0.8820224719101124
2018-12-11 23:45:37,834 jruby-1.4.0 | Starting a fold
2018-12-11 23:45:41,000 jruby-1.4.0 | F Score of init pool: [0.9112426035502958, 0.9112426035502958, 0.8765432098765432, 0.8862275449101796, 0.9186046511627907, 0.5666666666666667, 0.9047619047619047, 0.8809523809523809, 0.8344370860927152, 0.8481012658227848]
2018-12-11 23:45:49,515 jruby-1.4.0 | new F: 0.9239766081871345 budget 5
2018-12-11 23:45:50,259 jruby-1.4.0 | Eval: 11
2018-12-11 23:45:50,428 jruby-1.4.0 | Optimized F Score for fold 4: 0.8913649025069639
2018-12-11 23:45:50,437 jruby-1.4.0 | FOLD: 1 | FRAC: 0.3
2018-12-11 23:45:50,437 jruby-1.4.0 | TRAINING DATA: TRUE: 438 | FALSE: 2989
2018-12-11 23:45:50,437 jruby-1.4.0 | TEST DATA: TRUE: 184 | FALSE: 1286
2018-12-11 23:45:50,528 jruby-1.4.0 | Starting our 5 fold cross validation for jruby-1.4.0
2018-12-11 23:45:50,533 jruby-1.4.0 | Starting a fold
2018-12-11 23:45:53,171 jruby-1.4.0 | F Score of init pool: [0.8902439024390244, 0.7784431137724551, 0.8470588235294119, 0.8625, 0.8452380952380951, 0.8625, 0.8795180722891567, 0.8705882352941177, 0.8481012658227849, 0.8837209302325582]
2018-12-11 23:46:01,652 jruby-1.4.0 | new F: 0.9058823529411764 budget 4
2018-12-11 23:46:02,351 jruby-1.4.0 | new F: 0.9101796407185629 budget 2
2018-12-11 23:46:02,523 jruby-1.4.0 | Eval: 12
2018-12-11 23:46:02,785 jruby-1.4.0 | Optimized F Score for fold 0: 0.866279069767442
2018-12-11 23:46:02,785 jruby-1.4.0 | Starting a fold
2018-12-11 23:46:05,581 jruby-1.4.0 | F Score of init pool: [0.9101796407185629, 0.8654970760233919, 0.9166666666666667, 0.8819875776397516, 0.875, 0.9166666666666667, 0.9112426035502958, 0.8819875776397516, 0.9166666666666667, 0.9166666666666667]
2018-12-11 23:46:13,247 jruby-1.4.0 | new F: 0.923076923076923 budget 8
