C:\ProgramData\Anaconda3\python.exe C:/Users/Fahmid/GitRepo/Fastread-SATD/src/runner.py
INFO:rig:=====CROSS PROJECT=====
2018-12-11 14:10:25,771 
===============
2018-12-11 14:10:25,771 DATASET: apache-jmeter-2.10 | MAX_FEATURE: None | STOP_WORDS: english | FOLD: 5 | POOL_SIZE: 100000 | INIT_POOL: 10 | BUDGET: 10
2018-12-11 14:10:25,771 TRAINING DATA: TRUE: 3462 | FALSE: 42268
2018-12-11 14:10:25,771 TEST DATA: TRUE: 374 | FALSE: 7683
2018-12-11 14:10:25,773 apache-jmeter-2.10 | Starting our 5 fold cross validation for apache-jmeter-2.10
2018-12-11 14:10:25,773 
===============
2018-12-11 14:10:25,773 DATASET: apache-ant-1.7.0 | MAX_FEATURE: None | STOP_WORDS: english | FOLD: 5 | POOL_SIZE: 100000 | INIT_POOL: 10 | BUDGET: 10
2018-12-11 14:10:25,773 TRAINING DATA: TRUE: 3836 | FALSE: 49951
2018-12-11 14:10:25,773 TEST DATA: TRUE: 131 | FALSE: 3967
2018-12-11 14:10:25,773 apache-ant-1.7.0 | Starting our 5 fold cross validation for apache-ant-1.7.0
2018-12-11 14:10:25,904 
===============
2018-12-11 14:10:25,904 DATASET: columba-1.4-src | MAX_FEATURE: None | STOP_WORDS: english | FOLD: 5 | POOL_SIZE: 100000 | INIT_POOL: 10 | BUDGET: 10
2018-12-11 14:10:25,904 TRAINING DATA: TRUE: 3632 | FALSE: 43687
2018-12-11 14:10:25,904 TEST DATA: TRUE: 204 | FALSE: 6264
2018-12-11 14:10:25,904 columba-1.4-src | Starting our 5 fold cross validation for columba-1.4-src
2018-12-11 14:10:25,925 
===============
2018-12-11 14:10:25,925 DATASET: argouml | MAX_FEATURE: None | STOP_WORDS: english | FOLD: 5 | POOL_SIZE: 100000 | INIT_POOL: 10 | BUDGET: 10
2018-12-11 14:10:25,925 TRAINING DATA: TRUE: 2423 | FALSE: 41912
2018-12-11 14:10:25,925 TEST DATA: TRUE: 1413 | FALSE: 8039
2018-12-11 14:10:25,925 argouml | Starting our 5 fold cross validation for argouml
2018-12-11 14:10:25,995 Starting a fold
2018-12-11 14:10:26,056 Starting a fold
2018-12-11 14:10:26,147 Starting a fold
2018-12-11 14:10:26,147 Starting a fold
2018-12-11 14:10:26,286 
===============
2018-12-11 14:10:26,286 DATASET: emf-2.4.1 | MAX_FEATURE: None | STOP_WORDS: english | FOLD: 5 | POOL_SIZE: 100000 | INIT_POOL: 10 | BUDGET: 10
2018-12-11 14:10:26,286 TRAINING DATA: TRUE: 3836 | FALSE: 49951
2018-12-11 14:10:26,286 TEST DATA: TRUE: 104 | FALSE: 4286
2018-12-11 14:10:26,286 emf-2.4.1 | Starting our 5 fold cross validation for emf-2.4.1
2018-12-11 14:10:26,429 
===============
2018-12-11 14:10:26,429 DATASET: hibernate-distribution-3.3.2.GA | MAX_FEATURE: None | STOP_WORDS: english | FOLD: 5 | POOL_SIZE: 100000 | INIT_POOL: 10 | BUDGET: 10
2018-12-11 14:10:26,429 TRAINING DATA: TRUE: 3364 | FALSE: 47455
2018-12-11 14:10:26,429 TEST DATA: TRUE: 472 | FALSE: 2496
2018-12-11 14:10:26,429 hibernate-distribution-3.3.2.GA | Starting our 5 fold cross validation for hibernate-distribution-3.3.2.GA
2018-12-11 14:10:26,520 
===============
2018-12-11 14:10:26,520 DATASET: jEdit-4.2 | MAX_FEATURE: None | STOP_WORDS: english | FOLD: 5 | POOL_SIZE: 100000 | INIT_POOL: 10 | BUDGET: 10
2018-12-11 14:10:26,520 TRAINING DATA: TRUE: 3580 | FALSE: 39885
2018-12-11 14:10:26,520 TEST DATA: TRUE: 256 | FALSE: 10066
2018-12-11 14:10:26,520 jEdit-4.2 | Starting our 5 fold cross validation for jEdit-4.2
2018-12-11 14:10:26,580 Starting a fold
2018-12-11 14:10:26,691 Starting a fold
2018-12-11 14:10:26,762 Starting a fold
2018-12-11 14:10:27,005 
===============
2018-12-11 14:10:27,005 DATASET: jfreechart-1.0.19 | MAX_FEATURE: None | STOP_WORDS: english | FOLD: 5 | POOL_SIZE: 100000 | INIT_POOL: 10 | BUDGET: 10
2018-12-11 14:10:27,006 TRAINING DATA: TRUE: 3627 | FALSE: 45752
2018-12-11 14:10:27,006 TEST DATA: TRUE: 209 | FALSE: 4199
2018-12-11 14:10:27,007 jfreechart-1.0.19 | Starting our 5 fold cross validation for jfreechart-1.0.19
2018-12-11 14:10:27,264 Starting a fold
2018-12-11 14:22:46,711 argouml | F Score of init pool: [0.8063420158550395, 0.5962343096234309, 0.6134185303514377, 0.7931818181818182, 0.5367741935483871, 0.7990970654627538, 0.8051643192488264, 0.6562500000000001, 0.7986425339366515, 0.7084785133565622]
2018-12-11 14:25:59,111 apache-jmeter-2.10 | F Score of init pool: [0.8025236593059937, 0.370161857846587, 0.38518518518518513, 0.8125399872040947, 0.45528455284552843, 0.8089456869009585, 0.7696933253156946, 0.42060745866974236, 0.8099489795918368, 0.5141889030072003]
2018-12-11 14:27:26,170 jEdit-4.2 | F Score of init pool: [0.8330804248861912, 0.5806451612903225, 0.5976331360946746, 0.8180428134556575, 0.5784563189143342, 0.8098159509202454, 0.8250000000000001, 0.6097378277153559, 0.8174178762414057, 0.7358184764991896]
2018-12-11 14:28:11,624 hibernate-distribution-3.3.2.GA | F Score of init pool: [0.8119590873328089, 0.5419630156472262, 0.5392934390771449, 0.8028503562945367, 0.5672159583694709, 0.7942583732057416, 0.7938311688311688, 0.5853304284676834, 0.8037974683544303, 0.6965918536990856]
2018-12-11 14:29:15,180 argouml | new F: 0.8079625292740047 budget 6
2018-12-11 14:30:25,889 columba-1.4-src | F Score of init pool: [0.8304093567251462, 0.555010511562719, 0.5767634854771784, 0.8200589970501476, 0.587378640776699, 0.8118518518518518, 0.7875647668393783, 0.6148459383753502, 0.8136094674556213, 0.7188449848024316]
2018-12-11 14:31:07,228 jfreechart-1.0.19 | F Score of init pool: [0.8294460641399417, 0.539573296627667, 0.5728500355366027, 0.8158473954512105, 0.5774877650897227, 0.8166544923301681, 0.8095593726661688, 0.5939050318922751, 0.8157894736842105, 0.7212355212355213]
2018-12-11 14:32:50,314 apache-ant-1.7.0 | F Score of init pool: [0.832535885167464, 0.542161149281699, 0.5617402431222009, 0.8215994531784006, 0.5894580549368968, 0.8202323991797676, 0.8164116828929068, 0.6032154340836012, 0.8215994531784006, 0.736692689850958]
2018-12-11 14:33:45,278 emf-2.4.1 | F Score of init pool: [0.832535885167464, 0.542161149281699, 0.5617402431222009, 0.8215994531784006, 0.5894580549368968, 0.8202323991797676, 0.8164116828929068, 0.6032154340836012, 0.8215994531784006, 0.736692689850958]
2018-12-11 14:38:08,845 Eval: 11
2018-12-11 14:38:45,453 jEdit-4.2 | new F: 0.8339651250947687 budget 5
2018-12-11 14:39:29,530 argouml | Optimized F Score for fold 0: 0.815779949330438
2018-12-11 14:39:29,530 Starting a fold
2018-12-11 14:40:00,709 jEdit-4.2 | new F: 0.8342165026495079 budget 5
2018-12-11 14:45:30,202 jfreechart-1.0.19 | new F: 0.8299418604651164 budget 6
2018-12-11 14:47:22,309 apache-jmeter-2.10 | new F: 0.8151534944480732 budget 4
2018-12-11 14:47:57,439 Eval: 12
2018-12-11 14:48:41,266 jfreechart-1.0.19 | new F: 0.8305454545454545 budget 5
2018-12-11 14:49:14,586 jEdit-4.2 | Optimized F Score for fold 0: 0.3354037267080745
2018-12-11 14:49:14,588 Starting a fold
2018-12-11 14:53:15,143 argouml | F Score of init pool: [0.7451403887688985, 0.6322827125119389, 0.5898004434589801, 0.8155784650630011, 0.8143021914648212, 0.623463687150838, 0.708113804004215, 0.8168373151308306, 0.7850055126791621, 0.8031319910514542]
2018-12-11 14:55:15,134 argouml | new F: 0.8172531214528944 budget 11
2018-12-11 14:55:53,234 jfreechart-1.0.19 | new F: 0.8316400580551525 budget 3
2018-12-11 14:55:58,435 Eval: 10
2018-12-11 14:57:58,306 hibernate-distribution-3.3.2.GA | Optimized F Score for fold 0: 0.8076923076923076
2018-12-11 14:57:58,306 Starting a fold
2018-12-11 14:59:18,560 Eval: 10
2018-12-11 14:59:29,667 Eval: 13
2018-12-11 15:00:04,563 apache-jmeter-2.10 | new F: 0.816166883963494 budget 2
2018-12-11 15:01:14,345 jfreechart-1.0.19 | Optimized F Score for fold 0: 0.5842696629213483
2018-12-11 15:01:14,345 Starting a fold
2018-12-11 15:01:24,471 columba-1.4-src | Optimized F Score for fold 0: 0.8728179551122195
2018-12-11 15:01:24,472 Starting a fold
2018-12-11 15:02:49,725 Eval: 12
2018-12-11 15:06:31,037 jEdit-4.2 | F Score of init pool: [0.7501490757304711, 0.6046511627906976, 0.6391632771644392, 0.832145171743357, 0.8322496749024708, 0.6638905413444378, 0.6691042047531993, 0.8311855670103092, 0.8097622027534418, 0.8224889450410613]
2018-12-11 15:07:14,774 apache-jmeter-2.10 | Optimized F Score for fold 0: 0.7577464788732395
2018-12-11 15:07:14,774 Starting a fold
2018-12-11 15:09:51,549 jEdit-4.2 | new F: 0.8333333333333333 budget 11
2018-12-11 15:10:24,045 Eval: 10
2018-12-11 15:11:18,997 Eval: 10
2018-12-11 15:12:42,417 apache-ant-1.7.0 | Optimized F Score for fold 0: 0.4000000000000001
2018-12-11 15:12:42,420 Starting a fold
2018-12-11 15:13:05,934 argouml | new F: 0.817351598173516 budget 4
2018-12-11 15:13:36,721 emf-2.4.1 | Optimized F Score for fold 0: 0.48407643312101917
2018-12-11 15:13:36,722 Starting a fold
2018-12-11 15:16:31,287 hibernate-distribution-3.3.2.GA | F Score of init pool: [0.7609756097560976, 0.6449900464499004, 0.6960167714884696, 0.8351331893448524, 0.8314121037463976, 0.7129824561403508, 0.667601683029453, 0.8347701149425288, 0.8139204545454545, 0.82689556509299]
2018-12-11 15:17:57,061 Eval: 12
2018-12-11 15:19:31,945 hibernate-distribution-3.3.2.GA | new F: 0.8353702372393962 budget 11
2018-12-11 15:19:50,563 argouml | Optimized F Score for fold 1: 0.8227986846912678
2018-12-11 15:19:50,563 Starting a fold
2018-12-11 15:20:15,959 columba-1.4-src | F Score of init pool: [0.753309265944645, 0.5951595159515952, 0.6619385342789598, 0.8390433096315449, 0.8406735751295337, 0.6923990498812352, 0.6619217081850532, 0.8380462724935733, 0.7982619490999379, 0.8189873417721519]
2018-12-11 15:22:09,813 jfreechart-1.0.19 | F Score of init pool: [0.7902187902187902, 0.626108998732573, 0.7170795306388527, 0.8482438701126576, 0.8476380572188956, 0.7372549019607844, 0.6771037181996086, 0.847682119205298, 0.836173001310616, 0.8445901639344263]
2018-12-11 15:25:57,079 jfreechart-1.0.19 | new F: 0.8488063660477454 budget 11
2018-12-11 15:25:58,947 apache-jmeter-2.10 | F Score of init pool: [0.6676449009537784, 0.5036642238507661, 0.5114285714285715, 0.8471615720524017, 0.8494152046783625, 0.5754583921015515, 0.5992673992673992, 0.8420289855072465, 0.7803187803187803, 0.815024805102764]
2018-12-11 15:30:37,182 columba-1.4-src | new F: 0.8407479045776918 budget 9
2018-12-11 15:30:40,099 hibernate-distribution-3.3.2.GA | new F: 0.8385714285714286 budget 8
2018-12-11 15:37:21,468 apache-ant-1.7.0 | F Score of init pool: [0.7836990595611286, 0.6271903323262841, 0.7229381443298969, 0.851472471190781, 0.8523748395378691, 0.7448717948717949, 0.6776440785307156, 0.854033290653009, 0.8258064516129032, 0.8446726572528883]
2018-12-11 15:37:23,677 hibernate-distribution-3.3.2.GA | new F: 0.8425531914893617 budget 7
2018-12-11 15:38:29,524 emf-2.4.1 | F Score of init pool: [0.7836990595611286, 0.6271903323262841, 0.7229381443298969, 0.851472471190781, 0.8523748395378691, 0.7448717948717949, 0.6776440785307156, 0.854033290653009, 0.8258064516129032, 0.8446726572528883]
2018-12-11 15:39:41,353 apache-jmeter-2.10 | new F: 0.8505079825834543 budget 7
2018-12-11 15:39:43,356 argouml | F Score of init pool: [0.555399719495091, 0.6356164383561643, 0.6305555555555555, 0.3581081081081081, 0.36974789915966383, 0.6576454668470906, 0.6604278074866311, 0.637883008356546, 0.49786628733997146, 0.48827586206896545]
2018-12-11 15:43:04,346 Eval: 11
2018-12-11 15:43:22,957 emf-2.4.1 | new F: 0.8542199488491048 budget 11
2018-12-11 15:46:23,164 jEdit-4.2 | Optimized F Score for fold 1: 0.31347962382445144
2018-12-11 15:46:23,166 Starting a fold
2018-12-11 15:49:48,286 apache-ant-1.7.0 | new F: 0.8560460652591171 budget 9
2018-12-11 15:50:07,429 hibernate-distribution-3.3.2.GA | new F: 0.8429282160625444 budget 3
2018-12-11 15:51:26,944 jfreechart-1.0.19 | new F: 0.8524156187954995 budget 5
2018-12-11 15:52:06,670 argouml | new F: 0.6613119143239624 budget 2
2018-12-11 15:53:19,406 apache-ant-1.7.0 | new F: 0.8567791215786122 budget 9
2018-12-11 15:53:44,187 Eval: 11
2018-12-11 15:54:41,746 jfreechart-1.0.19 | new F: 0.8535784635587657 budget 5
2018-12-11 15:55:00,602 argouml | Optimized F Score for fold 2: 0.8204379562043795
2018-12-11 15:55:00,602 Starting a fold
2018-12-11 15:57:09,123 apache-jmeter-2.10 | new F: 0.8531775018261505 budget 4
2018-12-11 16:00:20,225 apache-ant-1.7.0 | new F: 0.8578680203045687 budget 8
2018-12-11 16:00:20,884 Eval: 14
2018-12-11 16:00:38,578 emf-2.4.1 | new F: 0.8571428571428572 budget 8
2018-12-11 16:03:28,366 hibernate-distribution-3.3.2.GA | Optimized F Score for fold 1: 0.8146341463414634
2018-12-11 16:03:28,367 Starting a fold
2018-12-11 16:05:23,564 Eval: 13
2018-12-11 16:06:14,614 Eval: 11
2018-12-11 16:08:54,437 jfreechart-1.0.19 | Optimized F Score for fold 1: 0.5753424657534247
2018-12-11 16:08:54,439 Starting a fold
2018-12-11 16:09:03,846 emf-2.4.1 | new F: 0.862547288776797 budget 7
2018-12-11 16:10:40,263 columba-1.4-src | Optimized F Score for fold 1: 0.7937219730941703
2018-12-11 16:10:40,263 Starting a fold
2018-12-11 16:11:14,391 Eval: 12
2018-12-11 16:12:43,130 jEdit-4.2 | F Score of init pool: [0.6371541501976284, 0.7930214115781126, 0.8163908589440505, 0.45921450151057397, 0.48598130841121495, 0.8025177025963808, 0.7949725058915946, 0.7889485801995395, 0.6508172362555721, 0.5905454545454546]
2018-12-11 16:13:52,253 apache-ant-1.7.0 | new F: 0.8600000000000001 budget 5
2018-12-11 16:15:34,686 jEdit-4.2 | new F: 0.8182533438237608 budget 10
2018-12-11 16:16:24,002 apache-jmeter-2.10 | Optimized F Score for fold 1: 0.7550432276657061
2018-12-11 16:16:24,002 Starting a fold
2018-12-11 16:16:56,903 argouml | F Score of init pool: [0.8085539714867617, 0.7547592385218365, 0.7315436241610739, 0.7979899497487437, 0.6310344827586207, 0.7046728971962618, 0.6235093696763203, 0.8029350104821803, 0.7081339712918661, 0.7014218009478673]
2018-12-11 16:18:12,774 apache-ant-1.7.0 | new F: 0.8639798488664987 budget 4
2018-12-11 16:20:55,342 jEdit-4.2 | new F: 0.8212025316455696 budget 7
2018-12-11 16:23:26,353 argouml | new F: 0.8092729188619601 budget 9
2018-12-11 16:24:46,921 jEdit-4.2 | new F: 0.8333333333333331 budget 6
2018-12-11 16:26:17,775 argouml | new F: 0.8191268191268191 budget 9
2018-12-11 16:29:34,404 Eval: 15
2018-12-11 16:32:34,358 apache-ant-1.7.0 | Optimized F Score for fold 1: 0.39999999999999997
2018-12-11 16:32:34,360 Starting a fold
2018-12-11 16:34:34,971 Eval: 13
2018-12-11 16:34:47,664 Eval: 13
2018-12-11 16:35:39,713 jEdit-4.2 | Optimized F Score for fold 2: 0.34567901234567905
2018-12-11 16:35:39,714 Starting a fold
2018-12-11 16:36:34,193 hibernate-distribution-3.3.2.GA | F Score of init pool: [0.6035283194057567, 0.7797202797202796, 0.8137931034482758, 0.40989399293286216, 0.40989399293286216, 0.8072916666666666, 0.7674624226348364, 0.8110918544194108, 0.6552901023890784, 0.6239316239316239]
2018-12-11 16:38:07,505 emf-2.4.1 | Optimized F Score for fold 1: 0.48750000000000004
2018-12-11 16:38:07,506 Starting a fold
2018-12-11 16:40:08,686 jfreechart-1.0.19 | F Score of init pool: [0.5561580170410534, 0.7781201848998458, 0.8081761006289309, 0.47401247401247404, 0.46812957157784746, 0.7931303669008587, 0.7746913580246912, 0.8081123244929798, 0.6031518624641834, 0.5382014874915484]
2018-12-11 16:42:47,226 apache-jmeter-2.10 | F Score of init pool: [0.5178236397748592, 0.7615838247683234, 0.7905004240882103, 0.2490566037735849, 0.25155666251556663, 0.8056244830438378, 0.7815333882934872, 0.8156797331109258, 0.5883392226148411, 0.5815602836879433]
2018-12-11 16:45:20,806 columba-1.4-src | F Score of init pool: [0.5787671232876712, 0.7461224489795918, 0.7682119205298015, 0.4117009750812567, 0.4047878128400435, 0.7756097560975611, 0.7597765363128491, 0.7899022801302933, 0.5842148087876322, 0.5530864197530865]
2018-12-11 16:49:22,375 apache-jmeter-2.10 | new F: 0.8172757475083057 budget 9
2018-12-11 16:50:59,995 argouml | new F: 0.8215767634854773 budget 2
2018-12-11 16:53:11,936 Eval: 13
2018-12-11 16:54:52,852 hibernate-distribution-3.3.2.GA | new F: 0.8189655172413793 budget 3
2018-12-11 16:55:54,987 argouml | Optimized F Score for fold 3: 0.8260869565217391
2018-12-11 16:55:54,995 Starting a fold
2018-12-11 16:59:43,453 hibernate-distribution-3.3.2.GA | new F: 0.8289361702127659 budget 2
2018-12-11 17:01:22,771 apache-jmeter-2.10 | new F: 0.8186356073211314 budget 6
2018-12-11 17:01:36,823 Eval: 12
2018-12-11 17:03:40,610 hibernate-distribution-3.3.2.GA | Optimized F Score for fold 2: 0.8107448107448108
2018-12-11 17:03:40,611 Starting a fold
2018-12-11 17:05:17,488 Eval: 10
2018-12-11 17:06:40,700 jfreechart-1.0.19 | Optimized F Score for fold 2: 0.5738636363636364
2018-12-11 17:06:40,703 Starting a fold
2018-12-11 17:08:35,888 jEdit-4.2 | F Score of init pool: [0.7782041442824251, 0.744408945686901, 0.7266828872668288, 0.7766692248656945, 0.43570347957639943, 0.6121495327102804, 0.4355689525244913, 0.7695924764890281, 0.7021097046413503, 0.700583819849875]
2018-12-11 17:12:39,099 Eval: 10
2018-12-11 17:15:49,207 apache-ant-1.7.0 | F Score of init pool: [0.5733333333333334, 0.7683197631384159, 0.7966991747936983, 0.5399811853245532, 0.5446009389671361, 0.7907324364723468, 0.7616892911010559, 0.8612303290414879, 0.6129256428075054, 0.5651577503429355]
2018-12-11 17:16:28,053 columba-1.4-src | Optimized F Score for fold 2: 0.858560794044665
2018-12-11 17:16:28,058 Starting a fold
2018-12-11 17:16:55,989 jEdit-4.2 | new F: 0.7788829380260136 budget 9
2018-12-11 17:17:51,699 argouml | F Score of init pool: [0.7515151515151516, 0.7448609431680774, 0.7649208282582216, 0.6177777777777776, 0.7113772455089821, 0.29565217391304344, 0.7651331719128329, 0.6614173228346456, 0.736842105263158, 0.7613219094247246]
2018-12-11 17:20:20,895 argouml | new F: 0.766990291262136 budget 11
2018-12-11 17:22:09,219 Eval: 12
2018-12-11 17:22:27,715 argouml | new F: 0.7675544794188862 budget 11
2018-12-11 17:24:09,012 emf-2.4.1 | F Score of init pool: [0.5733333333333334, 0.7683197631384159, 0.7966991747936983, 0.5399811853245532, 0.5446009389671361, 0.7907324364723468, 0.7616892911010559, 0.8612303290414879, 0.6129256428075054, 0.5651577503429355]
2018-12-11 17:25:36,919 apache-jmeter-2.10 | Optimized F Score for fold 2: 0.7569141193595342
2018-12-11 17:25:36,919 Starting a fold
2018-12-11 17:28:09,069 jEdit-4.2 | new F: 0.7800766283524904 budget 4
2018-12-11 17:37:15,948 Eval: 12
2018-12-11 17:39:10,484 hibernate-distribution-3.3.2.GA | F Score of init pool: [0.6210826210826211, 0.5680238331678252, 0.5489021956087824, 0.6283018867924528, 0.4844928751047778, 0.5775700934579439, 0.47920133111480867, 0.6066985645933014, 0.5248677248677249, 0.5310853530031612]
2018-12-11 17:39:45,193 jEdit-4.2 | Optimized F Score for fold 3: 0.3597560975609756
2018-12-11 17:39:45,195 Starting a fold
2018-12-11 17:43:34,725 jfreechart-1.0.19 | F Score of init pool: [0.7056798623063684, 0.6654708520179372, 0.6357012750455373, 0.7147766323024054, 0.48249763481551555, 0.6227233304423243, 0.4618284637134779, 0.6928446771378708, 0.6209453197405004, 0.6298342541436464]
2018-12-11 17:43:53,158 Eval: 10
2018-12-11 17:44:23,320 Eval: 12
2018-12-11 17:46:19,556 argouml | Optimized F Score for fold 4: 0.842443729903537
[array([[7816,  223],
       [ 286, 1127]], dtype=int64), array([[7841,  198],
       [ 287, 1126]], dtype=int64), array([[7836,  203],
       [ 289, 1124]], dtype=int64), array([[7832,  207],
       [ 273, 1140]], dtype=int64), array([[7832,  207],
       [ 234, 1179]], dtype=int64)]
END
2018-12-11 17:46:21,769 
===============
2018-12-11 17:46:21,769 DATASET: jruby-1.4.0 | MAX_FEATURE: None | STOP_WORDS: english | FOLD: 5 | POOL_SIZE: 100000 | INIT_POOL: 10 | BUDGET: 10
2018-12-11 17:46:21,769 TRAINING DATA: TRUE: 3214 | FALSE: 45676
2018-12-11 17:46:21,769 TEST DATA: TRUE: 622 | FALSE: 4275
2018-12-11 17:46:21,788 jruby-1.4.0 | Starting our 5 fold cross validation for jruby-1.4.0
2018-12-11 17:46:22,014 Starting a fold
2018-12-11 17:47:20,533 apache-ant-1.7.0 | Optimized F Score for fold 2: 0.39593908629441626
2018-12-11 17:47:20,535 Starting a fold
2018-12-11 17:48:22,245 columba-1.4-src | F Score of init pool: [0.6303030303030303, 0.5853658536585367, 0.5685740236148956, 0.634315424610052, 0.3677058353317346, 0.54, 0.3614649681528663, 0.6242371403661726, 0.5480494766888677, 0.5475070555032926]
2018-12-11 17:49:16,962 hibernate-distribution-3.3.2.GA | new F: 0.6308851224105461 budget 5
2018-12-11 17:53:44,429 columba-1.4-src | new F: 0.6345657781599312 budget 10
2018-12-11 17:54:02,809 apache-jmeter-2.10 | F Score of init pool: [0.6088560885608856, 0.5521235521235521, 0.5329457364341086, 0.6158088235294118, 0.500422654268808, 0.5413402959094865, 0.4911986588432524, 0.5947955390334573, 0.5178389398572885, 0.5222672064777327]
2018-12-11 17:56:34,999 jfreechart-1.0.19 | new F: 0.7186963979416809 budget 8
2018-12-11 17:58:14,036 Eval: 11
2018-12-11 17:58:14,753 apache-jmeter-2.10 | new F: 0.617351598173516 budget 10
2018-12-11 18:00:01,095 hibernate-distribution-3.3.2.GA | Optimized F Score for fold 3: 0.8116646415552855
2018-12-11 18:00:01,096 Starting a fold
2018-12-11 18:00:48,363 Eval: 10
2018-12-11 18:04:33,360 emf-2.4.1 | Optimized F Score for fold 2: 0.4691358024691357
2018-12-11 18:04:33,361 Starting a fold
2018-12-11 18:05:15,631 jruby-1.4.0 | F Score of init pool: [0.8160919540229886, 0.5609756097560974, 0.576271186440678, 0.801980198019802, 0.5561594202898551, 0.7890365448504983, 0.7925801011804384, 0.5967365967365968, 0.8069022185702548, 0.7227036395147313]
2018-12-11 18:07:04,783 jEdit-4.2 | F Score of init pool: [0.7570715474209652, 0.7286559594251902, 0.7590260285474391, 0.5673534072900159, 0.6389351081530783, 0.2405832320777643, 0.7552213868003341, 0.5961844197138315, 0.7139107611548555, 0.7523245984784447]
2018-12-11 18:11:51,702 jEdit-4.2 | new F: 0.7649999999999999 budget 10
2018-12-11 18:13:35,738 Eval: 11
2018-12-11 18:14:20,960 Eval: 11
2018-12-11 18:15:52,042 jfreechart-1.0.19 | Optimized F Score for fold 3: 0.580281690140845
2018-12-11 18:15:52,042 Starting a fold
2018-12-11 18:15:56,683 apache-jmeter-2.10 | Optimized F Score for fold 3: 0.7619047619047619
2018-12-11 18:15:56,683 Starting a fold
2018-12-11 18:19:02,097 jEdit-4.2 | new F: 0.7660283097418816 budget 9
2018-12-11 18:19:36,656 Eval: 11
2018-12-11 18:21:06,898 columba-1.4-src | Optimized F Score for fold 3: 0.8686868686868686
2018-12-11 18:21:06,899 Starting a fold
2018-12-11 18:26:35,808 apache-ant-1.7.0 | F Score of init pool: [0.6384039900249378, 0.6072041166380789, 0.5892547660311958, 0.6439834024896266, 0.4870790916209867, 0.5665818490245972, 0.484375, 0.6291000841042893, 0.5729632945389437, 0.5787610619469026]
2018-12-11 18:28:05,936 hibernate-distribution-3.3.2.GA | F Score of init pool: [0.7678883071553229, 0.7609075043630017, 0.7636684303350971, 0.573061224489796, 0.6480067854113656, 0.2693773824650571, 0.7668122270742358, 0.5968412302576891, 0.7186067827681026, 0.7548845470692718]
2018-12-11 18:28:56,375 apache-ant-1.7.0 | new F: 0.6496290189612531 budget 11
2018-12-11 18:28:59,659 Eval: 10
2018-12-11 18:30:48,649 jruby-1.4.0 | Optimized F Score for fold 0: 0.8481123792800702
2018-12-11 18:30:48,651 Starting a fold
2018-12-11 18:38:44,210 Eval: 12
2018-12-11 18:39:31,045 apache-jmeter-2.10 | F Score of init pool: [0.7636986301369864, 0.7393939393939395, 0.7633851468048359, 0.5716510903426791, 0.6583333333333333, 0.23797468354430376, 0.7614125753660638, 0.594422310756972, 0.7217235188509873, 0.7608318890814557]
2018-12-11 18:41:29,185 jEdit-4.2 | Optimized F Score for fold 4: 0.31927710843373497
[array([[10054,    12],
       [  202,    54]], dtype=int64), array([[10053,    13],
       [  206,    50]], dtype=int64), array([[10054,    12],
       [  200,    56]], dtype=int64), array([[10053,    13],
       [  197,    59]], dtype=int64), array([[10043,    23],
       [  203,    53]], dtype=int64)]
END
2018-12-11 18:41:31,367 
===============
2018-12-11 18:41:31,368 DATASET: sql12 | MAX_FEATURE: None | STOP_WORDS: english | FOLD: 5 | POOL_SIZE: 100000 | INIT_POOL: 10 | BUDGET: 10
2018-12-11 18:41:31,368 TRAINING DATA: TRUE: 3550 | FALSE: 43022
2018-12-11 18:41:31,368 TEST DATA: TRUE: 286 | FALSE: 6929
2018-12-11 18:41:31,370 sql12 | Starting our 5 fold cross validation for sql12
2018-12-11 18:41:31,565 Starting a fold
2018-12-11 18:43:58,151 apache-jmeter-2.10 | new F: 0.7648578811369509 budget 10
2018-12-11 18:44:55,671 emf-2.4.1 | F Score of init pool: [0.6384039900249378, 0.6072041166380789, 0.5892547660311958, 0.6439834024896266, 0.4870790916209867, 0.5665818490245972, 0.484375, 0.6291000841042893, 0.5729632945389437, 0.5787610619469026]
2018-12-11 18:44:58,079 hibernate-distribution-3.3.2.GA | new F: 0.7689625108979948 budget 4
2018-12-11 18:47:16,569 jfreechart-1.0.19 | F Score of init pool: [0.7749196141479099, 0.7520391517128874, 0.7784137367130007, 0.6049766718506998, 0.6782608695652174, 0.26745562130177514, 0.7698541329011345, 0.6343749999999999, 0.726962457337884, 0.7652892561983471]
2018-12-11 18:48:03,232 hibernate-distribution-3.3.2.GA | new F: 0.7711053089643167 budget 4
2018-12-11 18:50:51,521 jfreechart-1.0.19 | new F: 0.7794955248169244 budget 11
2018-12-11 18:51:03,612 columba-1.4-src | F Score of init pool: [0.7682333873581848, 0.7347611202635915, 0.7704918032786885, 0.5694551036070606, 0.6421725239616614, 0.23586040914560774, 0.767100977198697, 0.6086286594761171, 0.7121866897147796, 0.7555923777961888]
2018-12-11 18:52:44,401 apache-jmeter-2.10 | new F: 0.7814910025706941 budget 9
2018-12-11 18:53:15,808 jruby-1.4.0 | F Score of init pool: [0.7669699090272919, 0.5799055967633174, 0.6834030683403067, 0.8339483394833949, 0.8355555555555556, 0.6961403508771931, 0.6394756008739985, 0.8348082595870207, 0.8143884892086332, 0.8252569750367108]
2018-12-11 18:53:35,383 Eval: 12
2018-12-11 18:56:02,456 hibernate-distribution-3.3.2.GA | Optimized F Score for fold 4: 0.802439024390244
[array([[2472,   24],
       [ 136,  336]], dtype=int64), array([[2482,   14],
       [ 138,  334]], dtype=int64), array([[2481,   15],
       [ 140,  332]], dtype=int64), array([[2479,   17],
       [ 138,  334]], dtype=int64), array([[2477,   19],
       [ 143,  329]], dtype=int64)]
END
2018-12-11 18:58:09,638 emf-2.4.1 | new F: 0.6539735099337749 budget 8
2018-12-11 18:58:55,920 Eval: 11
2018-12-11 18:58:59,211 sql12 | F Score of init pool: [0.8276899924755456, 0.5944005743000718, 0.5981830887491265, 0.8141993957703927, 0.6113393590797042, 0.8036529680365299, 0.8108108108108109, 0.6293706293706294, 0.8066971080669711, 0.7364280094413848]
2018-12-11 18:59:40,481 columba-1.4-src | new F: 0.7725040916530279 budget 8
2018-12-11 19:01:22,574 apache-ant-1.7.0 | Optimized F Score for fold 3: 0.36363636363636365
2018-12-11 19:01:22,577 Starting a fold
2018-12-11 19:05:46,723 jfreechart-1.0.19 | new F: 0.7797716150081566 budget 7
2018-12-11 19:09:42,971 Eval: 12
2018-12-11 19:11:03,346 apache-jmeter-2.10 | Optimized F Score for fold 4: 0.7660818713450293
[array([[7616,   67],
       [ 105,  269]], dtype=int64), array([[7625,   58],
       [ 112,  262]], dtype=int64), array([[7630,   53],
       [ 114,  260]], dtype=int64), array([[7641,   42],
       [ 118,  256]], dtype=int64), array([[7635,   48],
       [ 112,  262]], dtype=int64)]
END
2018-12-11 19:11:57,331 Eval: 11
2018-12-11 19:11:59,198 jruby-1.4.0 | new F: 0.8364174685418209 budget 7
2018-12-11 19:13:29,702 emf-2.4.1 | Optimized F Score for fold 3: 0.4743589743589744
2018-12-11 19:13:29,704 Starting a fold
2018-12-11 19:14:11,403 Eval: 11
2018-12-11 19:16:38,295 columba-1.4-src | Optimized F Score for fold 4: 0.7855530474040633
[array([[6242,   22],
       [  29,  175]], dtype=int64), array([[6199,   65],
       [  27,  177]], dtype=int64), array([[6238,   26],
       [  31,  173]], dtype=int64), array([[6244,   20],
       [  32,  172]], dtype=int64), array([[6199,   65],
       [  30,  174]], dtype=int64)]
END
2018-12-11 19:20:18,979 Eval: 12
2018-12-11 19:21:28,548 Eval: 10
2018-12-11 19:22:08,518 jfreechart-1.0.19 | Optimized F Score for fold 4: 0.5619834710743802
[array([[4156,   43],
       [ 105,  104]], dtype=int64), array([[4148,   51],
       [ 104,  105]], dtype=int64), array([[4157,   42],
       [ 108,  101]], dtype=int64), array([[4156,   43],
       [ 106,  103]], dtype=int64), array([[4147,   52],
       [ 107,  102]], dtype=int64)]
END
2018-12-11 19:22:42,101 sql12 | Optimized F Score for fold 0: 0.6666666666666667
2018-12-11 19:22:42,102 Starting a fold
2018-12-11 19:23:22,374 jruby-1.4.0 | new F: 0.837037037037037 budget 4
2018-12-11 19:27:00,936 apache-ant-1.7.0 | F Score of init pool: [0.7714285714285714, 0.7382039573820397, 0.776595744680851, 0.5859000684462696, 0.6588579795021962, 0.24943820224719102, 0.7735139202407826, 0.6240227434257285, 0.7219123505976096, 0.7665130568356375]
2018-12-11 19:30:30,841 Eval: 12
2018-12-11 19:32:50,437 apache-ant-1.7.0 | new F: 0.7789473684210527 budget 9
2018-12-11 19:32:54,809 jruby-1.4.0 | Optimized F Score for fold 1: 0.8362369337979093
2018-12-11 19:32:54,810 Starting a fold
2018-12-11 19:34:03,511 sql12 | F Score of init pool: [0.7617850408548082, 0.6413502109704641, 0.7091377091377092, 0.8354600402955005, 0.8371467025572006, 0.7211660329531052, 0.700693131695022, 0.8366800535475235, 0.8125, 0.832010582010582]
2018-12-11 19:35:54,833 emf-2.4.1 | F Score of init pool: [0.7714285714285714, 0.7382039573820397, 0.776595744680851, 0.5859000684462696, 0.6588579795021962, 0.24943820224719102, 0.7735139202407826, 0.6240227434257285, 0.7219123505976096, 0.7665130568356375]
2018-12-11 19:37:26,761 apache-ant-1.7.0 | new F: 0.781038374717833 budget 8
2018-12-11 19:40:18,763 emf-2.4.1 | new F: 0.7769347496206374 budget 10
2018-12-11 19:50:01,936 sql12 | new F: 0.8384925975773889 budget 5
2018-12-11 19:51:54,505 Eval: 12
2018-12-11 19:52:42,588 jruby-1.4.0 | F Score of init pool: [0.507936507936508, 0.7292006525285482, 0.7843803056027164, 0.5869797225186767, 0.5906183368869936, 0.7529411764705883, 0.7367549668874173, 0.8431214802896219, 0.5490196078431372, 0.5067615658362989]
2018-12-11 19:53:55,723 apache-ant-1.7.0 | Optimized F Score for fold 4: 0.3937823834196891
[array([[3954,   13],
       [  95,   36]], dtype=int64), array([[3958,    9],
       [  96,   35]], dtype=int64), array([[3940,   27],
       [  92,   39]], dtype=int64), array([[3936,   31],
       [  95,   36]], dtype=int64), array([[3943,   24],
       [  93,   38]], dtype=int64)]
END
2018-12-11 19:54:22,775 sql12 | new F: 0.839142091152815 budget 4
2018-12-11 20:00:54,680 Eval: 12
2018-12-11 20:00:55,136 Eval: 11
2018-12-11 20:03:03,919 jruby-1.4.0 | new F: 0.8673894912427021 budget 6
2018-12-11 20:03:12,610 emf-2.4.1 | Optimized F Score for fold 4: 0.4743589743589744
[array([[4271,   15],
       [  66,   38]], dtype=int64), array([[4269,   17],
       [  65,   39]], dtype=int64), array([[4266,   20],
       [  66,   38]], dtype=int64), array([[4271,   15],
       [  67,   37]], dtype=int64), array([[4271,   15],
       [  67,   37]], dtype=int64)]
END
2018-12-11 20:03:15,581 sql12 | Optimized F Score for fold 1: 0.6578366445916114
2018-12-11 20:03:15,582 Starting a fold
2018-12-11 20:09:03,529 Eval: 11
2018-12-11 20:11:13,814 jruby-1.4.0 | Optimized F Score for fold 2: 0.7553398058252426
2018-12-11 20:11:13,816 Starting a fold
2018-12-11 20:15:39,096 sql12 | F Score of init pool: [0.547112462006079, 0.7515337423312883, 0.8155802861685215, 0.5697329376854601, 0.5660377358490567, 0.8444444444444446, 0.8173147468818782, 0.8620689655172413, 0.6196363636363637, 0.578363384188627]
2018-12-11 20:21:18,267 sql12 | new F: 0.8716780561883068 budget 7
2018-12-11 20:26:09,755 jruby-1.4.0 | F Score of init pool: [0.7456647398843931, 0.6961770623742454, 0.6639427987742594, 0.75, 0.5043478260869565, 0.5574468085106383, 0.48366013071895425, 0.7410281280310378, 0.6306878306878307, 0.6378947368421052]
2018-12-11 20:29:40,008 Eval: 11
2018-12-11 20:31:17,844 sql12 | Optimized F Score for fold 2: 0.6414253897550112
2018-12-11 20:31:17,844 Starting a fold
2018-12-11 20:32:05,480 jruby-1.4.0 | new F: 0.7543186180422266 budget 7
2018-12-11 20:38:36,454 Eval: 11
2018-12-11 20:39:22,784 jruby-1.4.0 | Optimized F Score for fold 3: 0.8351063829787235
2018-12-11 20:39:22,784 Starting a fold
2018-12-11 20:44:42,908 sql12 | F Score of init pool: [0.6993642143505904, 0.6452830188679245, 0.5794205794205796, 0.6983842010771992, 0.5614035087719299, 0.5930902111324375, 0.5572815533980583, 0.6716417910447761, 0.5962487660414609, 0.6017699115044248]
2018-12-11 20:45:24,502 sql12 | new F: 0.7004524886877829 budget 11
2018-12-11 20:51:16,961 jruby-1.4.0 | F Score of init pool: [0.5571725571725572, 0.5486542443064183, 0.5613660618996799, 0.4504995458673933, 0.48331648129423654, 0.2140921409214092, 0.5585774058577406, 0.46660212971926424, 0.5264317180616739, 0.558288770053476]
2018-12-11 20:53:56,803 jruby-1.4.0 | new F: 0.5659574468085107 budget 10
2018-12-11 20:54:20,596 Eval: 11
2018-12-11 20:55:04,819 sql12 | Optimized F Score for fold 3: 0.6075388026607539
2018-12-11 20:55:04,820 Starting a fold
2018-12-11 21:03:39,697 jruby-1.4.0 | new F: 0.5705059203444564 budget 4
2018-12-11 21:06:52,960 jruby-1.4.0 | new F: 0.5720430107526883 budget 2
2018-12-11 21:07:45,907 jruby-1.4.0 | new F: 0.5796178343949044 budget 2
2018-12-11 21:08:50,297 sql12 | F Score of init pool: [0.8092152627789776, 0.8028571428571428, 0.8167770419426048, 0.6407634628493524, 0.6965662228451296, 0.44468085106382976, 0.8138528138528138, 0.6338939197930142, 0.7456279809220986, 0.8018018018018018]
2018-12-11 21:08:55,177 Eval: 14
2018-12-11 21:09:44,988 jruby-1.4.0 | Optimized F Score for fold 4: 0.8628127696289905
[array([[4241,   34],
       [ 139,  483]], dtype=int64), array([[4229,   46],
       [ 142,  480]], dtype=int64), array([[4256,   19],
       [ 233,  389]], dtype=int64), array([[4240,   35],
       [ 151,  471]], dtype=int64), array([[4238,   37],
       [ 122,  500]], dtype=int64)]
END
2018-12-11 21:12:27,283 sql12 | new F: 0.8169219547775346 budget 8
2018-12-11 21:17:39,578 sql12 | new F: 0.8187134502923977 budget 3
2018-12-11 21:18:27,659 sql12 | new F: 0.823529411764706 budget 3
2018-12-11 21:19:47,954 Eval: 13
2018-12-11 21:20:39,050 sql12 | Optimized F Score for fold 4: 0.658008658008658
[array([[6913,   16],
       [ 135,  151]], dtype=int64), array([[6911,   18],
       [ 137,  149]], dtype=int64), array([[6910,   19],
       [ 142,  144]], dtype=int64), array([[6901,   28],
       [ 149,  137]], dtype=int64), array([[6905,   24],
       [ 134,  152]], dtype=int64)]
END

Process finished with exit code 0
