2018-12-12 00:20:20,533 
===============
2018-12-12 00:20:20,533 DATASET: apache-jmeter-2.10 | MAX_FEATURE: None | STOP_WORDS: english | FOLD: 5 | POOL_SIZE: 100000 | INIT_POOL: 10 | BUDGET: 10
2018-12-12 00:20:20,533 TRAINING DATA: TRUE: 3697 | FALSE: 50521
2018-12-12 00:20:20,534 TEST DATA: TRUE: 374 | FALSE: 7683
2018-12-12 00:20:20,534 apache-jmeter-2.10 | Starting our 5 fold cross validation for apache-jmeter-2.10
2018-12-12 00:20:20,544 
===============
2018-12-12 00:20:20,545 DATASET: apache-ant-1.7.0 | MAX_FEATURE: None | STOP_WORDS: english | FOLD: 5 | POOL_SIZE: 100000 | INIT_POOL: 10 | BUDGET: 10
2018-12-12 00:20:20,545 TRAINING DATA: TRUE: 3940 | FALSE: 54237
2018-12-12 00:20:20,545 TEST DATA: TRUE: 131 | FALSE: 3967
2018-12-12 00:20:20,555 apache-ant-1.7.0 | Starting our 5 fold cross validation for apache-ant-1.7.0
2018-12-12 00:20:20,729 apache-jmeter-2.10 | Starting a fold
2018-12-12 00:20:20,757 apache-ant-1.7.0 | Starting a fold
2018-12-12 00:20:20,784 
===============
2018-12-12 00:20:20,784 DATASET: columba-1.4-src | MAX_FEATURE: None | STOP_WORDS: english | FOLD: 5 | POOL_SIZE: 100000 | INIT_POOL: 10 | BUDGET: 10
2018-12-12 00:20:20,784 TRAINING DATA: TRUE: 3867 | FALSE: 51940
2018-12-12 00:20:20,784 TEST DATA: TRUE: 204 | FALSE: 6264
2018-12-12 00:20:20,785 columba-1.4-src | Starting our 5 fold cross validation for columba-1.4-src
2018-12-12 00:20:20,851 
===============
2018-12-12 00:20:20,851 DATASET: argouml | MAX_FEATURE: None | STOP_WORDS: english | FOLD: 5 | POOL_SIZE: 100000 | INIT_POOL: 10 | BUDGET: 10
2018-12-12 00:20:20,852 TRAINING DATA: TRUE: 2658 | FALSE: 50165
2018-12-12 00:20:20,852 TEST DATA: TRUE: 1413 | FALSE: 8039
2018-12-12 00:20:20,852 argouml | Starting our 5 fold cross validation for argouml
2018-12-12 00:20:20,977 columba-1.4-src | Starting a fold
2018-12-12 00:20:21,041 argouml | Starting a fold
2018-12-12 00:20:21,074 
===============
2018-12-12 00:20:21,074 DATASET: emf-2.4.1 | MAX_FEATURE: None | STOP_WORDS: english | FOLD: 5 | POOL_SIZE: 100000 | INIT_POOL: 10 | BUDGET: 10
2018-12-12 00:20:21,074 TRAINING DATA: TRUE: 3967 | FALSE: 53918
2018-12-12 00:20:21,074 TEST DATA: TRUE: 104 | FALSE: 4286
2018-12-12 00:20:21,075 emf-2.4.1 | Starting our 5 fold cross validation for emf-2.4.1
2018-12-12 00:20:21,244 
===============
2018-12-12 00:20:21,244 DATASET: hibernate-distribution-3.3.2.GA | MAX_FEATURE: None | STOP_WORDS: english | FOLD: 5 | POOL_SIZE: 100000 | INIT_POOL: 10 | BUDGET: 10
2018-12-12 00:20:21,244 TRAINING DATA: TRUE: 3599 | FALSE: 55708
2018-12-12 00:20:21,244 TEST DATA: TRUE: 472 | FALSE: 2496
2018-12-12 00:20:21,245 hibernate-distribution-3.3.2.GA | Starting our 5 fold cross validation for hibernate-distribution-3.3.2.GA
2018-12-12 00:20:21,265 emf-2.4.1 | Starting a fold
2018-12-12 00:20:21,408 
===============
2018-12-12 00:20:21,408 DATASET: jEdit-4.2 | MAX_FEATURE: None | STOP_WORDS: english | FOLD: 5 | POOL_SIZE: 100000 | INIT_POOL: 10 | BUDGET: 10
2018-12-12 00:20:21,408 TRAINING DATA: TRUE: 3815 | FALSE: 48138
2018-12-12 00:20:21,409 TEST DATA: TRUE: 256 | FALSE: 10066
2018-12-12 00:20:21,409 jEdit-4.2 | Starting our 5 fold cross validation for jEdit-4.2
2018-12-12 00:20:21,441 
===============
2018-12-12 00:20:21,441 DATASET: jfreechart-1.0.19 | MAX_FEATURE: None | STOP_WORDS: english | FOLD: 5 | POOL_SIZE: 100000 | INIT_POOL: 10 | BUDGET: 10
2018-12-12 00:20:21,441 TRAINING DATA: TRUE: 3862 | FALSE: 54005
2018-12-12 00:20:21,441 TEST DATA: TRUE: 209 | FALSE: 4199
2018-12-12 00:20:21,442 jfreechart-1.0.19 | Starting our 5 fold cross validation for jfreechart-1.0.19
2018-12-12 00:20:21,447 hibernate-distribution-3.3.2.GA | Starting a fold
2018-12-12 00:20:21,574 jEdit-4.2 | Starting a fold
2018-12-12 00:20:21,646 jfreechart-1.0.19 | Starting a fold
2018-12-12 00:37:13,723 argouml | F Score of init pool: [0.7281213535589265, 0.5371312309257376, 0.5915789473684211, 0.7291666666666667, 0.47437425506555425, 0.7238979118329467, 0.7308132875143185, 0.6122004357298475, 0.7249417249417248, 0.6628175519630485]
2018-12-12 00:42:08,589 argouml | new F: 0.7339449541284403 budget 9
2018-12-12 00:42:12,549 jEdit-4.2 | F Score of init pool: [0.794094794094794, 0.5597173144876325, 0.5838779956427015, 0.7734806629834254, 0.5716599190283401, 0.7654516640253566, 0.7543581616481776, 0.6024981631153563, 0.767644726407613, 0.6862123613312203]
2018-12-12 00:42:32,147 apache-jmeter-2.10 | F Score of init pool: [0.7897574123989218, 0.4079696394686907, 0.4489372731985485, 0.7929155313351498, 0.6006514657980456, 0.7872628726287263, 0.7696440564137005, 0.48239060832443975, 0.7905084745762712, 0.7038237200259235]
2018-12-12 00:43:49,032 hibernate-distribution-3.3.2.GA | F Score of init pool: [0.770764119601329, 0.5103349964362082, 0.5313868613138687, 0.7518923465096718, 0.5265866209262436, 0.7443419949706621, 0.7231543624161073, 0.5457249070631971, 0.7539882451721243, 0.6499162479061976]
2018-12-12 00:45:02,942 columba-1.4-src | F Score of init pool: [0.7902364607170099, 0.5606579849211789, 0.5745856353591161, 0.7769230769230769, 0.54983922829582, 0.7753846153846154, 0.7476780185758515, 0.6050420168067226, 0.7753846153846154, 0.6697602474864656]
2018-12-12 00:45:04,534 emf-2.4.1 | F Score of init pool: [0.7982261640798225, 0.5390625, 0.5458167330677292, 0.7923416789396172, 0.5464566929133858, 0.7846039970392302, 0.7710487444608567, 0.586720867208672, 0.7842846553002225, 0.6832579185520362]
2018-12-12 00:45:51,421 jfreechart-1.0.19 | F Score of init pool: [0.7957479119210328, 0.5333333333333334, 0.5586592178770949, 0.7822085889570551, 0.5517799352750808, 0.7822085889570551, 0.7570881226053641, 0.5774351786965661, 0.7822085889570551, 0.6858029480217223]
2018-12-12 00:45:54,693 apache-ant-1.7.0 | F Score of init pool: [0.8213125406107862, 0.5550351288056207, 0.5595307917888562, 0.8114807566862361, 0.6153846153846154, 0.80859375, 0.797886393659181, 0.5908543922984356, 0.811443433029909, 0.7240238252812708]
2018-12-12 00:47:12,506 argouml | new F: 0.7396313364055299 budget 7
2018-12-12 00:53:31,936 emf-2.4.1 | new F: 0.7994078460399704 budget 8
2018-12-12 01:01:30,418 argouml | Eval: 12
2018-12-12 01:03:37,896 argouml | Optimized F Score for fold 0: 0.8216374269005847
2018-12-12 01:03:37,896 argouml | Starting a fold
2018-12-12 01:06:04,546 columba-1.4-src | new F: 0.7920184190330009 budget 7
2018-12-12 01:06:26,835 apache-jmeter-2.10 | new F: 0.7948016415868673 budget 5
2018-12-12 01:06:54,749 jEdit-4.2 | Eval: 10
2018-12-12 01:09:20,408 jEdit-4.2 | Optimized F Score for fold 0: 0.3261538461538461
2018-12-12 01:09:20,409 jEdit-4.2 | Starting a fold
2018-12-12 01:11:20,323 emf-2.4.1 | Eval: 11
2018-12-12 01:14:14,929 emf-2.4.1 | Optimized F Score for fold 0: 0.4936708860759493
2018-12-12 01:14:14,930 emf-2.4.1 | Starting a fold
2018-12-12 01:15:04,493 apache-ant-1.7.0 | Eval: 10
2018-12-12 01:17:49,665 apache-ant-1.7.0 | Optimized F Score for fold 0: 0.4088397790055249
2018-12-12 01:17:49,665 apache-ant-1.7.0 | Starting a fold
2018-12-12 01:18:46,563 columba-1.4-src | Eval: 11
2018-12-12 01:19:16,129 hibernate-distribution-3.3.2.GA | Eval: 10
2018-12-12 01:20:32,688 columba-1.4-src | Optimized F Score for fold 0: 0.8693467336683417
2018-12-12 01:20:32,688 columba-1.4-src | Starting a fold
2018-12-12 01:21:47,630 hibernate-distribution-3.3.2.GA | Optimized F Score for fold 0: 0.8112058465286236
2018-12-12 01:21:47,630 hibernate-distribution-3.3.2.GA | Starting a fold
2018-12-12 01:22:37,078 apache-jmeter-2.10 | Eval: 11
2018-12-12 01:24:33,052 argouml | F Score of init pool: [0.7352625937834941, 0.5873015873015872, 0.6350282485875706, 0.7624190064794817, 0.7610810810810811, 0.668918918918919, 0.6731182795698926, 0.7690655209452202, 0.731006160164271, 0.7641408751334045]
2018-12-12 01:26:39,338 apache-jmeter-2.10 | Optimized F Score for fold 0: 0.7621776504297995
2018-12-12 01:26:39,339 apache-jmeter-2.10 | Starting a fold
2018-12-12 01:27:23,528 argouml | new F: 0.7715517241379312 budget 11
2018-12-12 01:27:45,566 jfreechart-1.0.19 | Eval: 10
2018-12-12 01:30:29,093 jfreechart-1.0.19 | Optimized F Score for fold 0: 0.580281690140845
2018-12-12 01:30:29,094 jfreechart-1.0.19 | Starting a fold
2018-12-12 01:34:29,952 jEdit-4.2 | F Score of init pool: [0.745958429561201, 0.5802197802197802, 0.6458333333333333, 0.8344615384615383, 0.8317929759704251, 0.6728216964800923, 0.6610475617098134, 0.8361858190709046, 0.8282465589467385, 0.8358388454600121]
2018-12-12 01:43:50,764 emf-2.4.1 | F Score of init pool: [0.6810387065164135, 0.5683520599250936, 0.5816186556927297, 0.823327615780446, 0.822654462242563, 0.608368594264222, 0.6358320042530569, 0.820250284414107, 0.7874526771227691, 0.8042151968940655]
2018-12-12 01:47:40,082 apache-ant-1.7.0 | F Score of init pool: [0.7865892972275951, 0.6336019838809671, 0.6753569211669771, 0.8611464968152867, 0.8564135290363752, 0.704823151125402, 0.6722257857601026, 0.8593252705283259, 0.8397435897435896, 0.8491406747294716]
2018-12-12 01:48:09,523 hibernate-distribution-3.3.2.GA | F Score of init pool: [0.6544310435238595, 0.5536332179930796, 0.5789473684210527, 0.8175633889919603, 0.8186335403726708, 0.6161342717920952, 0.5893129770992367, 0.8167797655768044, 0.7686046511627906, 0.8033775633293124]
2018-12-12 01:48:28,156 jEdit-4.2 | new F: 0.8376899696048632 budget 8
2018-12-12 01:48:36,266 columba-1.4-src | F Score of init pool: [0.6998982706002035, 0.43614182234083115, 0.582947173308619, 0.8226371061843641, 0.8218053927315357, 0.612517916865743, 0.5778428501708149, 0.8207217694994179, 0.7817878956135481, 0.8040885860306642]
2018-12-12 01:51:23,282 jEdit-4.2 | new F: 0.8380493678506924 budget 8
2018-12-12 01:53:15,500 hibernate-distribution-3.3.2.GA | new F: 0.8188585607940447 budget 11
2018-12-12 01:54:46,212 apache-jmeter-2.10 | F Score of init pool: [0.7693409742120344, 0.6085164835164836, 0.6139410187667561, 0.8760217983651225, 0.8752556237218813, 0.6602343211578222, 0.667617689015692, 0.8738922972051807, 0.8384970336189849, 0.8451827242524917]
2018-12-12 01:55:05,885 argouml | new F: 0.7732181425485961 budget 2
2018-12-12 01:57:26,645 argouml | Eval: 12
2018-12-12 02:00:01,450 jEdit-4.2 | new F: 0.8398058252427185 budget 7
2018-12-12 02:00:13,823 argouml | Optimized F Score for fold 1: 0.8212844036697248
2018-12-12 02:00:13,823 argouml | Starting a fold
2018-12-12 02:00:25,436 jfreechart-1.0.19 | F Score of init pool: [0.6981519507186857, 0.48800325335502237, 0.6168505516549648, 0.8194038573933371, 0.8226950354609929, 0.6381443298969072, 0.5621414913957935, 0.8179696616102683, 0.7859922178988327, 0.8029445073612683]
2018-12-12 02:06:43,537 emf-2.4.1 | new F: 0.8348837209302326 budget 6
2018-12-12 02:14:55,338 hibernate-distribution-3.3.2.GA | new F: 0.8194878201124297 budget 7
2018-12-12 02:17:32,752 jfreechart-1.0.19 | new F: 0.8231132075471699 budget 9
2018-12-12 02:19:26,703 jEdit-4.2 | Eval: 13
2018-12-12 02:22:57,675 jEdit-4.2 | Optimized F Score for fold 1: 0.38596491228070173
2018-12-12 02:22:57,676 jEdit-4.2 | Starting a fold
2018-12-12 02:23:16,703 emf-2.4.1 | new F: 0.8355607205113307 budget 3
2018-12-12 02:27:48,528 argouml | F Score of init pool: [0.5101822079314041, 0.6354515050167224, 0.6594724220623501, 0.3374233128834356, 0.33486943164362515, 0.6581986143187066, 0.6487093153759821, 0.6581096849474912, 0.54989816700611, 0.5161943319838056]
2018-12-12 02:30:29,359 emf-2.4.1 | Eval: 12
2018-12-12 02:32:15,498 apache-jmeter-2.10 | new F: 0.8764505119453925 budget 5
2018-12-12 02:33:22,278 columba-1.4-src | new F: 0.8231173380035026 budget 3
2018-12-12 02:34:12,985 emf-2.4.1 | Optimized F Score for fold 1: 0.4645161290322581
2018-12-12 02:34:12,985 emf-2.4.1 | Starting a fold
2018-12-12 02:35:25,914 argouml | new F: 0.6635294117647058 budget 7
2018-12-12 02:41:06,421 hibernate-distribution-3.3.2.GA | Eval: 12
2018-12-12 02:42:25,142 argouml | Eval: 11
2018-12-12 02:42:58,210 columba-1.4-src | Eval: 11
2018-12-12 02:43:21,255 argouml | Optimized F Score for fold 2: 0.8092105263157895
2018-12-12 02:43:21,255 argouml | Starting a fold
2018-12-12 02:46:37,255 hibernate-distribution-3.3.2.GA | Optimized F Score for fold 1: 0.7990255785627284
2018-12-12 02:46:37,256 hibernate-distribution-3.3.2.GA | Starting a fold
2018-12-12 02:47:47,953 columba-1.4-src | Optimized F Score for fold 1: 0.8661800486618005
2018-12-12 02:47:47,953 columba-1.4-src | Starting a fold
2018-12-12 02:47:58,776 apache-ant-1.7.0 | Eval: 10
2018-12-12 02:52:35,236 apache-ant-1.7.0 | Optimized F Score for fold 1: 0.45026178010471213
2018-12-12 02:52:35,236 apache-ant-1.7.0 | Starting a fold
2018-12-12 02:53:23,009 apache-jmeter-2.10 | Eval: 11
2018-12-12 02:56:05,751 jfreechart-1.0.19 | new F: 0.8238067177371833 budget 4
2018-12-12 02:57:35,913 apache-jmeter-2.10 | Optimized F Score for fold 1: 0.763271162123386
2018-12-12 02:57:35,913 apache-jmeter-2.10 | Starting a fold
2018-12-12 02:58:29,080 jEdit-4.2 | F Score of init pool: [0.6176232821341957, 0.7608861726508785, 0.7737556561085972, 0.44019138755980863, 0.46305418719211816, 0.7652439024390244, 0.7587253414264037, 0.7548005908419497, 0.6, 0.5368492224475997]
2018-12-12 03:12:39,720 jfreechart-1.0.19 | Eval: 12
2018-12-12 03:15:41,039 emf-2.4.1 | F Score of init pool: [0.5735294117647058, 0.7934705464868701, 0.810655147588193, 0.49906542056074765, 0.4985941893158388, 0.7985714285714286, 0.7863247863247864, 0.8112391930835735, 0.6175869120654397, 0.5511811023622047]
2018-12-12 03:15:41,949 argouml | F Score of init pool: [0.830945558739255, 0.7888198757763976, 0.6832579185520363, 0.8093023255813954, 0.6619718309859155, 0.7277676950998185, 0.6577301161751564, 0.8296593186372746, 0.7639198218262806, 0.7707641196013288]
2018-12-12 03:18:02,118 jfreechart-1.0.19 | Optimized F Score for fold 1: 0.5907859078590785
2018-12-12 03:18:02,119 jfreechart-1.0.19 | Starting a fold
2018-12-12 03:18:44,272 argouml | new F: 0.8375241779497097 budget 11
2018-12-12 03:22:07,266 jEdit-4.2 | new F: 0.7798647633358378 budget 4
2018-12-12 03:26:56,250 columba-1.4-src | F Score of init pool: [0.568642160540135, 0.7303030303030301, 0.7540229885057472, 0.44950495049504957, 0.43912175648702595, 0.743161094224924, 0.7400150715900526, 0.7551803530314658, 0.5628997867803838, 0.5157673440784863]
2018-12-12 03:27:37,423 jEdit-4.2 | Eval: 11
2018-12-12 03:28:51,996 jEdit-4.2 | Optimized F Score for fold 2: 0.33125
2018-12-12 03:28:51,996 jEdit-4.2 | Starting a fold
2018-12-12 03:30:44,023 argouml | new F: 0.8396501457725947 budget 7
2018-12-12 03:31:10,697 hibernate-distribution-3.3.2.GA | F Score of init pool: [0.5611156685808039, 0.7906614785992219, 0.8219607843137254, 0.4735729386892178, 0.4321389793702498, 0.803125, 0.7946916471506635, 0.8259172521467603, 0.6002886002886003, 0.5571227080394922]
2018-12-12 03:31:19,922 emf-2.4.1 | new F: 0.830945558739255 budget 7
2018-12-12 03:31:20,844 apache-jmeter-2.10 | F Score of init pool: [0.5127362366474938, 0.7666928515318147, 0.7643312101910829, 0.35384615384615387, 0.3262569832402235, 0.7877358490566038, 0.7789968652037619, 0.7923930269413628, 0.5606390704429921, 0.5236728837876614]
2018-12-12 03:35:37,627 apache-ant-1.7.0 | F Score of init pool: [0.5370101596516691, 0.7342143906020557, 0.754688672168042, 0.5344352617079889, 0.5357798165137615, 0.8062455642299504, 0.7144992526158446, 0.81169757489301, 0.5718120805369128, 0.4945054945054945]
2018-12-12 03:36:42,429 apache-jmeter-2.10 | new F: 0.7927501970055162 budget 10
2018-12-12 03:43:37,979 columba-1.4-src | new F: 0.7572964669738864 budget 8
2018-12-12 03:48:34,881 apache-ant-1.7.0 | new F: 0.8215053763440859 budget 8
2018-12-12 03:48:55,119 argouml | new F: 0.8454810495626822 budget 4
2018-12-12 03:54:30,799 apache-jmeter-2.10 | new F: 0.804416403785489 budget 5
2018-12-12 03:58:13,789 jfreechart-1.0.19 | F Score of init pool: [0.5107011070110702, 0.7451564828614009, 0.7740963855421686, 0.4656188605108055, 0.45911330049261084, 0.7529761904761904, 0.7361419068736141, 0.7627627627627627, 0.5461638491547465, 0.49251870324189523]
2018-12-12 03:59:59,573 emf-2.4.1 | Eval: 11
2018-12-12 04:00:42,955 apache-jmeter-2.10 | new F: 0.8062992125984252 budget 3
2018-12-12 04:01:33,163 apache-ant-1.7.0 | Eval: 11
2018-12-12 04:02:46,528 argouml | Eval: 13
2018-12-12 04:02:49,220 emf-2.4.1 | Optimized F Score for fold 2: 0.4516129032258065
2018-12-12 04:02:49,220 emf-2.4.1 | Starting a fold
2018-12-12 04:04:34,481 apache-jmeter-2.10 | Eval: 13
2018-12-12 04:04:46,001 jEdit-4.2 | F Score of init pool: [0.7812728602779809, 0.7534246575342466, 0.7272727272727273, 0.7833698030634574, 0.53737658674189, 0.6355685131195334, 0.4986111111111111, 0.7623982235381198, 0.7160096540627513, 0.7207637231503582]
2018-12-12 04:05:41,552 columba-1.4-src | Eval: 11
2018-12-12 04:05:48,199 apache-ant-1.7.0 | Optimized F Score for fold 2: 0.39344262295081966
2018-12-12 04:05:48,200 apache-ant-1.7.0 | Starting a fold
2018-12-12 04:06:21,101 argouml | Optimized F Score for fold 3: 0.8254545454545456
2018-12-12 04:06:21,101 argouml | Starting a fold
2018-12-12 04:06:46,771 apache-jmeter-2.10 | Optimized F Score for fold 2: 0.7680945347119645
2018-12-12 04:06:46,771 apache-jmeter-2.10 | Starting a fold
2018-12-12 04:09:29,478 columba-1.4-src | Optimized F Score for fold 2: 0.8678304239401496
2018-12-12 04:09:29,479 columba-1.4-src | Starting a fold
2018-12-12 04:10:35,882 hibernate-distribution-3.3.2.GA | Eval: 10
2018-12-12 04:14:30,679 hibernate-distribution-3.3.2.GA | Optimized F Score for fold 2: 0.8053855569155447
2018-12-12 04:14:30,680 hibernate-distribution-3.3.2.GA | Starting a fold
2018-12-12 04:16:15,021 jfreechart-1.0.19 | new F: 0.7782805429864255 budget 3
2018-12-12 04:19:03,339 jfreechart-1.0.19 | new F: 0.7819548872180451 budget 2
2018-12-12 04:20:25,995 jfreechart-1.0.19 | Eval: 12
2018-12-12 04:21:32,439 jfreechart-1.0.19 | Optimized F Score for fold 2: 0.5597667638483965
2018-12-12 04:21:32,439 jfreechart-1.0.19 | Starting a fold
2018-12-12 04:32:08,760 jEdit-4.2 | Eval: 10
2018-12-12 04:34:29,741 jEdit-4.2 | Optimized F Score for fold 3: 0.3976608187134502
2018-12-12 04:34:29,742 jEdit-4.2 | Starting a fold
2018-12-12 04:34:43,144 argouml | F Score of init pool: [0.7447257383966244, 0.7303252885624343, 0.7558886509635975, 0.6048780487804879, 0.7126436781609196, 0.3266563944530046, 0.750795334040297, 0.6383399209486166, 0.7458745874587458, 0.7529665587918015]
2018-12-12 04:39:48,139 argouml | new F: 0.7580299785867237 budget 10
2018-12-12 04:45:01,825 apache-jmeter-2.10 | F Score of init pool: [0.6490630323679727, 0.6049382716049382, 0.5752930568079351, 0.6497031382527566, 0.5294117647058824, 0.5474060822898033, 0.5247971145175834, 0.6375321336760925, 0.5649717514124294, 0.5636704119850187]
2018-12-12 04:47:09,784 emf-2.4.1 | F Score of init pool: [0.6724003127443315, 0.6331983805668017, 0.6016666666666667, 0.6729411764705883, 0.5170499603489295, 0.5895765472312703, 0.507557677008751, 0.6581673306772909, 0.5937234944868532, 0.60084388185654]
2018-12-12 04:47:50,127 apache-ant-1.7.0 | F Score of init pool: [0.6570281124497993, 0.6269644334160464, 0.5961049957662997, 0.6586345381526104, 0.5205696202531647, 0.5876543209876544, 0.5125, 0.642681929681112, 0.5829750644883921, 0.5950554134697358]
2018-12-12 04:51:36,901 apache-ant-1.7.0 | new F: 0.6618705035971223 budget 10
2018-12-12 04:51:46,589 columba-1.4-src | F Score of init pool: [0.662379421221865, 0.6220735785953178, 0.5919589392643285, 0.6596942880128721, 0.523961661341853, 0.5750209555741828, 0.5086614173228348, 0.6442070665571077, 0.59135039717564, 0.5924627519719544]
2018-12-12 04:54:08,643 emf-2.4.1 | new F: 0.673469387755102 budget 10
2018-12-12 04:54:42,931 hibernate-distribution-3.3.2.GA | F Score of init pool: [0.6010830324909747, 0.5509433962264151, 0.5160038797284191, 0.6064981949458483, 0.5115452930728243, 0.572463768115942, 0.49116607773851595, 0.5730232558139534, 0.49848024316109424, 0.49849246231155775]
2018-12-12 04:57:50,027 hibernate-distribution-3.3.2.GA | new F: 0.6077547339945898 budget 11
2018-12-12 04:58:30,168 apache-jmeter-2.10 | new F: 0.6547921967769297 budget 8
2018-12-12 05:00:41,872 emf-2.4.1 | new F: 0.6739811912225705 budget 9
2018-12-12 05:01:42,048 hibernate-distribution-3.3.2.GA | new F: 0.6084608460846084 budget 10
2018-12-12 05:04:35,050 jfreechart-1.0.19 | F Score of init pool: [0.7223113964686997, 0.6778523489932886, 0.6406926406926406, 0.7237790232185748, 0.564625850340136, 0.6240663900414938, 0.5579831932773108, 0.6974443528441879, 0.6258741258741259, 0.634231103388358]
2018-12-12 05:06:54,266 jEdit-4.2 | F Score of init pool: [0.7410852713178294, 0.7204385277995302, 0.7509758001561281, 0.562691131498471, 0.6646479939439819, 0.24660633484162892, 0.7395348837209302, 0.5932584269662922, 0.713821138211382, 0.7417322834645669]
2018-12-12 05:10:00,918 apache-jmeter-2.10 | new F: 0.6564885496183207 budget 5
2018-12-12 05:14:13,355 argouml | Eval: 11
2018-12-12 05:17:47,778 argouml | Optimized F Score for fold 4: 0.8371924746743848
2018-12-12 05:17:47,786 END CROSS PROJECT=====
2018-12-12 05:17:49,312 
===============
2018-12-12 05:17:49,313 DATASET: jruby-1.4.0 | MAX_FEATURE: None | STOP_WORDS: english | FOLD: 5 | POOL_SIZE: 100000 | INIT_POOL: 10 | BUDGET: 10
2018-12-12 05:17:49,313 TRAINING DATA: TRUE: 3449 | FALSE: 53929
2018-12-12 05:17:49,313 TEST DATA: TRUE: 622 | FALSE: 4275
2018-12-12 05:17:49,313 jruby-1.4.0 | Starting our 5 fold cross validation for jruby-1.4.0
2018-12-12 05:17:49,485 jruby-1.4.0 | Starting a fold
2018-12-12 05:18:34,954 hibernate-distribution-3.3.2.GA | new F: 0.6109613656783468 budget 6
2018-12-12 05:21:20,500 columba-1.4-src | Eval: 10
2018-12-12 05:21:29,404 hibernate-distribution-3.3.2.GA | new F: 0.6198198198198198 budget 5
2018-12-12 05:23:08,048 apache-ant-1.7.0 | Eval: 11
2018-12-12 05:23:18,652 apache-jmeter-2.10 | Eval: 12
2018-12-12 05:23:52,221 jfreechart-1.0.19 | new F: 0.7294685990338163 budget 4
2018-12-12 05:24:42,235 emf-2.4.1 | Eval: 12
2018-12-12 05:24:45,690 columba-1.4-src | Optimized F Score for fold 3: 0.851581508515815
2018-12-12 05:24:45,690 columba-1.4-src | Starting a fold
2018-12-12 05:26:02,045 apache-ant-1.7.0 | Optimized F Score for fold 3: 0.391304347826087
2018-12-12 05:26:02,046 apache-ant-1.7.0 | Starting a fold
2018-12-12 05:26:58,599 apache-jmeter-2.10 | Optimized F Score for fold 3: 0.7635829662261381
2018-12-12 05:26:58,600 apache-jmeter-2.10 | Starting a fold
2018-12-12 05:28:16,165 emf-2.4.1 | Optimized F Score for fold 3: 0.4285714285714286
2018-12-12 05:28:16,165 emf-2.4.1 | Starting a fold
2018-12-12 05:28:26,887 hibernate-distribution-3.3.2.GA | Eval: 14
2018-12-12 05:28:48,960 jfreechart-1.0.19 | new F: 0.7307692307692307 budget 3
2018-12-12 05:30:09,919 hibernate-distribution-3.3.2.GA | Optimized F Score for fold 3: 0.8049079754601227
2018-12-12 05:30:09,920 hibernate-distribution-3.3.2.GA | Starting a fold
2018-12-12 05:36:58,990 jfreechart-1.0.19 | Eval: 12
2018-12-12 05:40:28,107 jruby-1.4.0 | F Score of init pool: [0.7652173913043478, 0.5381165919282512, 0.5376999238385376, 0.7451669595782076, 0.5045537340619307, 0.7440633245382587, 0.7244094488188977, 0.5513513513513514, 0.7506561679790026, 0.6527050610820244]
2018-12-12 05:40:29,923 jfreechart-1.0.19 | Optimized F Score for fold 3: 0.5722379603399433
2018-12-12 05:40:29,923 jfreechart-1.0.19 | Starting a fold
2018-12-12 05:41:58,145 jEdit-4.2 | new F: 0.7525370804059328 budget 3
2018-12-12 05:47:15,373 jruby-1.4.0 | new F: 0.7661431064572426 budget 9
2018-12-12 05:49:47,360 jEdit-4.2 | Eval: 11
2018-12-12 05:53:43,431 jEdit-4.2 | Optimized F Score for fold 4: 0.3483483483483484
2018-12-12 05:53:43,435 END CROSS PROJECT=====
2018-12-12 05:53:44,768 
===============
2018-12-12 05:53:44,768 DATASET: sql12 | MAX_FEATURE: None | STOP_WORDS: english | FOLD: 5 | POOL_SIZE: 100000 | INIT_POOL: 10 | BUDGET: 10
2018-12-12 05:53:44,768 TRAINING DATA: TRUE: 3785 | FALSE: 51275
2018-12-12 05:53:44,768 TEST DATA: TRUE: 286 | FALSE: 6929
2018-12-12 05:53:44,768 sql12 | Starting our 5 fold cross validation for sql12
2018-12-12 05:53:44,939 sql12 | Starting a fold
2018-12-12 05:59:16,169 apache-jmeter-2.10 | F Score of init pool: [0.7488226059654631, 0.7403921568627452, 0.7660910518053375, 0.5897810218978102, 0.6621823617339313, 0.22485207100591711, 0.7586206896551724, 0.6094674556213017, 0.726825266611977, 0.7677725118483413]
2018-12-12 06:02:34,205 columba-1.4-src | F Score of init pool: [0.7640117994100295, 0.7462908011869437, 0.774049217002237, 0.5749827228749135, 0.6803685329553507, 0.23793490460157124, 0.765011119347665, 0.6062283737024221, 0.720820189274448, 0.7568389057750761]
2018-12-12 06:05:43,862 apache-ant-1.7.0 | F Score of init pool: [0.7657142857142858, 0.7384393063583815, 0.7739130434782608, 0.5736534717715769, 0.6694271911663217, 0.26058631921824105, 0.7672413793103448, 0.6090322580645161, 0.7190839694656489, 0.7656135194709771]
2018-12-12 06:06:55,346 columba-1.4-src | new F: 0.7743857036485481 budget 11
2018-12-12 06:07:51,017 emf-2.4.1 | F Score of init pool: [0.7668320340184267, 0.7517730496453899, 0.7792954708842559, 0.5840938722294655, 0.6778711484593838, 0.2616216216216216, 0.7659269863994274, 0.6205533596837944, 0.7199391171993912, 0.769230769230769]
2018-12-12 06:09:34,209 hibernate-distribution-3.3.2.GA | F Score of init pool: [0.7492211838006231, 0.7409126063418408, 0.7614533965244866, 0.559774964838256, 0.6541353383458647, 0.24489795918367344, 0.7478532396565183, 0.5925925925925926, 0.7272727272727273, 0.7571428571428571]
2018-12-12 06:11:21,922 columba-1.4-src | new F: 0.7760299625468166 budget 11
2018-12-12 06:12:49,550 jruby-1.4.0 | Eval: 11
2018-12-12 06:13:18,806 hibernate-distribution-3.3.2.GA | new F: 0.7680250783699061 budget 11
2018-12-12 06:15:19,098 sql12 | F Score of init pool: [0.7861635220125787, 0.5815405968077724, 0.5897255453905701, 0.7734806629834254, 0.5882352941176471, 0.7755102040816326, 0.752755905511811, 0.6215253029223093, 0.7726199842643587, 0.68503937007874]
2018-12-12 06:15:25,095 jruby-1.4.0 | Optimized F Score for fold 0: 0.8503937007874015
2018-12-12 06:15:25,095 jruby-1.4.0 | Starting a fold
2018-12-12 06:17:20,925 emf-2.4.1 | new F: 0.782051282051282 budget 10
2018-12-12 06:19:39,181 apache-jmeter-2.10 | new F: 0.7715179968701096 budget 7
2018-12-12 06:20:09,094 jfreechart-1.0.19 | F Score of init pool: [0.7676767676767676, 0.7548526240115025, 0.7892049598832969, 0.6097560975609756, 0.6894586894586894, 0.27789934354485774, 0.7745664739884393, 0.6297056810403833, 0.7456340167046317, 0.7826725403817915]
2018-12-12 06:24:32,039 jfreechart-1.0.19 | new F: 0.789512017479971 budget 11
2018-12-12 06:28:46,705 jfreechart-1.0.19 | new F: 0.792507204610951 budget 11
2018-12-12 06:30:03,501 apache-ant-1.7.0 | new F: 0.7751265365148229 budget 6
2018-12-12 06:32:57,831 apache-jmeter-2.10 | new F: 0.7725856697819314 budget 4
2018-12-12 06:33:30,558 apache-ant-1.7.0 | new F: 0.7755395683453238 budget 6
2018-12-12 06:36:22,487 apache-jmeter-2.10 | new F: 0.7789968652037619 budget 4
2018-12-12 06:39:30,382 apache-jmeter-2.10 | new F: 0.779607843137255 budget 4
2018-12-12 06:42:02,795 apache-jmeter-2.10 | new F: 0.7804499612102406 budget 4
2018-12-12 06:42:13,810 jruby-1.4.0 | F Score of init pool: [0.5929160601649686, 0.45099739809193407, 0.5585677749360614, 0.8160407383831955, 0.8181818181818181, 0.5758354755784061, 0.4934948407357559, 0.8136882129277566, 0.7390804597701149, 0.7741545893719808]
2018-12-12 06:42:47,529 columba-1.4-src | new F: 0.7762081784386616 budget 4
2018-12-12 06:49:51,328 sql12 | Eval: 10
2018-12-12 06:52:06,142 emf-2.4.1 | Eval: 11
2018-12-12 06:52:10,188 apache-jmeter-2.10 | Eval: 15
2018-12-12 06:52:11,250 sql12 | Optimized F Score for fold 0: 0.6547884187082406
2018-12-12 06:52:11,250 sql12 | Starting a fold
2018-12-12 06:54:37,283 apache-ant-1.7.0 | Eval: 12
2018-12-12 06:54:39,767 apache-jmeter-2.10 | Optimized F Score for fold 4: 0.7594202898550724
2018-12-12 06:54:39,767 END CROSS PROJECT=====
2018-12-12 06:54:56,283 columba-1.4-src | Eval: 13
2018-12-12 06:55:46,390 hibernate-distribution-3.3.2.GA | Eval: 11
2018-12-12 06:56:35,224 emf-2.4.1 | Optimized F Score for fold 4: 0.46835443037974683
2018-12-12 06:56:35,224 END CROSS PROJECT=====
2018-12-12 06:57:36,332 apache-ant-1.7.0 | Optimized F Score for fold 4: 0.422680412371134
2018-12-12 06:57:36,332 END CROSS PROJECT=====
2018-12-12 06:58:29,744 columba-1.4-src | Optimized F Score for fold 4: 0.7919463087248322
2018-12-12 06:58:29,744 END CROSS PROJECT=====
2018-12-12 06:58:41,535 hibernate-distribution-3.3.2.GA | Optimized F Score for fold 4: 0.7985347985347985
2018-12-12 06:58:41,535 END CROSS PROJECT=====
2018-12-12 07:00:05,203 jfreechart-1.0.19 | new F: 0.7930283224400871 budget 4
2018-12-12 07:07:21,193 jfreechart-1.0.19 | Eval: 13
2018-12-12 07:07:41,618 sql12 | F Score of init pool: [0.6915113871635611, 0.5259545259545261, 0.6347055758207399, 0.8219832735961768, 0.819553409776705, 0.6407766990291262, 0.6714601769911505, 0.819047619047619, 0.7778399552322329, 0.8020713463751439]
2018-12-12 07:09:29,406 jfreechart-1.0.19 | Optimized F Score for fold 4: 0.5799457994579945
2018-12-12 07:09:29,422 END CROSS PROJECT=====
2018-12-12 07:14:06,861 jruby-1.4.0 | Eval: 10
2018-12-12 07:16:10,710 jruby-1.4.0 | Optimized F Score for fold 1: 0.8396551724137931
2018-12-12 07:16:10,710 jruby-1.4.0 | Starting a fold
2018-12-12 07:25:31,282 sql12 | Eval: 10
2018-12-12 07:27:17,803 sql12 | Optimized F Score for fold 1: 0.6475770925110131
2018-12-12 07:27:17,803 sql12 | Starting a fold
2018-12-12 07:34:07,604 jruby-1.4.0 | F Score of init pool: [0.5446559297218155, 0.7529047250193649, 0.805732484076433, 0.6065411298315164, 0.6023856858846919, 0.7773467804499612, 0.76, 0.8586387434554974, 0.5194462755438365, 0.4679771718452759]
2018-12-12 07:42:22,304 sql12 | F Score of init pool: [0.5627563576702216, 0.7716049382716049, 0.7874617737003058, 0.5587121212121212, 0.5540796963946869, 0.8351648351648352, 0.8250000000000001, 0.8400292184075968, 0.6540499621498864, 0.5668523676880223]
2018-12-12 07:45:32,832 jruby-1.4.0 | Eval: 10
2018-12-12 07:46:59,339 jruby-1.4.0 | Optimized F Score for fold 2: 0.8270944741532976
2018-12-12 07:46:59,339 jruby-1.4.0 | Starting a fold
2018-12-12 07:52:13,849 sql12 | new F: 0.8408759124087591 budget 4
2018-12-12 07:56:21,460 sql12 | Eval: 11
2018-12-12 07:57:42,719 sql12 | Optimized F Score for fold 2: 0.6339285714285714
2018-12-12 07:57:42,719 sql12 | Starting a fold
2018-12-12 08:04:17,408 jruby-1.4.0 | F Score of init pool: [0.7188049209138841, 0.6859273066169618, 0.6742209631728044, 0.7317502198768691, 0.4403491755577109, 0.5209923664122137, 0.4321705426356589, 0.7280939476061427, 0.6182531894013739, 0.6223091976516635]
2018-12-12 08:06:33,878 jruby-1.4.0 | new F: 0.7407407407407407 budget 9
2018-12-12 08:12:43,382 sql12 | F Score of init pool: [0.6997476871320437, 0.6461808604038631, 0.6216696269982238, 0.7062761506276151, 0.5381244522348817, 0.5859982713915298, 0.519434628975265, 0.6757215619694398, 0.5871559633027523, 0.5987261146496815]
2018-12-12 08:12:58,976 jruby-1.4.0 | new F: 0.7429577464788732 budget 5
2018-12-12 08:14:03,272 jruby-1.4.0 | new F: 0.7438162544169611 budget 5
2018-12-12 08:16:17,163 sql12 | new F: 0.7073578595317727 budget 8
2018-12-12 08:17:42,334 jruby-1.4.0 | Eval: 13
2018-12-12 08:18:45,220 jruby-1.4.0 | Optimized F Score for fold 3: 0.864069264069264
2018-12-12 08:18:45,220 jruby-1.4.0 | Starting a fold
2018-12-12 08:22:27,848 sql12 | Eval: 11
2018-12-12 08:23:12,927 sql12 | Optimized F Score for fold 3: 0.634920634920635
2018-12-12 08:23:12,927 sql12 | Starting a fold
2018-12-12 08:33:01,326 jruby-1.4.0 | F Score of init pool: [0.5528612997090203, 0.549662487945998, 0.5515210991167812, 0.44324324324324327, 0.4847328244274809, 0.21238938053097345, 0.550921435499515, 0.4547945205479452, 0.5139896373056995, 0.5346733668341709]
2018-12-12 08:35:07,135 jruby-1.4.0 | new F: 0.5666991236611489 budget 10
2018-12-12 08:38:26,961 sql12 | F Score of init pool: [0.8213081591368847, 0.8106312292358804, 0.8279643591501028, 0.6689053055742108, 0.7571623465211459, 0.4594059405940594, 0.8245614035087718, 0.6880984952120384, 0.7670196671709532, 0.813986013986014]
2018-12-12 08:41:30,230 sql12 | new F: 0.8283530229325919 budget 10
2018-12-12 08:43:09,317 sql12 | new F: 0.8295687885010267 budget 10
2018-12-12 08:44:46,731 sql12 | new F: 0.835030549898167 budget 10
2018-12-12 08:44:51,600 jruby-1.4.0 | Eval: 11
2018-12-12 08:45:39,247 jruby-1.4.0 | Optimized F Score for fold 4: 0.8802039082412914
2018-12-12 08:45:39,247 END CROSS PROJECT=====
2018-12-12 08:46:11,214 sql12 | new F: 0.8368314150304671 budget 10
2018-12-12 08:58:03,553 sql12 | Eval: 14
2018-12-12 08:59:19,754 sql12 | Optimized F Score for fold 4: 0.6565217391304349
2018-12-12 08:59:19,770 END CROSS PROJECT=====
2018-12-12 08:59:20,819 
===============
2018-12-12 08:59:20,819 DATASET: apache-ant-1.7.0 | MAX_FEATURE: None | STOP_WORDS: english | FOLD: 5 | POOL_SIZE: 100000 | INIT_POOL: 10 | BUDGET: 10
2018-12-12 08:59:20,819 TRAINING DATA: TRUE: 3940 | FALSE: 54237
2018-12-12 08:59:20,819 TEST DATA: TRUE: 131 | FALSE: 3967
2018-12-12 08:59:20,819 apache-ant-1.7.0 | Starting our 5 fold cross validation for apache-ant-1.7.0
2018-12-12 08:59:20,975 apache-ant-1.7.0 | Starting a fold
2018-12-12 08:59:26,378 
===============
2018-12-12 08:59:26,378 DATASET: emf-2.4.1 | MAX_FEATURE: None | STOP_WORDS: english | FOLD: 5 | POOL_SIZE: 100000 | INIT_POOL: 10 | BUDGET: 10
2018-12-12 08:59:26,378 TRAINING DATA: TRUE: 3967 | FALSE: 53918
2018-12-12 08:59:26,378 TEST DATA: TRUE: 104 | FALSE: 4286
2018-12-12 08:59:26,378 emf-2.4.1 | Starting our 5 fold cross validation for emf-2.4.1
2018-12-12 08:59:26,394 
===============
2018-12-12 08:59:26,394 DATASET: jEdit-4.2 | MAX_FEATURE: None | STOP_WORDS: english | FOLD: 5 | POOL_SIZE: 100000 | INIT_POOL: 10 | BUDGET: 10
2018-12-12 08:59:26,394 TRAINING DATA: TRUE: 3815 | FALSE: 48138
2018-12-12 08:59:26,394 TEST DATA: TRUE: 256 | FALSE: 10066
2018-12-12 08:59:26,394 
===============
2018-12-12 08:59:26,394 DATASET: argouml | MAX_FEATURE: None | STOP_WORDS: english | FOLD: 5 | POOL_SIZE: 100000 | INIT_POOL: 10 | BUDGET: 10
2018-12-12 08:59:26,394 TRAINING DATA: TRUE: 2658 | FALSE: 50165
2018-12-12 08:59:26,394 TEST DATA: TRUE: 1413 | FALSE: 8039
2018-12-12 08:59:26,394 jEdit-4.2 | Starting our 5 fold cross validation for jEdit-4.2
2018-12-12 08:59:26,394 argouml | Starting our 5 fold cross validation for argouml
2018-12-12 08:59:26,394 
===============
2018-12-12 08:59:26,394 DATASET: jfreechart-1.0.19 | MAX_FEATURE: None | STOP_WORDS: english | FOLD: 5 | POOL_SIZE: 100000 | INIT_POOL: 10 | BUDGET: 10
2018-12-12 08:59:26,394 TRAINING DATA: TRUE: 3862 | FALSE: 54005
2018-12-12 08:59:26,394 TEST DATA: TRUE: 209 | FALSE: 4199
2018-12-12 08:59:26,394 jfreechart-1.0.19 | Starting our 5 fold cross validation for jfreechart-1.0.19
2018-12-12 08:59:26,410 
===============
2018-12-12 08:59:26,410 DATASET: apache-jmeter-2.10 | MAX_FEATURE: None | STOP_WORDS: english | FOLD: 5 | POOL_SIZE: 100000 | INIT_POOL: 10 | BUDGET: 10
2018-12-12 08:59:26,410 TRAINING DATA: TRUE: 3697 | FALSE: 50521
2018-12-12 08:59:26,410 TEST DATA: TRUE: 374 | FALSE: 7683
2018-12-12 08:59:26,410 apache-jmeter-2.10 | Starting our 5 fold cross validation for apache-jmeter-2.10
2018-12-12 08:59:26,410 
===============
2018-12-12 08:59:26,410 DATASET: hibernate-distribution-3.3.2.GA | MAX_FEATURE: None | STOP_WORDS: english | FOLD: 5 | POOL_SIZE: 100000 | INIT_POOL: 10 | BUDGET: 10
2018-12-12 08:59:26,410 TRAINING DATA: TRUE: 3599 | FALSE: 55708
2018-12-12 08:59:26,410 TEST DATA: TRUE: 472 | FALSE: 2496
2018-12-12 08:59:26,410 hibernate-distribution-3.3.2.GA | Starting our 5 fold cross validation for hibernate-distribution-3.3.2.GA
2018-12-12 08:59:26,410 
===============
2018-12-12 08:59:26,410 DATASET: columba-1.4-src | MAX_FEATURE: None | STOP_WORDS: english | FOLD: 5 | POOL_SIZE: 100000 | INIT_POOL: 10 | BUDGET: 10
2018-12-12 08:59:26,410 TRAINING DATA: TRUE: 3867 | FALSE: 51940
2018-12-12 08:59:26,410 TEST DATA: TRUE: 204 | FALSE: 6264
2018-12-12 08:59:26,425 columba-1.4-src | Starting our 5 fold cross validation for columba-1.4-src
2018-12-12 08:59:26,550 jEdit-4.2 | Starting a fold
2018-12-12 08:59:26,566 emf-2.4.1 | Starting a fold
2018-12-12 08:59:26,566 argouml | Starting a fold
2018-12-12 08:59:26,582 apache-jmeter-2.10 | Starting a fold
2018-12-12 08:59:26,582 jfreechart-1.0.19 | Starting a fold
2018-12-12 08:59:26,597 columba-1.4-src | Starting a fold
2018-12-12 08:59:26,613 hibernate-distribution-3.3.2.GA | Starting a fold
2018-12-12 09:15:22,751 argouml | F Score of init pool: [0.7281213535589265, 0.5371312309257376, 0.5915789473684211, 0.7291666666666667, 0.47437425506555425, 0.7238979118329467, 0.7308132875143185, 0.6122004357298475, 0.7249417249417248, 0.6628175519630485]
2018-12-12 09:20:38,506 jEdit-4.2 | F Score of init pool: [0.794094794094794, 0.5597173144876325, 0.5838779956427015, 0.7734806629834254, 0.5716599190283401, 0.7654516640253566, 0.7543581616481776, 0.6024981631153563, 0.767644726407613, 0.6862123613312203]
2018-12-12 09:20:48,033 apache-jmeter-2.10 | F Score of init pool: [0.7897574123989218, 0.4079696394686907, 0.4489372731985485, 0.7929155313351498, 0.6006514657980456, 0.7872628726287263, 0.7696440564137005, 0.48239060832443975, 0.7905084745762712, 0.7038237200259235]
2018-12-12 09:21:29,765 hibernate-distribution-3.3.2.GA | F Score of init pool: [0.770764119601329, 0.5103349964362082, 0.5313868613138687, 0.7518923465096718, 0.5265866209262436, 0.7443419949706621, 0.7231543624161073, 0.5457249070631971, 0.7539882451721243, 0.6499162479061976]
2018-12-12 09:22:45,757 columba-1.4-src | F Score of init pool: [0.7902364607170099, 0.5606579849211789, 0.5745856353591161, 0.7769230769230769, 0.54983922829582, 0.7753846153846154, 0.7476780185758515, 0.6050420168067226, 0.7753846153846154, 0.6697602474864656]
2018-12-12 09:23:24,256 emf-2.4.1 | F Score of init pool: [0.7982261640798225, 0.5390625, 0.5458167330677292, 0.7923416789396172, 0.5464566929133858, 0.7846039970392302, 0.7710487444608567, 0.586720867208672, 0.7842846553002225, 0.6832579185520362]
2018-12-12 09:23:44,152 argouml | new F: 0.7339449541284403 budget 8
2018-12-12 09:24:06,406 jfreechart-1.0.19 | F Score of init pool: [0.7957479119210328, 0.5333333333333334, 0.5586592178770949, 0.7822085889570551, 0.5517799352750808, 0.7822085889570551, 0.7570881226053641, 0.5774351786965661, 0.7822085889570551, 0.6858029480217223]
2018-12-12 09:24:23,191 apache-ant-1.7.0 | F Score of init pool: [0.8213125406107862, 0.5550351288056207, 0.5595307917888562, 0.8114807566862361, 0.6153846153846154, 0.80859375, 0.797886393659181, 0.5908543922984356, 0.811443433029909, 0.7240238252812708]
2018-12-12 09:27:59,052 argouml | new F: 0.7347876004592423 budget 7
