2018-12-18 11:57:52,192 New Feature Counts: 4123
2018-12-18 11:57:52,194 New Feature Counts: 4337
2018-12-18 11:57:52,250 New Feature Counts: 4416
2018-12-18 11:57:52,365 New Feature Counts: 4483
2018-12-18 11:57:52,413 New Feature Counts: 4435
2018-12-18 11:57:52,447 New Feature Counts: 4466
2018-12-18 11:57:52,533 New Feature Counts: 4181
2018-12-18 11:57:52,634 New Feature Counts: 4457
2018-12-18 11:57:52,669 New Feature Counts: 4300
2018-12-18 11:57:52,760 
===============
2018-12-18 11:57:52,760 DATASET: columba-1.4-src | MAX_FEATURE: 0.2 | STOP_WORDS: english | FOLD: 5 | POOL_SIZE: 100000 | INIT_POOL: 10 | BUDGET: 10
2018-12-18 11:57:52,760 TRAINING DATA: TRUE: 3867 | FALSE: 51940
2018-12-18 11:57:52,760 TEST DATA: TRUE: 204 | FALSE: 6264
2018-12-18 11:57:52,760 New Feature Counts: 3984
2018-12-18 11:57:52,761 columba-1.4-src | Starting our 5 fold cross validation for columba-1.4-src
2018-12-18 11:57:52,847 
===============
2018-12-18 11:57:52,847 DATASET: argouml | MAX_FEATURE: 0.2 | STOP_WORDS: english | FOLD: 5 | POOL_SIZE: 100000 | INIT_POOL: 10 | BUDGET: 10
2018-12-18 11:57:52,847 TRAINING DATA: TRUE: 2658 | FALSE: 50165
2018-12-18 11:57:52,847 TEST DATA: TRUE: 1413 | FALSE: 8039
2018-12-18 11:57:52,848 argouml | Starting our 5 fold cross validation for argouml
2018-12-18 11:57:52,867 columba-1.4-src | Starting a fold
2018-12-18 11:57:52,894 
===============
2018-12-18 11:57:52,894 DATASET: apache-jmeter-2.10 | MAX_FEATURE: 0.2 | STOP_WORDS: english | FOLD: 5 | POOL_SIZE: 100000 | INIT_POOL: 10 | BUDGET: 10
2018-12-18 11:57:52,894 TRAINING DATA: TRUE: 3697 | FALSE: 50521
2018-12-18 11:57:52,894 TEST DATA: TRUE: 374 | FALSE: 7683
2018-12-18 11:57:52,895 apache-jmeter-2.10 | Starting our 5 fold cross validation for apache-jmeter-2.10
2018-12-18 11:57:52,935 argouml | Starting a fold
2018-12-18 11:57:52,982 apache-jmeter-2.10 | Starting a fold
2018-12-18 11:57:52,990 
===============
2018-12-18 11:57:52,990 DATASET: apache-ant-1.7.0 | MAX_FEATURE: 0.2 | STOP_WORDS: english | FOLD: 5 | POOL_SIZE: 100000 | INIT_POOL: 10 | BUDGET: 10
2018-12-18 11:57:52,990 TRAINING DATA: TRUE: 3940 | FALSE: 54237
2018-12-18 11:57:52,990 TEST DATA: TRUE: 131 | FALSE: 3967
2018-12-18 11:57:52,991 apache-ant-1.7.0 | Starting our 5 fold cross validation for apache-ant-1.7.0
2018-12-18 11:57:53,002 
===============
2018-12-18 11:57:53,002 DATASET: emf-2.4.1 | MAX_FEATURE: 0.2 | STOP_WORDS: english | FOLD: 5 | POOL_SIZE: 100000 | INIT_POOL: 10 | BUDGET: 10
2018-12-18 11:57:53,002 TRAINING DATA: TRUE: 3967 | FALSE: 53918
2018-12-18 11:57:53,002 TEST DATA: TRUE: 104 | FALSE: 4286
2018-12-18 11:57:53,003 emf-2.4.1 | Starting our 5 fold cross validation for emf-2.4.1
2018-12-18 11:57:53,046 
===============
2018-12-18 11:57:53,046 DATASET: hibernate-distribution-3.3.2.GA | MAX_FEATURE: 0.2 | STOP_WORDS: english | FOLD: 5 | POOL_SIZE: 100000 | INIT_POOL: 10 | BUDGET: 10
2018-12-18 11:57:53,046 TRAINING DATA: TRUE: 3599 | FALSE: 55708
2018-12-18 11:57:53,046 TEST DATA: TRUE: 472 | FALSE: 2496
2018-12-18 11:57:53,047 hibernate-distribution-3.3.2.GA | Starting our 5 fold cross validation for hibernate-distribution-3.3.2.GA
2018-12-18 11:57:53,085 apache-ant-1.7.0 | Starting a fold
2018-12-18 11:57:53,099 emf-2.4.1 | Starting a fold
2018-12-18 11:57:53,148 hibernate-distribution-3.3.2.GA | Starting a fold
2018-12-18 11:57:53,175 
===============
2018-12-18 11:57:53,175 DATASET: jEdit-4.2 | MAX_FEATURE: 0.2 | STOP_WORDS: english | FOLD: 5 | POOL_SIZE: 100000 | INIT_POOL: 10 | BUDGET: 10
2018-12-18 11:57:53,175 TRAINING DATA: TRUE: 3815 | FALSE: 48138
2018-12-18 11:57:53,175 TEST DATA: TRUE: 256 | FALSE: 10066
2018-12-18 11:57:53,176 jEdit-4.2 | Starting our 5 fold cross validation for jEdit-4.2
2018-12-18 11:57:53,265 jEdit-4.2 | Starting a fold
2018-12-18 11:57:53,288 
===============
2018-12-18 11:57:53,288 DATASET: jfreechart-1.0.19 | MAX_FEATURE: 0.2 | STOP_WORDS: english | FOLD: 5 | POOL_SIZE: 100000 | INIT_POOL: 10 | BUDGET: 10
2018-12-18 11:57:53,289 TRAINING DATA: TRUE: 3862 | FALSE: 54005
2018-12-18 11:57:53,289 TEST DATA: TRUE: 209 | FALSE: 4199
2018-12-18 11:57:53,289 jfreechart-1.0.19 | Starting our 5 fold cross validation for jfreechart-1.0.19
2018-12-18 11:57:53,306 
===============
2018-12-18 11:57:53,306 DATASET: jruby-1.4.0 | MAX_FEATURE: 0.2 | STOP_WORDS: english | FOLD: 5 | POOL_SIZE: 100000 | INIT_POOL: 10 | BUDGET: 10
2018-12-18 11:57:53,306 TRAINING DATA: TRUE: 3449 | FALSE: 53929
2018-12-18 11:57:53,306 TEST DATA: TRUE: 622 | FALSE: 4275
2018-12-18 11:57:53,307 jruby-1.4.0 | Starting our 5 fold cross validation for jruby-1.4.0
2018-12-18 11:57:53,385 jfreechart-1.0.19 | Starting a fold
2018-12-18 11:57:53,405 jruby-1.4.0 | Starting a fold
2018-12-18 11:57:53,409 
===============
2018-12-18 11:57:53,409 DATASET: sql12 | MAX_FEATURE: 0.2 | STOP_WORDS: english | FOLD: 5 | POOL_SIZE: 100000 | INIT_POOL: 10 | BUDGET: 10
2018-12-18 11:57:53,409 TRAINING DATA: TRUE: 3785 | FALSE: 51275
2018-12-18 11:57:53,409 TEST DATA: TRUE: 286 | FALSE: 6929
2018-12-18 11:57:53,410 sql12 | Starting our 5 fold cross validation for sql12
2018-12-18 11:57:53,507 sql12 | Starting a fold
2018-12-18 12:06:28,343 argouml | F Score of init pool: [0.7247386759581881, 0.5755395683453238, 0.5705521472392638, 0.7129840546697038, 0.5741935483870968, 0.7209039548022598, 0.7065337763012182, 0.6368593238822247, 0.7163841807909606, 0.6816143497757847]
2018-12-18 12:08:54,338 argouml | new F: 0.7268518518518519 budget 9
2018-12-18 12:09:28,392 apache-jmeter-2.10 | F Score of init pool: [0.7940979208584842, 0.5433117265763112, 0.5077951002227171, 0.785809906291834, 0.6493975903614457, 0.7815181518151816, 0.7585318737926593, 0.5765212046711738, 0.7807133421400264, 0.7125710675931776]
2018-12-18 12:09:36,149 sql12 | F Score of init pool: [0.7763779527559055, 0.5822613405551794, 0.5868512110726644, 0.765891472868217, 0.6500366837857667, 0.7656612529002319, 0.7457627118644069, 0.6134094151212554, 0.7612403100775195, 0.6986089644513138]
2018-12-18 12:09:51,709 jEdit-4.2 | F Score of init pool: [0.7762128325508607, 0.5828571428571427, 0.5808297567954221, 0.7669291338582677, 0.6330827067669174, 0.7674236491777604, 0.7492211838006231, 0.6060171919770774, 0.7701960784313724, 0.716923076923077]
2018-12-18 12:10:39,064 sql12 | new F: 0.7821316614420062 budget 11
2018-12-18 12:10:46,752 jEdit-4.2 | new F: 0.7847113884555382 budget 11
2018-12-18 12:10:51,118 hibernate-distribution-3.3.2.GA | F Score of init pool: [0.7618257261410789, 0.5191489361702127, 0.5402298850574713, 0.7497949138638229, 0.584043377226956, 0.7416462917685411, 0.7230273752012882, 0.543859649122807, 0.74238683127572, 0.6570281124497992]
2018-12-18 12:10:59,101 jruby-1.4.0 | F Score of init pool: [0.7489063867016623, 0.5238095238095237, 0.5541256623769871, 0.732758620689655, 0.5907990314769976, 0.7369323050556983, 0.7312552653748947, 0.5678820791311094, 0.7338501291989664, 0.6627118644067796]
2018-12-18 12:11:36,190 columba-1.4-src | F Score of init pool: [0.7816091954022988, 0.5770536320434487, 0.5653950953678474, 0.7693474962063733, 0.6298984034833092, 0.7706283118849356, 0.750375939849624, 0.5766270118964312, 0.769114307342922, 0.6977811782708494]
2018-12-18 12:11:39,219 hibernate-distribution-3.3.2.GA | new F: 0.7645107794361526 budget 11
2018-12-18 12:11:50,051 apache-ant-1.7.0 | F Score of init pool: [0.816247582205029, 0.5714285714285714, 0.581691772885284, 0.7974025974025973, 0.6641744548286603, 0.7976729153199741, 0.7925016160310279, 0.5996430696014278, 0.8015463917525774, 0.7420814479638009]
2018-12-18 12:12:18,220 emf-2.4.1 | F Score of init pool: [0.7896678966789669, 0.5558475689881734, 0.5668449197860962, 0.7781818181818182, 0.6332637439109254, 0.775126536514823, 0.7478260869565218, 0.5924932975871314, 0.770014556040757, 0.6948905109489051]
2018-12-18 12:12:50,543 jruby-1.4.0 | new F: 0.7523727351164798 budget 10
2018-12-18 12:13:15,901 jfreechart-1.0.19 | F Score of init pool: [0.7875095201827876, 0.5371734762223711, 0.567530695770805, 0.7741935483870969, 0.622412562455389, 0.7726931732933232, 0.7548579970104633, 0.594410361281527, 0.7708489857250187, 0.6994700984102952]
2018-12-18 12:13:34,035 hibernate-distribution-3.3.2.GA | new F: 0.7671009771986971 budget 10
2018-12-18 12:13:39,102 argouml | Eval: 11
2018-12-18 12:14:04,002 argouml | Optimized F Score for fold 0: 0.8042600073448403
2018-12-18 12:14:04,003 argouml | Starting a fold
2018-12-18 12:16:21,993 jruby-1.4.0 | new F: 0.7527993109388459 budget 8
2018-12-18 12:16:56,402 jEdit-4.2 | new F: 0.7857142857142857 budget 9
2018-12-18 12:18:28,886 hibernate-distribution-3.3.2.GA | new F: 0.7725392886683209 budget 8
2018-12-18 12:18:58,579 jruby-1.4.0 | new F: 0.7608318890814558 budget 6
2018-12-18 12:19:45,438 jfreechart-1.0.19 | new F: 0.7957479119210328 budget 9
2018-12-18 12:19:53,165 emf-2.4.1 | new F: 0.7905951506245408 budget 6
2018-12-18 12:20:24,609 sql12 | new F: 0.7846515270164449 budget 5
2018-12-18 12:22:18,736 apache-jmeter-2.10 | Eval: 10
2018-12-18 12:23:21,456 apache-jmeter-2.10 | Optimized F Score for fold 0: 0.7612156295224312
2018-12-18 12:23:21,457 apache-jmeter-2.10 | Starting a fold
2018-12-18 12:24:04,117 jruby-1.4.0 | new F: 0.7619877942458588 budget 4
2018-12-18 12:24:07,313 sql12 | Eval: 12
2018-12-18 12:24:18,591 argouml | F Score of init pool: [0.7415966386554622, 0.6348258706467661, 0.6742268041237114, 0.7655913978494625, 0.7632432432432432, 0.688149688149688, 0.6728778467908904, 0.7695605573419079, 0.7541666666666667, 0.7690677966101696]
2018-12-18 12:24:55,803 sql12 | Optimized F Score for fold 0: 0.631578947368421
2018-12-18 12:24:55,803 sql12 | Starting a fold
2018-12-18 12:26:12,499 jruby-1.4.0 | Eval: 14
2018-12-18 12:26:33,045 hibernate-distribution-3.3.2.GA | Eval: 13
2018-12-18 12:26:55,110 jruby-1.4.0 | Optimized F Score for fold 0: 0.8502164502164502
2018-12-18 12:26:55,111 jruby-1.4.0 | Starting a fold
2018-12-18 12:27:29,296 hibernate-distribution-3.3.2.GA | Optimized F Score for fold 0: 0.8078335373317014
2018-12-18 12:27:29,297 hibernate-distribution-3.3.2.GA | Starting a fold
2018-12-18 12:27:32,955 emf-2.4.1 | Eval: 11
2018-12-18 12:28:27,766 emf-2.4.1 | Optimized F Score for fold 0: 0.48101265822784806
2018-12-18 12:28:27,767 emf-2.4.1 | Starting a fold
2018-12-18 12:28:27,770 jEdit-4.2 | Eval: 12
2018-12-18 12:28:33,477 apache-ant-1.7.0 | Eval: 10
2018-12-18 12:29:22,360 jEdit-4.2 | Optimized F Score for fold 0: 0.34355828220858897
2018-12-18 12:29:22,362 jEdit-4.2 | Starting a fold
2018-12-18 12:29:44,655 columba-1.4-src | Eval: 10
2018-12-18 12:29:46,586 apache-ant-1.7.0 | Optimized F Score for fold 0: 0.4134078212290503
2018-12-18 12:29:46,587 apache-ant-1.7.0 | Starting a fold
2018-12-18 12:29:56,803 argouml | new F: 0.7723404255319148 budget 8
2018-12-18 12:30:58,606 columba-1.4-src | Optimized F Score for fold 0: 0.8693467336683417
2018-12-18 12:30:58,607 columba-1.4-src | Starting a fold
2018-12-18 12:31:08,212 jfreechart-1.0.19 | Eval: 11
2018-12-18 12:31:25,987 argouml | new F: 0.7726787620064034 budget 8
2018-12-18 12:32:36,810 jfreechart-1.0.19 | Optimized F Score for fold 0: 0.5722379603399433
2018-12-18 12:32:36,811 jfreechart-1.0.19 | Starting a fold
2018-12-18 12:37:07,904 sql12 | F Score of init pool: [0.6528846153846154, 0.6040462427745664, 0.5976689976689976, 0.8032786885245902, 0.8054245283018868, 0.6114232209737828, 0.6771323914181059, 0.8018648018648019, 0.6999495713565305, 0.773511407902059]
2018-12-18 12:38:46,881 apache-jmeter-2.10 | F Score of init pool: [0.7471264367816092, 0.6088765603328711, 0.6675531914893618, 0.8201847903340441, 0.8236130867709817, 0.6848196051735875, 0.6507592190889371, 0.8201847903340441, 0.7729138166894665, 0.7936507936507936]
2018-12-18 12:40:33,152 jruby-1.4.0 | F Score of init pool: [0.5657657657657656, 0.4454225352112677, 0.5405405405405406, 0.8101265822784809, 0.8134945894334819, 0.5795186408683342, 0.5471599791558103, 0.8052763819095478, 0.6386138613861386, 0.7404844290657439]
2018-12-18 12:41:03,691 hibernate-distribution-3.3.2.GA | F Score of init pool: [0.6359026369168357, 0.5463970969414204, 0.571290944123314, 0.8140394088669951, 0.8171641791044775, 0.5832531280076997, 0.6287356321839079, 0.8122699386503067, 0.7319757842597688, 0.7841043890865954]
2018-12-18 12:42:01,862 jEdit-4.2 | F Score of init pool: [0.738015607580825, 0.6015200868621063, 0.6847045831032579, 0.8315151515151515, 0.8330275229357799, 0.6957470010905125, 0.6514423076923077, 0.8325301204819276, 0.7956120092378752, 0.8171021377672208]
2018-12-18 12:42:39,516 argouml | Eval: 12
2018-12-18 12:43:35,995 emf-2.4.1 | F Score of init pool: [0.6484736355226642, 0.5354042941982641, 0.5882870981946279, 0.8235961429381735, 0.8246716162193032, 0.598855129898723, 0.5305763308402991, 0.8184373243395165, 0.742539200809307, 0.7952458130740141]
2018-12-18 12:44:08,935 argouml | Optimized F Score for fold 1: 0.8195266272189349
2018-12-18 12:44:08,935 argouml | Starting a fold
2018-12-18 12:45:50,201 columba-1.4-src | F Score of init pool: [0.6631222812953117, 0.5491251682368776, 0.6091370558375634, 0.8209302325581396, 0.8231850117096018, 0.631924882629108, 0.6198347107438016, 0.8161383285302594, 0.731457800511509, 0.7922005571030639]
2018-12-18 12:45:51,336 apache-ant-1.7.0 | F Score of init pool: [0.7964713295526149, 0.6152912621359223, 0.6828087167070219, 0.8627951499680918, 0.8636942675159236, 0.7235621521335807, 0.6610389610389611, 0.8605983450031828, 0.836272040302267, 0.8474792597319719]
2018-12-18 12:47:49,976 jfreechart-1.0.19 | F Score of init pool: [0.653644592663173, 0.5139513951395139, 0.621502209131075, 0.8239395700174318, 0.823943661971831, 0.6364963503649634, 0.5377358490566038, 0.8240046162723601, 0.7332309267793139, 0.7995533221663875]
2018-12-18 12:49:23,753 jruby-1.4.0 | new F: 0.8142493638676844 budget 8
2018-12-18 12:50:13,940 jEdit-4.2 | new F: 0.8330319469559975 budget 8
2018-12-18 12:50:25,507 columba-1.4-src | new F: 0.8235294117647058 budget 10
2018-12-18 12:52:43,621 jfreechart-1.0.19 | new F: 0.8242774566473988 budget 10
2018-12-18 12:56:13,676 sql12 | Eval: 10
2018-12-18 12:57:09,248 argouml | F Score of init pool: [0.5302879841112215, 0.6343612334801761, 0.6714285714285715, 0.4277456647398844, 0.4251069900142653, 0.6485260770975058, 0.6344676180021953, 0.6605293440736478, 0.5613305613305614, 0.5373134328358209]
2018-12-18 12:58:27,659 sql12 | Optimized F Score for fold 1: 0.6279569892473118
2018-12-18 12:58:27,660 sql12 | Starting a fold
2018-12-18 13:00:17,815 jEdit-4.2 | new F: 0.8335343787696018 budget 4
2018-12-18 13:01:05,424 jruby-1.4.0 | new F: 0.8183556405353729 budget 4
2018-12-18 13:02:24,331 jfreechart-1.0.19 | new F: 0.824970828471412 budget 7
2018-12-18 13:03:25,947 apache-jmeter-2.10 | Eval: 10
2018-12-18 13:03:37,295 argouml | new F: 0.6737588652482269 budget 2
2018-12-18 13:04:04,577 argouml | Eval: 11
2018-12-18 13:04:35,316 argouml | Optimized F Score for fold 2: 0.8147337709700948
2018-12-18 13:04:35,317 argouml | Starting a fold
2018-12-18 13:05:50,853 jruby-1.4.0 | new F: 0.8209718670076727 budget 3
2018-12-18 13:05:55,853 apache-jmeter-2.10 | Optimized F Score for fold 1: 0.7737226277372262
2018-12-18 13:05:55,854 apache-jmeter-2.10 | Starting a fold
2018-12-18 13:06:07,134 hibernate-distribution-3.3.2.GA | Eval: 10
2018-12-18 13:06:26,000 jEdit-4.2 | Eval: 12
2018-12-18 13:08:21,405 jEdit-4.2 | Optimized F Score for fold 1: 0.36950146627565983
2018-12-18 13:08:21,406 jEdit-4.2 | Starting a fold
2018-12-18 13:08:29,579 hibernate-distribution-3.3.2.GA | Optimized F Score for fold 1: 0.8073170731707319
2018-12-18 13:08:29,579 hibernate-distribution-3.3.2.GA | Starting a fold
2018-12-18 13:08:59,452 emf-2.4.1 | Eval: 10
2018-12-18 13:10:06,580 jruby-1.4.0 | Eval: 13
2018-12-18 13:10:06,881 columba-1.4-src | Eval: 11
2018-12-18 13:11:25,529 emf-2.4.1 | Optimized F Score for fold 1: 0.4720496894409938
2018-12-18 13:11:25,530 emf-2.4.1 | Starting a fold
2018-12-18 13:12:21,593 apache-ant-1.7.0 | Eval: 10
2018-12-18 13:12:23,307 jruby-1.4.0 | Optimized F Score for fold 1: 0.8756388415672914
2018-12-18 13:12:23,308 jruby-1.4.0 | Starting a fold
2018-12-18 13:12:28,042 columba-1.4-src | Optimized F Score for fold 1: 0.8762376237623763
2018-12-18 13:12:28,043 columba-1.4-src | Starting a fold
2018-12-18 13:15:00,342 apache-ant-1.7.0 | Optimized F Score for fold 1: 0.40625
2018-12-18 13:15:00,343 apache-ant-1.7.0 | Starting a fold
2018-12-18 13:16:08,570 sql12 | F Score of init pool: [0.5544554455445545, 0.7848484848484849, 0.7896341463414634, 0.5214081826831589, 0.5251184834123221, 0.7872340425531915, 0.774292272379495, 0.7814871016691958, 0.6120514556533514, 0.5644415069398545]
2018-12-18 13:17:30,932 jfreechart-1.0.19 | new F: 0.8250438853130485 budget 2
2018-12-18 13:18:50,061 sql12 | new F: 0.7966616084977237 budget 8
2018-12-18 13:19:52,955 argouml | F Score of init pool: [0.8407163053722904, 0.8107569721115537, 0.7156970362239297, 0.8170844939647168, 0.6353503184713376, 0.7139152981849611, 0.62004662004662, 0.7748691099476439, 0.7769477054429028, 0.7689075630252101]
2018-12-18 13:20:08,948 jfreechart-1.0.19 | Eval: 13
2018-12-18 13:22:22,577 argouml | new F: 0.8408007626310772 budget 10
2018-12-18 13:22:44,895 jfreechart-1.0.19 | Optimized F Score for fold 1: 0.5853658536585367
2018-12-18 13:22:44,896 jfreechart-1.0.19 | Starting a fold
2018-12-18 13:23:45,061 apache-jmeter-2.10 | F Score of init pool: [0.602658788774003, 0.7227958697378872, 0.7604743083003952, 0.4129301355578727, 0.4178794178794179, 0.7636363636363637, 0.7442958300550748, 0.7872174590802806, 0.5880661394680087, 0.5671852899575672]
2018-12-18 13:24:30,416 sql12 | Eval: 11
2018-12-18 13:24:44,054 argouml | new F: 0.8438095238095239 budget 9
2018-12-18 13:25:06,562 sql12 | Optimized F Score for fold 2: 0.6053811659192825
2018-12-18 13:25:06,563 sql12 | Starting a fold
2018-12-18 13:26:28,506 jEdit-4.2 | F Score of init pool: [0.6814701378254211, 0.7677075399847677, 0.7740963855421686, 0.5121731289449956, 0.5329619312906221, 0.7681818181818182, 0.7721423164269493, 0.7551319648093842, 0.6325925925925926, 0.5794907088781831]
2018-12-18 13:27:02,291 argouml | new F: 0.8453410182516812 budget 8
2018-12-18 13:27:47,105 jEdit-4.2 | new F: 0.7756024096385542 budget 10
2018-12-18 13:28:23,612 jEdit-4.2 | new F: 0.781437125748503 budget 10
2018-12-18 13:28:46,049 hibernate-distribution-3.3.2.GA | F Score of init pool: [0.5775922059846904, 0.7987758224942616, 0.8215962441314554, 0.5508390918065154, 0.5436507936507936, 0.8091954022988506, 0.7969581749049429, 0.8236196319018405, 0.5973482205163991, 0.5710344827586207]
2018-12-18 13:30:46,145 jruby-1.4.0 | F Score of init pool: [0.5544933078393882, 0.7142857142857143, 0.8053797468354431, 0.5669599217986315, 0.5639024390243902, 0.7297491039426524, 0.7009021512838306, 0.7917304747320061, 0.5434782608695653, 0.4913580246913581]
2018-12-18 13:30:48,820 argouml | new F: 0.8497109826589595 budget 7
2018-12-18 13:31:58,556 emf-2.4.1 | F Score of init pool: [0.6169491525423729, 0.7886925795053003, 0.8073916133617627, 0.5621716287215411, 0.5580985915492958, 0.8073136427566808, 0.7934705464868701, 0.8064516129032259, 0.6404199475065617, 0.6057877813504824]
2018-12-18 13:32:05,728 columba-1.4-src | F Score of init pool: [0.61134163208852, 0.73328324567994, 0.7534246575342466, 0.5139664804469273, 0.5154061624649859, 0.7473841554559043, 0.7402985074626864, 0.7558226897069873, 0.5677966101694916, 0.5486725663716814]
2018-12-18 13:34:07,978 apache-ant-1.7.0 | F Score of init pool: [0.5653573728267869, 0.6976047904191618, 0.7524163568773233, 0.4818604651162791, 0.47378277153558057, 0.7270007479431564, 0.7092936802973978, 0.7385767790262173, 0.5671834625322997, 0.5041617122473245]
2018-12-18 13:34:51,343 jEdit-4.2 | Eval: 12
2018-12-18 13:35:26,733 jEdit-4.2 | Optimized F Score for fold 2: 0.35692307692307695
2018-12-18 13:35:26,734 jEdit-4.2 | Starting a fold
2018-12-18 13:37:04,479 apache-jmeter-2.10 | Eval: 10
2018-12-18 13:39:07,173 apache-jmeter-2.10 | Optimized F Score for fold 2: 0.7628865979381443
2018-12-18 13:39:07,174 apache-jmeter-2.10 | Starting a fold
2018-12-18 13:39:30,578 hibernate-distribution-3.3.2.GA | new F: 0.8302180685358255 budget 6
2018-12-18 13:41:36,566 sql12 | F Score of init pool: [0.696160267111853, 0.6533795493934141, 0.6326889279437611, 0.6973244147157189, 0.6155115511551156, 0.6480263157894737, 0.6109746109746109, 0.6911519198664442, 0.612354521038496, 0.6160714285714286]
2018-12-18 13:41:57,564 argouml | Eval: 14
2018-12-18 13:43:23,582 jfreechart-1.0.19 | F Score of init pool: [0.547588005215124, 0.758160237388724, 0.7806691449814125, 0.5204460966542751, 0.5226223453370269, 0.7634487840825349, 0.745269286754003, 0.7727272727272727, 0.5467349551856594, 0.5159313725490197]
2018-12-18 13:43:47,617 argouml | Optimized F Score for fold 3: 0.8249630723781389
2018-12-18 13:43:47,618 argouml | Starting a fold
2018-12-18 13:43:51,316 sql12 | new F: 0.6990779547359598 budget 10
2018-12-18 13:43:51,604 hibernate-distribution-3.3.2.GA | Eval: 11
2018-12-18 13:43:52,886 apache-ant-1.7.0 | new F: 0.7559523809523809 budget 4
2018-12-18 13:44:26,017 hibernate-distribution-3.3.2.GA | Optimized F Score for fold 2: 0.8029197080291972
2018-12-18 13:44:26,017 hibernate-distribution-3.3.2.GA | Starting a fold
2018-12-18 13:45:22,483 jruby-1.4.0 | Eval: 10
2018-12-18 13:45:34,335 columba-1.4-src | new F: 0.7694656488549617 budget 4
2018-12-18 13:45:58,264 jruby-1.4.0 | Optimized F Score for fold 2: 0.8590947907771136
2018-12-18 13:45:58,265 jruby-1.4.0 | Starting a fold
2018-12-18 13:46:24,379 emf-2.4.1 | Eval: 10
2018-12-18 13:46:52,064 apache-ant-1.7.0 | Eval: 11
2018-12-18 13:47:15,364 emf-2.4.1 | Optimized F Score for fold 2: 0.45569620253164556
2018-12-18 13:47:15,365 emf-2.4.1 | Starting a fold
2018-12-18 13:47:31,965 apache-ant-1.7.0 | Optimized F Score for fold 2: 0.3508771929824562
2018-12-18 13:47:31,966 apache-ant-1.7.0 | Starting a fold
2018-12-18 13:48:56,325 columba-1.4-src | Eval: 11
2018-12-18 13:50:13,390 columba-1.4-src | Optimized F Score for fold 2: 0.8797953964194374
2018-12-18 13:50:13,391 columba-1.4-src | Starting a fold
2018-12-18 13:52:48,096 jEdit-4.2 | F Score of init pool: [0.7732558139534884, 0.7471526195899773, 0.7390648567119156, 0.7791455467052859, 0.5879299156391954, 0.6671251719394773, 0.5863874345549738, 0.7675438596491228, 0.7224806201550388, 0.7278334618350039]
2018-12-18 13:53:09,608 sql12 | Eval: 11
2018-12-18 13:53:35,299 jfreechart-1.0.19 | new F: 0.7837037037037038 budget 5
2018-12-18 13:54:07,729 sql12 | Optimized F Score for fold 3: 0.6267281105990784
2018-12-18 13:54:07,730 sql12 | Starting a fold
2018-12-18 13:55:26,979 jfreechart-1.0.19 | new F: 0.7853949329359166 budget 3
2018-12-18 13:56:10,845 argouml | F Score of init pool: [0.7272727272727272, 0.7122448979591836, 0.7489539748953976, 0.6150870406189556, 0.7114375655823714, 0.43430152143845097, 0.7223942208462332, 0.6659959758551307, 0.7412140575079873, 0.7486855941114615]
2018-12-18 13:56:57,262 jfreechart-1.0.19 | Eval: 12
2018-12-18 13:57:37,300 apache-jmeter-2.10 | F Score of init pool: [0.6605196982397318, 0.6178010471204188, 0.5925266903914591, 0.653781512605042, 0.4735915492957746, 0.6037735849056604, 0.4731182795698925, 0.6519148936170213, 0.5784224841341795, 0.5809954751131221]
2018-12-18 13:57:38,132 jfreechart-1.0.19 | Optimized F Score for fold 2: 0.5673352435530086
2018-12-18 13:57:38,133 jfreechart-1.0.19 | Starting a fold
2018-12-18 13:58:36,252 jEdit-4.2 | new F: 0.7871720116618076 budget 8
2018-12-18 13:59:55,461 argouml | new F: 0.750259067357513 budget 9
2018-12-18 14:01:12,401 argouml | new F: 0.7560718057022174 budget 9
2018-12-18 14:02:29,238 argouml | new F: 0.7597061909758657 budget 9
2018-12-18 14:04:03,284 hibernate-distribution-3.3.2.GA | F Score of init pool: [0.6225402504472272, 0.5671641791044777, 0.5330776605944392, 0.6178571428571428, 0.5297473512632437, 0.579088471849866, 0.5213114754098361, 0.5946935041171089, 0.5285575992255567, 0.5337186897880539]
2018-12-18 14:05:24,965 jruby-1.4.0 | F Score of init pool: [0.7074468085106383, 0.6923783287419651, 0.6938020351526365, 0.7256944444444444, 0.5826086956521739, 0.6174142480211082, 0.5790838375108038, 0.7284172661870504, 0.6571699905033239, 0.6597156398104266]
2018-12-18 14:07:35,474 jruby-1.4.0 | new F: 0.7316636851520573 budget 10
2018-12-18 14:08:07,416 argouml | new F: 0.7634069400630916 budget 3
2018-12-18 14:08:13,862 apache-ant-1.7.0 | F Score of init pool: [0.6671974522292994, 0.6287128712871287, 0.6137123745819398, 0.6639999999999999, 0.5966319165998397, 0.614516129032258, 0.5738592420726992, 0.6504065040650405, 0.6073825503355704, 0.6120401337792644]
2018-12-18 14:08:18,322 emf-2.4.1 | F Score of init pool: [0.6854020296643247, 0.642512077294686, 0.6150041220115416, 0.6775956284153005, 0.5338129496402878, 0.6157517899761337, 0.5294964028776978, 0.6687747035573123, 0.610648918469218, 0.6164043082021542]
2018-12-18 14:08:59,872 apache-jmeter-2.10 | Eval: 10
2018-12-18 14:09:11,966 jEdit-4.2 | Eval: 11
2018-12-18 14:10:28,047 apache-jmeter-2.10 | Optimized F Score for fold 3: 0.7638483965014577
2018-12-18 14:10:28,048 apache-jmeter-2.10 | Starting a fold
2018-12-18 14:10:28,163 jEdit-4.2 | Optimized F Score for fold 3: 0.37724550898203596
2018-12-18 14:10:28,164 jEdit-4.2 | Starting a fold
2018-12-18 14:10:35,912 argouml | Eval: 14
2018-12-18 14:10:37,019 columba-1.4-src | F Score of init pool: [0.6704089815557338, 0.627287853577371, 0.6052409129332206, 0.66613290632506, 0.5445473984319316, 0.6227164416203336, 0.5393419170243203, 0.6536267318663408, 0.6029035012809564, 0.6040955631399317]
2018-12-18 14:11:00,632 sql12 | F Score of init pool: [0.8002689979825152, 0.7853881278538812, 0.8184319119669876, 0.7032967032967034, 0.770875083500334, 0.5239436619718311, 0.8076138681169273, 0.7213541666666666, 0.7781871775976419, 0.810810810810811]
2018-12-18 14:11:12,112 argouml | Optimized F Score for fold 4: 0.8180167090446786
2018-12-18 14:11:12,115 END CROSS PROJECT=====
2018-12-18 14:13:12,768 sql12 | new F: 0.820054945054945 budget 11
2018-12-18 14:18:35,873 jfreechart-1.0.19 | F Score of init pool: [0.7227564102564101, 0.6937086092715231, 0.6638370118845501, 0.7310454908220272, 0.6499999999999999, 0.6731234866828087, 0.6412092283214001, 0.7085714285714286, 0.6547008547008547, 0.6587234042553192]
2018-12-18 14:20:09,493 hibernate-distribution-3.3.2.GA | Eval: 10
2018-12-18 14:21:40,601 hibernate-distribution-3.3.2.GA | Optimized F Score for fold 3: 0.800982800982801
2018-12-18 14:21:40,602 hibernate-distribution-3.3.2.GA | Starting a fold
2018-12-18 14:22:09,706 jfreechart-1.0.19 | new F: 0.7323717948717949 budget 9
2018-12-18 14:23:09,744 jruby-1.4.0 | Eval: 11
2018-12-18 14:24:17,855 jruby-1.4.0 | Optimized F Score for fold 3: 0.8691910499139415
2018-12-18 14:24:17,856 jruby-1.4.0 | Starting a fold
2018-12-18 14:25:18,587 jEdit-4.2 | F Score of init pool: [0.7672479150871873, 0.7442922374429224, 0.7697016067329763, 0.5765230312035663, 0.6636500754147813, 0.37160751565762007, 0.759725400457666, 0.5995525727069352, 0.7513812154696132, 0.7714723926380368]
2018-12-18 14:25:19,850 columba-1.4-src | Eval: 10
2018-12-18 14:25:49,433 apache-jmeter-2.10 | F Score of init pool: [0.7546296296296295, 0.7507645259938839, 0.7701863354037268, 0.5837988826815642, 0.6573529411764706, 0.3428571428571429, 0.7494181536074475, 0.5870786516853933, 0.7596153846153846, 0.7681498829039812]
2018-12-18 14:26:58,513 columba-1.4-src | Optimized F Score for fold 3: 0.8827930174563591
2018-12-18 14:26:58,514 columba-1.4-src | Starting a fold
2018-12-18 14:27:36,901 emf-2.4.1 | Eval: 10
2018-12-18 14:28:12,330 apache-jmeter-2.10 | new F: 0.7770897832817336 budget 11
2018-12-18 14:28:26,816 jfreechart-1.0.19 | Eval: 11
2018-12-18 14:29:06,955 emf-2.4.1 | Optimized F Score for fold 3: 0.44303797468354433
2018-12-18 14:29:06,956 emf-2.4.1 | Starting a fold
2018-12-18 14:29:11,722 jfreechart-1.0.19 | Optimized F Score for fold 3: 0.5657142857142857
2018-12-18 14:29:11,723 jfreechart-1.0.19 | Starting a fold
2018-12-18 14:31:33,777 apache-ant-1.7.0 | Eval: 10
2018-12-18 14:33:05,912 apache-ant-1.7.0 | Optimized F Score for fold 3: 0.3240223463687151
2018-12-18 14:33:05,912 apache-ant-1.7.0 | Starting a fold
2018-12-18 14:36:01,837 sql12 | new F: 0.820618556701031 budget 2
2018-12-18 14:37:48,850 hibernate-distribution-3.3.2.GA | F Score of init pool: [0.7409684857801692, 0.7242674680691209, 0.7602523659305994, 0.5592871830020562, 0.6484490398818316, 0.3706992230854606, 0.7438271604938271, 0.564493758668516, 0.7493917274939172, 0.7614533965244866]
2018-12-18 14:38:04,650 sql12 | Eval: 12
2018-12-18 14:39:04,639 jruby-1.4.0 | F Score of init pool: [0.5599999999999999, 0.5590778097982709, 0.5812133072407045, 0.4557823129251701, 0.4760147601476015, 0.26894865525672373, 0.5607843137254902, 0.458477508650519, 0.5154639175257731, 0.5428859737638748]
2018-12-18 14:39:54,573 apache-jmeter-2.10 | new F: 0.7806004618937645 budget 6
2018-12-18 14:40:16,052 sql12 | Optimized F Score for fold 4: 0.6505494505494506
2018-12-18 14:40:16,057 END CROSS PROJECT=====
2018-12-18 14:41:51,107 jEdit-4.2 | Eval: 10
2018-12-18 14:43:19,183 jEdit-4.2 | Optimized F Score for fold 4: 0.3271604938271605
2018-12-18 14:43:19,188 END CROSS PROJECT=====
2018-12-18 14:43:57,918 columba-1.4-src | F Score of init pool: [0.7583697234352257, 0.7584229390681004, 0.7746686303387333, 0.6053333333333333, 0.6791098348887294, 0.3731958762886598, 0.7620437956204379, 0.6245756958587916, 0.7589900535577658, 0.7778597785977859]
2018-12-18 14:44:21,128 hibernate-distribution-3.3.2.GA | new F: 0.7626459143968873 budget 8
2018-12-18 14:45:47,763 emf-2.4.1 | F Score of init pool: [0.7733887733887734, 0.7676490747087046, 0.7830388692579506, 0.600127959053103, 0.6693933197000682, 0.36142131979695435, 0.7698744769874476, 0.6108247422680412, 0.7690058479532164, 0.7843971631205674]
2018-12-18 14:46:32,688 jfreechart-1.0.19 | F Score of init pool: [0.7616320687186828, 0.7588152327221439, 0.7826714801444044, 0.6023468057366362, 0.687719298245614, 0.37435367114788004, 0.7607449856733524, 0.6283783783783783, 0.7605421686746988, 0.7793153678077204]
2018-12-18 14:47:50,033 apache-jmeter-2.10 | new F: 0.7815384615384615 budget 3
2018-12-18 14:48:58,510 apache-ant-1.7.0 | F Score of init pool: [0.7560283687943261, 0.7526278906797478, 0.7783321454027085, 0.5642633228840126, 0.6473429951690822, 0.35655737704918034, 0.7549857549857549, 0.6008911521323997, 0.7662721893491125, 0.7816750178954903]
2018-12-18 14:49:39,764 jfreechart-1.0.19 | new F: 0.7827317763623496 budget 10
2018-12-18 14:51:19,939 apache-jmeter-2.10 | Eval: 13
2018-12-18 14:51:56,998 jfreechart-1.0.19 | new F: 0.7840909090909091 budget 10
2018-12-18 14:53:28,695 apache-jmeter-2.10 | Optimized F Score for fold 4: 0.7485714285714286
2018-12-18 14:53:28,697 END CROSS PROJECT=====
2018-12-18 14:53:47,053 columba-1.4-src | new F: 0.7795857988165681 budget 7
2018-12-18 14:54:08,826 jfreechart-1.0.19 | new F: 0.788098693759071 budget 10
2018-12-18 14:54:43,987 jruby-1.4.0 | Eval: 10
2018-12-18 14:55:01,757 emf-2.4.1 | new F: 0.79 budget 7
2018-12-18 14:56:00,913 jfreechart-1.0.19 | new F: 0.788977519941987 budget 10
2018-12-18 14:56:42,400 jruby-1.4.0 | Optimized F Score for fold 4: 0.8591184096802075
2018-12-18 14:56:42,402 END CROSS PROJECT=====
2018-12-18 14:57:05,561 hibernate-distribution-3.3.2.GA | Eval: 11
2018-12-18 14:57:15,232 emf-2.4.1 | new F: 0.7921623512946117 budget 7
2018-12-18 14:57:50,183 columba-1.4-src | new F: 0.780162842339008 budget 6
2018-12-18 14:58:36,876 hibernate-distribution-3.3.2.GA | Optimized F Score for fold 4: 0.8004926108374384
2018-12-18 14:58:36,881 END CROSS PROJECT=====
2018-12-18 14:59:36,668 columba-1.4-src | new F: 0.7817109144542773 budget 6
2018-12-18 15:05:05,405 jfreechart-1.0.19 | new F: 0.8034682080924855 budget 7
2018-12-18 15:06:24,372 apache-ant-1.7.0 | Eval: 10
2018-12-18 15:07:49,637 apache-ant-1.7.0 | Optimized F Score for fold 4: 0.3888888888888889
2018-12-18 15:07:49,639 END CROSS PROJECT=====
2018-12-18 15:07:55,715 emf-2.4.1 | Eval: 12
2018-12-18 15:08:55,443 columba-1.4-src | Eval: 13
2018-12-18 15:09:51,536 emf-2.4.1 | Optimized F Score for fold 4: 0.4585987261146497
2018-12-18 15:09:51,540 END CROSS PROJECT=====
2018-12-18 15:10:35,451 columba-1.4-src | Optimized F Score for fold 4: 0.7785234899328859
2018-12-18 15:10:35,453 END CROSS PROJECT=====
2018-12-18 15:15:04,443 jfreechart-1.0.19 | Eval: 15
2018-12-18 15:16:12,342 jfreechart-1.0.19 | Optimized F Score for fold 4: 0.5533141210374639
2018-12-18 15:16:12,346 END CROSS PROJECT=====
