2018-12-20 22:58:50,133 New Feature Counts: 2061
2018-12-20 22:58:50,203 New Feature Counts: 2168
2018-12-20 22:58:50,208 New Feature Counts: 2208
2018-12-20 22:58:50,356 New Feature Counts: 2241
2018-12-20 22:58:50,383 New Feature Counts: 2217
2018-12-20 22:58:50,430 New Feature Counts: 2090
2018-12-20 22:58:50,460 New Feature Counts: 2233
2018-12-20 22:58:50,600 New Feature Counts: 2228
2018-12-20 22:58:50,695 New Feature Counts: 1992
2018-12-20 22:58:50,696 
===============
2018-12-20 22:58:50,697 DATASET: argouml | MAX_FEATURE: 0.1 | STOP_WORDS: english | FOLD: 5 | POOL_SIZE: 100000 | INIT_POOL: 10 | BUDGET: 10
2018-12-20 22:58:50,697 TRAINING DATA: TRUE: 2658 | FALSE: 50165
2018-12-20 22:58:50,697 TEST DATA: TRUE: 1413 | FALSE: 8039
2018-12-20 22:58:50,698 argouml | Starting our 5 fold cross validation for argouml
2018-12-20 22:58:50,717 New Feature Counts: 2150
2018-12-20 22:58:50,785 argouml | Starting a fold
2018-12-20 22:58:50,786 
===============
2018-12-20 22:58:50,786 DATASET: columba-1.4-src | MAX_FEATURE: 0.1 | STOP_WORDS: english | FOLD: 5 | POOL_SIZE: 100000 | INIT_POOL: 10 | BUDGET: 10
2018-12-20 22:58:50,786 TRAINING DATA: TRUE: 3867 | FALSE: 51940
2018-12-20 22:58:50,786 TEST DATA: TRUE: 204 | FALSE: 6264
2018-12-20 22:58:50,787 columba-1.4-src | Starting our 5 fold cross validation for columba-1.4-src
2018-12-20 22:58:50,878 
===============
2018-12-20 22:58:50,878 DATASET: apache-jmeter-2.10 | MAX_FEATURE: 0.1 | STOP_WORDS: english | FOLD: 5 | POOL_SIZE: 100000 | INIT_POOL: 10 | BUDGET: 10
2018-12-20 22:58:50,878 TRAINING DATA: TRUE: 3697 | FALSE: 50521
2018-12-20 22:58:50,878 TEST DATA: TRUE: 374 | FALSE: 7683
2018-12-20 22:58:50,879 apache-jmeter-2.10 | Starting our 5 fold cross validation for apache-jmeter-2.10
2018-12-20 22:58:50,881 columba-1.4-src | Starting a fold
2018-12-20 22:58:50,970 apache-jmeter-2.10 | Starting a fold
2018-12-20 22:58:50,985 
===============
2018-12-20 22:58:50,985 DATASET: apache-ant-1.7.0 | MAX_FEATURE: 0.1 | STOP_WORDS: english | FOLD: 5 | POOL_SIZE: 100000 | INIT_POOL: 10 | BUDGET: 10
2018-12-20 22:58:50,986 TRAINING DATA: TRUE: 3940 | FALSE: 54237
2018-12-20 22:58:50,986 TEST DATA: TRUE: 131 | FALSE: 3967
2018-12-20 22:58:50,986 apache-ant-1.7.0 | Starting our 5 fold cross validation for apache-ant-1.7.0
2018-12-20 22:58:51,008 
===============
2018-12-20 22:58:51,008 DATASET: emf-2.4.1 | MAX_FEATURE: 0.1 | STOP_WORDS: english | FOLD: 5 | POOL_SIZE: 100000 | INIT_POOL: 10 | BUDGET: 10
2018-12-20 22:58:51,008 TRAINING DATA: TRUE: 3967 | FALSE: 53918
2018-12-20 22:58:51,008 TEST DATA: TRUE: 104 | FALSE: 4286
2018-12-20 22:58:51,009 emf-2.4.1 | Starting our 5 fold cross validation for emf-2.4.1
2018-12-20 22:58:51,066 
===============
2018-12-20 22:58:51,066 DATASET: jEdit-4.2 | MAX_FEATURE: 0.1 | STOP_WORDS: english | FOLD: 5 | POOL_SIZE: 100000 | INIT_POOL: 10 | BUDGET: 10
2018-12-20 22:58:51,066 TRAINING DATA: TRUE: 3815 | FALSE: 48138
2018-12-20 22:58:51,066 TEST DATA: TRUE: 256 | FALSE: 10066
2018-12-20 22:58:51,067 jEdit-4.2 | Starting our 5 fold cross validation for jEdit-4.2
2018-12-20 22:58:51,081 apache-ant-1.7.0 | Starting a fold
2018-12-20 22:58:51,096 
===============
2018-12-20 22:58:51,097 DATASET: hibernate-distribution-3.3.2.GA | MAX_FEATURE: 0.1 | STOP_WORDS: english | FOLD: 5 | POOL_SIZE: 100000 | INIT_POOL: 10 | BUDGET: 10
2018-12-20 22:58:51,097 TRAINING DATA: TRUE: 3599 | FALSE: 55708
2018-12-20 22:58:51,097 TEST DATA: TRUE: 472 | FALSE: 2496
2018-12-20 22:58:51,097 hibernate-distribution-3.3.2.GA | Starting our 5 fold cross validation for hibernate-distribution-3.3.2.GA
2018-12-20 22:58:51,105 emf-2.4.1 | Starting a fold
2018-12-20 22:58:51,154 jEdit-4.2 | Starting a fold
2018-12-20 22:58:51,199 hibernate-distribution-3.3.2.GA | Starting a fold
2018-12-20 22:58:51,232 
===============
2018-12-20 22:58:51,232 DATASET: jfreechart-1.0.19 | MAX_FEATURE: 0.1 | STOP_WORDS: english | FOLD: 5 | POOL_SIZE: 100000 | INIT_POOL: 10 | BUDGET: 10
2018-12-20 22:58:51,232 TRAINING DATA: TRUE: 3862 | FALSE: 54005
2018-12-20 22:58:51,232 TEST DATA: TRUE: 209 | FALSE: 4199
2018-12-20 22:58:51,233 jfreechart-1.0.19 | Starting our 5 fold cross validation for jfreechart-1.0.19
2018-12-20 22:58:51,322 
===============
2018-12-20 22:58:51,322 DATASET: sql12 | MAX_FEATURE: 0.1 | STOP_WORDS: english | FOLD: 5 | POOL_SIZE: 100000 | INIT_POOL: 10 | BUDGET: 10
2018-12-20 22:58:51,322 TRAINING DATA: TRUE: 3785 | FALSE: 51275
2018-12-20 22:58:51,323 TEST DATA: TRUE: 286 | FALSE: 6929
2018-12-20 22:58:51,323 sql12 | Starting our 5 fold cross validation for sql12
2018-12-20 22:58:51,327 jfreechart-1.0.19 | Starting a fold
2018-12-20 22:58:51,363 
===============
2018-12-20 22:58:51,364 DATASET: jruby-1.4.0 | MAX_FEATURE: 0.1 | STOP_WORDS: english | FOLD: 5 | POOL_SIZE: 100000 | INIT_POOL: 10 | BUDGET: 10
2018-12-20 22:58:51,364 TRAINING DATA: TRUE: 3449 | FALSE: 53929
2018-12-20 22:58:51,364 TEST DATA: TRUE: 622 | FALSE: 4275
2018-12-20 22:58:51,365 jruby-1.4.0 | Starting our 5 fold cross validation for jruby-1.4.0
2018-12-20 22:58:51,424 sql12 | Starting a fold
2018-12-20 22:58:51,462 jruby-1.4.0 | Starting a fold
2018-12-20 23:06:42,202 argouml | F Score of init pool: [0.7220299884659747, 0.5823834196891191, 0.5809217577706324, 0.7060133630289531, 0.6195069667738478, 0.7096774193548386, 0.7029379760609357, 0.5889967637540453, 0.6995515695067265, 0.6921348314606741]
2018-12-20 23:07:45,896 argouml | new F: 0.723112128146453 budget 11
2018-12-20 23:09:14,911 apache-jmeter-2.10 | F Score of init pool: [0.7877966101694915, 0.5469580626107502, 0.5503922751961376, 0.7888074616922052, 0.6706021251475798, 0.7799074686054196, 0.7709137709137709, 0.5826193390452876, 0.7767503302509908, 0.7442748091603053]
2018-12-20 23:09:39,531 jEdit-4.2 | F Score of init pool: [0.7885360185902401, 0.595053003533569, 0.598144182726624, 0.7661227661227661, 0.7186588921282799, 0.7674418604651164, 0.7624140565317036, 0.6161689730517115, 0.7623456790123456, 0.7518573551263003]
2018-12-20 23:09:53,701 sql12 | F Score of init pool: [0.7849882720875684, 0.5875251509054327, 0.6012269938650306, 0.7577160493827161, 0.6813509544787077, 0.7579273008507347, 0.7553191489361702, 0.6146272855133615, 0.7530864197530863, 0.7366037735849056]
2018-12-20 23:10:44,176 hibernate-distribution-3.3.2.GA | F Score of init pool: [0.7739273927392739, 0.5391672547635851, 0.5524625267665952, 0.7397708674304418, 0.6410453497309762, 0.7404393816110658, 0.7258320126782883, 0.5600578871201158, 0.7382113821138212, 0.6966115051221434]
2018-12-20 23:11:06,161 jruby-1.4.0 | F Score of init pool: [0.7612456747404843, 0.5523255813953489, 0.5663976522377109, 0.7333333333333334, 0.6656151419558359, 0.7340696686491079, 0.7280334728033472, 0.5786350148367952, 0.7363945578231292, 0.7095709570957096]
2018-12-20 23:11:36,132 apache-ant-1.7.0 | F Score of init pool: [0.808757244043786, 0.5776009096077317, 0.600589970501475, 0.7979274611398963, 0.7214723926380369, 0.7974193548387096, 0.7987055016181229, 0.6106141920095409, 0.7969052224371372, 0.7625628140703516]
2018-12-20 23:12:01,662 columba-1.4-src | F Score of init pool: [0.7902735562310031, 0.5815983881799865, 0.5897435897435896, 0.7601809954751132, 0.7008547008547008, 0.7678437265214124, 0.7512991833704529, 0.6025280898876404, 0.7608370702541106, 0.7297096053611318]
2018-12-20 23:12:05,788 emf-2.4.1 | F Score of init pool: [0.7929255711127488, 0.5752895752895751, 0.5837628865979382, 0.764876632801161, 0.7028140013726835, 0.7705753823743628, 0.7593123209169055, 0.59946949602122, 0.7617668356263576, 0.7428977272727272]
2018-12-20 23:12:24,182 jfreechart-1.0.19 | F Score of init pool: [0.7878326996197719, 0.5886379192334018, 0.5966850828729282, 0.7664399092970521, 0.7014285714285715, 0.7651912978244562, 0.7535159141376758, 0.6121045392022008, 0.7612612612612613, 0.7462908011869437]
2018-12-20 23:13:51,078 jfreechart-1.0.19 | new F: 0.7899159663865546 budget 11
2018-12-20 23:14:04,573 sql12 | new F: 0.7881619937694704 budget 9
2018-12-20 23:14:20,245 jruby-1.4.0 | new F: 0.7772020725388602 budget 8
2018-12-20 23:16:07,998 argouml | new F: 0.7268464243845253 budget 3
2018-12-20 23:16:42,389 argouml | new F: 0.7425287356321839 budget 3
2018-12-20 23:17:22,277 emf-2.4.1 | new F: 0.7940959409594095 budget 9
2018-12-20 23:18:01,993 apache-ant-1.7.0 | new F: 0.8111533586818757 budget 7
2018-12-20 23:18:41,162 argouml | Eval: 13
2018-12-20 23:19:15,054 argouml | Optimized F Score for fold 0: 0.8308135349172066
2018-12-20 23:19:15,055 argouml | Starting a fold
2018-12-20 23:19:36,140 sql12 | new F: 0.7931570762052877 budget 2
2018-12-20 23:19:38,511 jEdit-4.2 | Eval: 10
2018-12-20 23:20:18,741 sql12 | Eval: 12
2018-12-20 23:20:34,501 jEdit-4.2 | Optimized F Score for fold 0: 0.31309904153354634
2018-12-20 23:20:34,501 jEdit-4.2 | Starting a fold
2018-12-20 23:20:58,728 sql12 | Optimized F Score for fold 0: 0.6004415011037527
2018-12-20 23:20:58,729 sql12 | Starting a fold
2018-12-20 23:21:55,907 jruby-1.4.0 | Eval: 11
2018-12-20 23:22:28,968 jruby-1.4.0 | Optimized F Score for fold 0: 0.8654173764906304
2018-12-20 23:22:28,970 jruby-1.4.0 | Starting a fold
2018-12-20 23:22:29,464 jfreechart-1.0.19 | new F: 0.7923664122137405 budget 6
2018-12-20 23:22:53,252 hibernate-distribution-3.3.2.GA | Eval: 10
2018-12-20 23:23:51,605 hibernate-distribution-3.3.2.GA | Optimized F Score for fold 0: 0.7975609756097563
2018-12-20 23:23:51,606 hibernate-distribution-3.3.2.GA | Starting a fold
2018-12-20 23:24:06,929 apache-ant-1.7.0 | Eval: 11
2018-12-20 23:24:34,208 apache-jmeter-2.10 | Eval: 10
2018-12-20 23:24:39,169 apache-ant-1.7.0 | Optimized F Score for fold 0: 0.4114285714285714
2018-12-20 23:24:39,169 apache-ant-1.7.0 | Starting a fold
2018-12-20 23:25:34,900 columba-1.4-src | Eval: 10
2018-12-20 23:26:19,426 apache-jmeter-2.10 | Optimized F Score for fold 0: 0.7421203438395415
2018-12-20 23:26:19,428 apache-jmeter-2.10 | Starting a fold
2018-12-20 23:26:38,076 columba-1.4-src | Optimized F Score for fold 0: 0.8656716417910447
2018-12-20 23:26:38,077 columba-1.4-src | Starting a fold
2018-12-20 23:26:54,191 emf-2.4.1 | Eval: 11
2018-12-20 23:27:14,147 jfreechart-1.0.19 | Eval: 12
2018-12-20 23:27:38,352 emf-2.4.1 | Optimized F Score for fold 0: 0.3945578231292517
2018-12-20 23:27:38,353 emf-2.4.1 | Starting a fold
2018-12-20 23:28:20,805 jfreechart-1.0.19 | Optimized F Score for fold 0: 0.5658263305322129
2018-12-20 23:28:20,806 jfreechart-1.0.19 | Starting a fold
2018-12-20 23:28:37,230 argouml | F Score of init pool: [0.7231759656652361, 0.6109452736318408, 0.6836518046709129, 0.7491856677524431, 0.7486398258977149, 0.6949152542372881, 0.6794462193823216, 0.7478260869565218, 0.7257383966244725, 0.7453954496208017]
2018-12-20 23:30:26,747 argouml | new F: 0.7497314715359827 budget 10
2018-12-20 23:32:42,434 sql12 | F Score of init pool: [0.5397324940991346, 0.5602189781021898, 0.4266157274753264, 0.7974463145676146, 0.8023391812865497, 0.45044451761606846, 0.6614173228346457, 0.7910447761194029, 0.6298292902066487, 0.729758149316509]
2018-12-20 23:32:58,580 jEdit-4.2 | F Score of init pool: [0.7525309336332959, 0.6061269146608316, 0.687211093990755, 0.8271308523409363, 0.8326283987915408, 0.7023060796645704, 0.6727383120825745, 0.8287425149700599, 0.7793952967525195, 0.8117302052785923]
2018-12-20 23:35:17,060 jruby-1.4.0 | F Score of init pool: [0.4786516853932585, 0.5379241516966068, 0.3923076923076923, 0.773220747889023, 0.7857581338244323, 0.421943785980359, 0.5076566125290023, 0.7667464114832536, 0.4876404494382023, 0.6680391147709728]
2018-12-20 23:36:01,371 argouml | new F: 0.7624190064794817 budget 7
2018-12-20 23:36:47,980 hibernate-distribution-3.3.2.GA | F Score of init pool: [0.5638804677349503, 0.5424867978876621, 0.4072750893147126, 0.8107777097366808, 0.812768569674647, 0.41686027215399934, 0.6483001172332943, 0.8092626447288239, 0.6448192771084337, 0.7564175698802053]
2018-12-20 23:37:24,320 jruby-1.4.0 | new F: 0.7865030674846627 budget 11
2018-12-20 23:40:15,237 apache-ant-1.7.0 | F Score of init pool: [0.8074766355140187, 0.6143470263641938, 0.7251324308416716, 0.8621997471554994, 0.8634639696586599, 0.7684848484848485, 0.6589446589446589, 0.8647281921618205, 0.8364312267657992, 0.854074542008844]
2018-12-20 23:40:17,425 columba-1.4-src | F Score of init pool: [0.6476802939825448, 0.552153110047847, 0.474283741801864, 0.7961603613777526, 0.7977337110481586, 0.47977877635672306, 0.6217780115728564, 0.7925801011804385, 0.6598890942698705, 0.7547974413646056]
2018-12-20 23:40:49,894 apache-jmeter-2.10 | F Score of init pool: [0.777934936350778, 0.6221009549795362, 0.6705128205128206, 0.8370106761565835, 0.8359486447931527, 0.7023809523809523, 0.6488439306358382, 0.8353528153955808, 0.8050139275766016, 0.8236130867709817]
2018-12-20 23:41:20,979 emf-2.4.1 | F Score of init pool: [0.661134163208852, 0.6198347107438016, 0.4590270976167156, 0.8042151968940655, 0.8073496659242761, 0.45903771131339405, 0.6782902137232846, 0.8008825151682295, 0.689239332096475, 0.7697127937336814]
2018-12-20 23:42:42,361 argouml | Eval: 12
2018-12-20 23:42:58,230 jfreechart-1.0.19 | F Score of init pool: [0.5676676264911559, 0.5579150579150579, 0.5261165783497351, 0.8178137651821863, 0.8190255220417634, 0.5364724044770358, 0.6033755274261604, 0.8151986183074266, 0.6841103710751664, 0.7837985769020251]
2018-12-20 23:43:26,624 emf-2.4.1 | new F: 0.8111731843575418 budget 11
2018-12-20 23:43:41,370 argouml | Optimized F Score for fold 1: 0.8317757009345795
2018-12-20 23:43:41,370 argouml | Starting a fold
2018-12-20 23:44:35,176 apache-jmeter-2.10 | new F: 0.847719298245614 budget 10
2018-12-20 23:44:59,084 columba-1.4-src | new F: 0.7986386840612592 budget 10
2018-12-20 23:50:27,349 sql12 | Eval: 10
2018-12-20 23:51:46,431 columba-1.4-src | new F: 0.7990919409761634 budget 8
2018-12-20 23:52:01,338 emf-2.4.1 | new F: 0.8164414414414415 budget 8
2018-12-20 23:52:06,149 jEdit-4.2 | Eval: 10
2018-12-20 23:52:23,147 sql12 | Optimized F Score for fold 1: 0.6140724946695096
2018-12-20 23:52:23,148 sql12 | Starting a fold
2018-12-20 23:53:49,572 apache-ant-1.7.0 | new F: 0.8727959697732997 budget 6
2018-12-20 23:54:04,348 jEdit-4.2 | Optimized F Score for fold 1: 0.37790697674418605
2018-12-20 23:54:04,348 jEdit-4.2 | Starting a fold
2018-12-20 23:54:29,930 argouml | F Score of init pool: [0.579476861167002, 0.6606129398410897, 0.6658711217183771, 0.4738292011019284, 0.4808743169398907, 0.6443418013856812, 0.6456692913385828, 0.6416861826697893, 0.5590955806783146, 0.5450941526263627]
2018-12-20 23:55:01,703 argouml | new F: 0.6745843230403801 budget 11
2018-12-20 23:56:40,794 apache-jmeter-2.10 | new F: 0.8523442967109868 budget 4
2018-12-20 23:57:49,827 emf-2.4.1 | new F: 0.8170594837261503 budget 5
2018-12-20 23:58:20,192 jruby-1.4.0 | Eval: 11
2018-12-20 23:58:32,583 hibernate-distribution-3.3.2.GA | Eval: 10
2018-12-20 23:59:41,267 argouml | Eval: 11
2018-12-20 23:59:42,643 emf-2.4.1 | new F: 0.8177727784026997 budget 5
2018-12-21 00:00:09,141 argouml | Optimized F Score for fold 2: 0.8411680911680911
2018-12-21 00:00:09,142 argouml | Starting a fold
2018-12-21 00:00:12,935 apache-jmeter-2.10 | new F: 0.853948287910552 budget 2
2018-12-21 00:00:20,251 jruby-1.4.0 | Optimized F Score for fold 1: 0.8668885191347753
2018-12-21 00:00:20,251 jruby-1.4.0 | Starting a fold
2018-12-21 00:00:39,457 hibernate-distribution-3.3.2.GA | Optimized F Score for fold 1: 0.7970838396111786
2018-12-21 00:00:39,458 hibernate-distribution-3.3.2.GA | Starting a fold
2018-12-21 00:01:18,315 apache-ant-1.7.0 | Eval: 11
2018-12-21 00:01:20,733 apache-jmeter-2.10 | Eval: 13
2018-12-21 00:02:05,169 emf-2.4.1 | new F: 0.8272017837235227 budget 3
2018-12-21 00:02:35,010 apache-jmeter-2.10 | Optimized F Score for fold 1: 0.7674074074074073
2018-12-21 00:02:35,011 apache-jmeter-2.10 | Starting a fold
2018-12-21 00:03:15,561 jfreechart-1.0.19 | Eval: 10
2018-12-21 00:03:22,761 apache-ant-1.7.0 | Optimized F Score for fold 1: 0.467005076142132
2018-12-21 00:03:22,762 apache-ant-1.7.0 | Starting a fold
2018-12-21 00:04:55,891 emf-2.4.1 | Eval: 15
2018-12-21 00:05:17,396 columba-1.4-src | new F: 0.804780876494024 budget 3
2018-12-21 00:05:30,582 jfreechart-1.0.19 | Optimized F Score for fold 1: 0.5621621621621622
2018-12-21 00:05:30,583 jfreechart-1.0.19 | Starting a fold
2018-12-21 00:06:02,826 emf-2.4.1 | Optimized F Score for fold 1: 0.44155844155844154
2018-12-21 00:06:02,827 emf-2.4.1 | Starting a fold
2018-12-21 00:07:50,693 sql12 | F Score of init pool: [0.6503551696921863, 0.7951070336391437, 0.7844036697247706, 0.5569852941176471, 0.5538178472861085, 0.774292272379495, 0.7484374999999999, 0.771581359816654, 0.6264367816091955, 0.6004198740377885]
2018-12-21 00:09:20,935 columba-1.4-src | Eval: 13
2018-12-21 00:09:34,905 jEdit-4.2 | F Score of init pool: [0.6889226100151745, 0.7741444866920151, 0.7774436090225564, 0.5530434782608696, 0.5693693693693693, 0.7679516250944823, 0.7751703255109765, 0.7494521548575601, 0.6254653760238272, 0.613214550853749]
2018-12-21 00:11:31,365 columba-1.4-src | Optimized F Score for fold 1: 0.8701923076923078
2018-12-21 00:11:31,365 columba-1.4-src | Starting a fold
2018-12-21 00:12:11,144 sql12 | new F: 0.7951256664127951 budget 8
2018-12-21 00:12:23,594 jEdit-4.2 | new F: 0.7783621337340346 budget 8
2018-12-21 00:12:54,904 argouml | F Score of init pool: [0.8294062205466541, 0.8071570576540754, 0.7254901960784315, 0.8126159554730983, 0.6753036437246963, 0.7126050420168066, 0.6587112171837709, 0.783419689119171, 0.7814149947201691, 0.7845188284518829]
2018-12-21 00:14:14,410 sql12 | new F: 0.8006042296072508 budget 6
2018-12-21 00:14:24,242 jEdit-4.2 | new F: 0.7871545929798358 budget 7
2018-12-21 00:16:08,945 jruby-1.4.0 | F Score of init pool: [0.6118421052631579, 0.781038374717833, 0.816967792615868, 0.6259259259259259, 0.6184210526315789, 0.7792207792207793, 0.7228915662650603, 0.7911585365853658, 0.5491439441978441, 0.5280289330922242]
2018-12-21 00:16:13,980 argouml | new F: 0.8419047619047619 budget 9
2018-12-21 00:18:05,687 sql12 | Eval: 12
2018-12-21 00:18:12,345 hibernate-distribution-3.3.2.GA | F Score of init pool: [0.6305189775367932, 0.8164213787761425, 0.826833073322933, 0.5998125585754451, 0.5909090909090909, 0.8182521268368136, 0.8064269319051263, 0.8237105465742879, 0.633855331841909, 0.5988620199146515]
2018-12-21 00:18:20,435 apache-jmeter-2.10 | F Score of init pool: [0.6410835214446954, 0.709105560032232, 0.7499999999999999, 0.47152847152847144, 0.47152847152847144, 0.7490102929532858, 0.7361769352290678, 0.756155679110405, 0.5834542815674891, 0.5732574679943101]
2018-12-21 00:18:37,499 sql12 | Optimized F Score for fold 2: 0.6075388026607539
2018-12-21 00:18:37,500 sql12 | Starting a fold
2018-12-21 00:20:37,022 argouml | new F: 0.8432122370936902 budget 7
2018-12-21 00:20:40,503 jEdit-4.2 | Eval: 12
2018-12-21 00:20:58,222 apache-ant-1.7.0 | F Score of init pool: [0.5793382849426063, 0.6968534151957022, 0.7385767790262173, 0.5167724388032638, 0.5032021957913998, 0.7157894736842105, 0.6938775510204083, 0.717948717948718, 0.5670650730411687, 0.5395820139328689]
2018-12-21 00:21:02,197 jEdit-4.2 | Optimized F Score for fold 2: 0.35802469135802467
2018-12-21 00:21:02,197 jEdit-4.2 | Starting a fold
2018-12-21 00:21:38,153 jruby-1.4.0 | new F: 0.8236220472440945 budget 7
2018-12-21 00:22:01,262 apache-ant-1.7.0 | new F: 0.7402985074626866 budget 10
2018-12-21 00:23:01,823 jfreechart-1.0.19 | F Score of init pool: [0.6268011527377522, 0.7627627627627627, 0.7774480712166173, 0.5604982206405694, 0.5632286995515695, 0.7511177347242921, 0.7285067873303168, 0.7569955817378498, 0.5548128342245989, 0.5109855618330195]
2018-12-21 00:23:05,277 jruby-1.4.0 | new F: 0.8286852589641436 budget 4
2018-12-21 00:23:25,654 hibernate-distribution-3.3.2.GA | new F: 0.8299531981279251 budget 3
2018-12-21 00:23:33,946 apache-jmeter-2.10 | new F: 0.7814465408805031 budget 7
2018-12-21 00:23:45,510 emf-2.4.1 | F Score of init pool: [0.6475524475524476, 0.7986013986013986, 0.805416963649323, 0.6030664395229983, 0.5847750865051904, 0.8014336917562725, 0.772005772005772, 0.7951807228915663, 0.6183256427158867, 0.6033376123234917]
2018-12-21 00:23:55,012 hibernate-distribution-3.3.2.GA | new F: 0.8344988344988344 budget 3
2018-12-21 00:24:11,247 apache-jmeter-2.10 | new F: 0.787878787878788 budget 7
2018-12-21 00:24:20,062 emf-2.4.1 | new F: 0.812051649928264 budget 11
2018-12-21 00:24:36,369 jruby-1.4.0 | Eval: 12
2018-12-21 00:24:43,331 emf-2.4.1 | new F: 0.8129032258064517 budget 11
2018-12-21 00:24:54,954 jruby-1.4.0 | Optimized F Score for fold 2: 0.8613013698630138
2018-12-21 00:24:54,955 jruby-1.4.0 | Starting a fold
2018-12-21 00:26:13,849 emf-2.4.1 | new F: 0.8131710808876162 budget 9
2018-12-21 00:27:07,556 hibernate-distribution-3.3.2.GA | Eval: 12
2018-12-21 00:27:34,313 hibernate-distribution-3.3.2.GA | Optimized F Score for fold 2: 0.8024242424242425
2018-12-21 00:27:34,314 hibernate-distribution-3.3.2.GA | Starting a fold
2018-12-21 00:28:25,383 apache-ant-1.7.0 | new F: 0.7417910447761195 budget 5
2018-12-21 00:28:39,223 apache-jmeter-2.10 | Eval: 12
2018-12-21 00:28:39,855 columba-1.4-src | F Score of init pool: [0.6522366522366523, 0.7397260273972603, 0.7499999999999999, 0.5551537070524413, 0.5495905368516834, 0.7448591012947449, 0.7379518072289156, 0.7425515660809778, 0.5585585585585585, 0.5486725663716814]
2018-12-21 00:28:54,584 apache-ant-1.7.0 | new F: 0.7518796992481204 budget 5
2018-12-21 00:29:10,959 argouml | Eval: 12
2018-12-21 00:29:14,577 apache-jmeter-2.10 | Optimized F Score for fold 2: 0.7743813682678312
2018-12-21 00:29:14,577 apache-jmeter-2.10 | Starting a fold
2018-12-21 00:30:09,476 jfreechart-1.0.19 | new F: 0.7827380952380951 budget 2
2018-12-21 00:30:44,237 argouml | Optimized F Score for fold 3: 0.8349229640498899
2018-12-21 00:30:44,238 argouml | Starting a fold
2018-12-21 00:30:50,147 emf-2.4.1 | Eval: 13
2018-12-21 00:31:12,684 emf-2.4.1 | Optimized F Score for fold 2: 0.42105263157894735
2018-12-21 00:31:12,685 emf-2.4.1 | Starting a fold
2018-12-21 00:32:01,624 apache-ant-1.7.0 | Eval: 13
2018-12-21 00:32:04,650 columba-1.4-src | new F: 0.7618320610687023 budget 8
2018-12-21 00:32:20,789 jfreechart-1.0.19 | Eval: 11
2018-12-21 00:32:28,648 apache-ant-1.7.0 | Optimized F Score for fold 2: 0.3550295857988166
2018-12-21 00:32:28,649 apache-ant-1.7.0 | Starting a fold
2018-12-21 00:32:48,494 jfreechart-1.0.19 | Optimized F Score for fold 2: 0.5714285714285714
2018-12-21 00:32:48,496 jfreechart-1.0.19 | Starting a fold
2018-12-21 00:32:56,846 sql12 | F Score of init pool: [0.687760199833472, 0.6558219178082193, 0.6463944396177237, 0.6933333333333335, 0.6411716842961758, 0.6601307189542485, 0.6373983739837399, 0.6882793017456359, 0.6198419666374012, 0.6246719160104988]
2018-12-21 00:35:22,651 sql12 | new F: 0.6948590381426202 budget 10
2018-12-21 00:36:01,774 jEdit-4.2 | F Score of init pool: [0.7666666666666667, 0.7498132935026139, 0.7436281859070465, 0.7695652173913043, 0.6178548490687219, 0.6925746009715475, 0.6022584692597239, 0.7686781609195403, 0.7214611872146118, 0.7287878787878788]
2018-12-21 00:36:17,077 sql12 | new F: 0.69557964970809 budget 10
2018-12-21 00:37:32,715 jEdit-4.2 | new F: 0.7711370262390671 budget 10
2018-12-21 00:38:16,120 sql12 | new F: 0.6969446738232864 budget 8
2018-12-21 00:38:56,179 sql12 | new F: 0.6972477064220184 budget 8
2018-12-21 00:40:54,193 columba-1.4-src | Eval: 11
2018-12-21 00:41:26,009 columba-1.4-src | Optimized F Score for fold 2: 0.8765743073047859
2018-12-21 00:41:26,010 columba-1.4-src | Starting a fold
2018-12-21 00:41:45,294 argouml | F Score of init pool: [0.7431472081218274, 0.7359836901121304, 0.7577639751552795, 0.6366197183098591, 0.7218200620475699, 0.49740932642487046, 0.7412731006160165, 0.6519999999999999, 0.7518324607329844, 0.7510373443983402]
2018-12-21 00:41:58,621 jruby-1.4.0 | F Score of init pool: [0.70298769771529, 0.6885844748858448, 0.7022058823529412, 0.7111882046834345, 0.6391231028667792, 0.6558773424190801, 0.6296296296296297, 0.7364685004436557, 0.6541353383458647, 0.6616822429906543]
2018-12-21 00:42:13,897 jEdit-4.2 | new F: 0.7732558139534884 budget 7
2018-12-21 00:42:31,063 sql12 | new F: 0.697751873438801 budget 4
2018-12-21 00:43:13,369 jruby-1.4.0 | new F: 0.7398230088495574 budget 10
2018-12-21 00:44:23,072 hibernate-distribution-3.3.2.GA | F Score of init pool: [0.6108637577916296, 0.5719557195571957, 0.5395614871306005, 0.6163410301953819, 0.5477386934673366, 0.5973333333333334, 0.5604770017035775, 0.5969062784349409, 0.5339712918660288, 0.5376549094375596]
2018-12-21 00:45:08,930 apache-jmeter-2.10 | F Score of init pool: [0.6582914572864321, 0.6258620689655172, 0.6117440841367222, 0.654331370899916, 0.5453172205438067, 0.6218905472636815, 0.5241691842900302, 0.656013456686291, 0.5854968666069831, 0.5892857142857143]
2018-12-21 00:45:13,368 sql12 | Eval: 15
2018-12-21 00:46:00,401 sql12 | Optimized F Score for fold 3: 0.6330275229357798
2018-12-21 00:46:00,402 sql12 | Starting a fold
2018-12-21 00:49:05,755 jruby-1.4.0 | Eval: 11
2018-12-21 00:49:16,716 emf-2.4.1 | F Score of init pool: [0.6713178294573643, 0.6475735879077169, 0.6240786240786241, 0.6697819314641744, 0.5621468926553672, 0.6279809220985691, 0.5553206483439042, 0.6677165354330709, 0.6112026359143328, 0.6134868421052632]
2018-12-21 00:49:23,255 jEdit-4.2 | Eval: 12
2018-12-21 00:49:50,592 jruby-1.4.0 | Optimized F Score for fold 3: 0.8694915254237288
2018-12-21 00:49:50,594 jruby-1.4.0 | Starting a fold
2018-12-21 00:50:17,634 apache-ant-1.7.0 | F Score of init pool: [0.6635071090047394, 0.6339869281045751, 0.622923588039867, 0.6634920634920635, 0.549889135254989, 0.6160064672594988, 0.5439882697947214, 0.6570048309178744, 0.6101413133832086, 0.6112956810631229]
2018-12-21 00:50:18,802 jEdit-4.2 | Optimized F Score for fold 3: 0.38938053097345127
2018-12-21 00:50:18,803 jEdit-4.2 | Starting a fold
2018-12-21 00:51:25,205 jfreechart-1.0.19 | F Score of init pool: [0.7201907790143084, 0.6944444444444444, 0.6717299578059073, 0.7385826771653543, 0.665090622537431, 0.6863057324840764, 0.652482269503546, 0.7186495176848875, 0.6644351464435146, 0.6649958228905598]
2018-12-21 00:53:03,578 apache-ant-1.7.0 | new F: 0.665090622537431 budget 10
2018-12-21 00:53:10,924 argouml | new F: 0.7582644628099173 budget 3
2018-12-21 00:55:20,807 hibernate-distribution-3.3.2.GA | new F: 0.6195165622202328 budget 3
2018-12-21 00:56:26,760 argouml | Eval: 11
2018-12-21 00:57:04,307 hibernate-distribution-3.3.2.GA | Eval: 11
2018-12-21 00:57:32,142 emf-2.4.1 | new F: 0.6713395638629284 budget 7
2018-12-21 00:57:35,254 hibernate-distribution-3.3.2.GA | Optimized F Score for fold 3: 0.8094674556213018
2018-12-21 00:57:35,254 hibernate-distribution-3.3.2.GA | Starting a fold
2018-12-21 00:57:46,217 apache-jmeter-2.10 | Eval: 10
2018-12-21 00:57:50,536 argouml | Optimized F Score for fold 4: 0.817258883248731
2018-12-21 00:57:50,539 END CROSS PROJECT=====
2018-12-21 00:59:13,069 apache-jmeter-2.10 | Optimized F Score for fold 3: 0.7710843373493975
2018-12-21 00:59:13,070 apache-jmeter-2.10 | Starting a fold
2018-12-21 00:59:20,282 columba-1.4-src | F Score of init pool: [0.6618933969769292, 0.6343467543138867, 0.6192468619246861, 0.6634844868735084, 0.5563583815028902, 0.6199677938808373, 0.5463695183321352, 0.6591458501208703, 0.6075949367088607, 0.6087689713322091]
2018-12-21 01:00:29,540 columba-1.4-src | new F: 0.6666666666666667 budget 11
2018-12-21 01:01:47,546 sql12 | F Score of init pool: [0.8164893617021276, 0.7943262411347518, 0.8281036834924965, 0.7272727272727273, 0.7786774628879892, 0.5667574931880108, 0.8217888365837256, 0.6801831262262916, 0.8097982708933718, 0.8247422680412371]
2018-12-21 01:02:05,464 apache-ant-1.7.0 | new F: 0.6656126482213439 budget 6
2018-12-21 01:03:25,738 jruby-1.4.0 | F Score of init pool: [0.5896946564885496, 0.5837320574162679, 0.5764362220058423, 0.4597701149425288, 0.49536178107606677, 0.28502994011976046, 0.5889101338432122, 0.4747826086956522, 0.5393939393939394, 0.5635467980295567]
2018-12-21 01:03:51,978 jEdit-4.2 | F Score of init pool: [0.7906976744186046, 0.782543265613243, 0.7869598180439726, 0.5989992852037169, 0.6779661016949152, 0.41700404858299595, 0.786144578313253, 0.6054131054131054, 0.7812018489984592, 0.7863117870722434]
2018-12-21 01:04:29,473 emf-2.4.1 | Eval: 11
2018-12-21 01:05:37,709 emf-2.4.1 | Optimized F Score for fold 3: 0.38356164383561636
2018-12-21 01:05:37,711 emf-2.4.1 | Starting a fold
2018-12-21 01:08:20,235 jfreechart-1.0.19 | Eval: 10
2018-12-21 01:09:21,316 apache-ant-1.7.0 | Eval: 12
2018-12-21 01:09:22,726 jfreechart-1.0.19 | Optimized F Score for fold 3: 0.5626740947075209
2018-12-21 01:09:22,726 jfreechart-1.0.19 | Starting a fold
2018-12-21 01:11:06,372 apache-ant-1.7.0 | Optimized F Score for fold 3: 0.3478260869565218
2018-12-21 01:11:06,374 apache-ant-1.7.0 | Starting a fold
2018-12-21 01:12:22,366 hibernate-distribution-3.3.2.GA | F Score of init pool: [0.7623386484434319, 0.747565543071161, 0.7771696637998435, 0.5683060109289617, 0.6790214974054856, 0.42931937172774864, 0.7667682926829268, 0.6133700895933838, 0.7768987341772151, 0.7736883320281912]
2018-12-21 01:14:11,941 apache-jmeter-2.10 | F Score of init pool: [0.7803379416282641, 0.7698170731707317, 0.7884914463452567, 0.6191155492154065, 0.6637426900584795, 0.41343126967471144, 0.7663839629915189, 0.6326963906581741, 0.7821316614420063, 0.7881619937694704]
2018-12-21 01:14:53,406 jEdit-4.2 | new F: 0.7920059215396004 budget 2
2018-12-21 01:15:14,853 columba-1.4-src | Eval: 11
2018-12-21 01:15:58,163 jEdit-4.2 | Eval: 11
2018-12-21 01:16:07,013 apache-jmeter-2.10 | new F: 0.7894327894327895 budget 11
2018-12-21 01:16:13,795 columba-1.4-src | Optimized F Score for fold 3: 0.8778054862842892
2018-12-21 01:16:13,795 columba-1.4-src | Starting a fold
2018-12-21 01:16:31,586 jEdit-4.2 | Optimized F Score for fold 4: 0.3364485981308411
2018-12-21 01:16:31,588 END CROSS PROJECT=====
2018-12-21 01:16:34,903 jruby-1.4.0 | Eval: 10
2018-12-21 01:17:34,340 jruby-1.4.0 | Optimized F Score for fold 4: 0.855160450997398
2018-12-21 01:17:34,342 END CROSS PROJECT=====
2018-12-21 01:19:36,935 sql12 | Eval: 10
2018-12-21 01:20:54,259 apache-jmeter-2.10 | new F: 0.7900466562986004 budget 9
2018-12-21 01:21:27,845 sql12 | Optimized F Score for fold 4: 0.6536796536796537
2018-12-21 01:21:27,847 END CROSS PROJECT=====
2018-12-21 01:21:33,818 emf-2.4.1 | F Score of init pool: [0.7874125874125874, 0.7913468248429868, 0.7954706298655344, 0.6373350094280326, 0.6934604904632152, 0.40784313725490196, 0.7837078651685393, 0.6206451612903225, 0.7842565597667639, 0.7960199004975125]
2018-12-21 01:24:37,680 hibernate-distribution-3.3.2.GA | new F: 0.778125 budget 5
2018-12-21 01:25:02,557 emf-2.4.1 | new F: 0.7960618846694797 budget 10
2018-12-21 01:25:06,440 jfreechart-1.0.19 | F Score of init pool: [0.7945402298850575, 0.7882689556509299, 0.8026124818577648, 0.6458739441195581, 0.7159804605722261, 0.4383020730503455, 0.7899280575539568, 0.6381620931716655, 0.7887323943661971, 0.8072463768115942]
2018-12-21 01:25:29,154 apache-ant-1.7.0 | F Score of init pool: [0.7893258426966291, 0.7803508771929824, 0.7891737891737892, 0.6134506599622878, 0.6639175257731958, 0.4059113300492611, 0.7829787234042552, 0.6221937139191789, 0.7956363636363637, 0.797142857142857]
2018-12-21 01:27:55,398 hibernate-distribution-3.3.2.GA | new F: 0.7784711388455539 budget 4
2018-12-21 01:29:40,652 hibernate-distribution-3.3.2.GA | new F: 0.7789968652037618 budget 4
2018-12-21 01:30:17,321 columba-1.4-src | F Score of init pool: [0.7841726618705035, 0.7779369627507163, 0.7967953386744354, 0.6130913804277381, 0.7000000000000001, 0.4416342412451362, 0.7832369942196532, 0.6328784925276153, 0.7791044776119402, 0.7956521739130434]
2018-12-21 01:31:04,299 hibernate-distribution-3.3.2.GA | new F: 0.7937743190661477 budget 4
2018-12-21 01:32:02,783 hibernate-distribution-3.3.2.GA | new F: 0.8021722265321957 budget 4
2018-12-21 01:33:14,670 hibernate-distribution-3.3.2.GA | new F: 0.8034321372854915 budget 4
2018-12-21 01:33:43,270 apache-jmeter-2.10 | Eval: 12
2018-12-21 01:34:47,658 hibernate-distribution-3.3.2.GA | new F: 0.80370942812983 budget 3
2018-12-21 01:35:20,516 apache-jmeter-2.10 | Optimized F Score for fold 4: 0.7406340057636888
2018-12-21 01:35:20,518 END CROSS PROJECT=====
2018-12-21 01:36:15,941 emf-2.4.1 | new F: 0.7965981573352233 budget 4
2018-12-21 01:36:59,623 hibernate-distribution-3.3.2.GA | Eval: 17
2018-12-21 01:38:00,410 hibernate-distribution-3.3.2.GA | Optimized F Score for fold 4: 0.7926380368098159
2018-12-21 01:38:00,412 END CROSS PROJECT=====
2018-12-21 01:39:31,425 apache-ant-1.7.0 | Eval: 10
2018-12-21 01:39:41,301 emf-2.4.1 | new F: 0.7983074753173485 budget 3
2018-12-21 01:40:48,972 apache-ant-1.7.0 | Optimized F Score for fold 4: 0.37362637362637363
2018-12-21 01:40:48,974 END CROSS PROJECT=====
2018-12-21 01:42:17,028 jfreechart-1.0.19 | Eval: 10
2018-12-21 01:42:30,611 emf-2.4.1 | Eval: 13
2018-12-21 01:43:42,389 jfreechart-1.0.19 | Optimized F Score for fold 4: 0.5604395604395604
2018-12-21 01:43:42,391 END CROSS PROJECT=====
2018-12-21 01:44:01,247 emf-2.4.1 | Optimized F Score for fold 4: 0.4155844155844156
2018-12-21 01:44:01,251 END CROSS PROJECT=====
2018-12-21 01:47:23,563 columba-1.4-src | Eval: 10
2018-12-21 01:48:57,311 columba-1.4-src | Optimized F Score for fold 4: 0.8509615384615384
2018-12-21 01:48:57,313 END CROSS PROJECT=====
