2018-12-21 12:28:51,510 New Feature Counts: 6185
2018-12-21 12:28:51,651 New Feature Counts: 6506
2018-12-21 12:28:51,686 New Feature Counts: 6625
2018-12-21 12:28:51,821 New Feature Counts: 6699
2018-12-21 12:28:51,829 New Feature Counts: 6725
2018-12-21 12:28:51,835 New Feature Counts: 6652
2018-12-21 12:28:51,945 New Feature Counts: 6272
2018-12-21 12:28:52,021 New Feature Counts: 6686
2018-12-21 12:28:52,050 New Feature Counts: 6450
2018-12-21 12:28:52,114 
===============
2018-12-21 12:28:52,114 DATASET: argouml | MAX_FEATURE: 0.3 | STOP_WORDS: english | FOLD: 5 | POOL_SIZE: 100000 | INIT_POOL: 10 | BUDGET: 10
2018-12-21 12:28:52,114 TRAINING DATA: TRUE: 2658 | FALSE: 50165
2018-12-21 12:28:52,114 TEST DATA: TRUE: 1413 | FALSE: 8039
2018-12-21 12:28:52,115 argouml | Starting our 5 fold cross validation for argouml
2018-12-21 12:28:52,136 New Feature Counts: 5976
2018-12-21 12:28:52,200 argouml | Starting a fold
2018-12-21 12:28:52,268 
===============
2018-12-21 12:28:52,268 DATASET: columba-1.4-src | MAX_FEATURE: 0.3 | STOP_WORDS: english | FOLD: 5 | POOL_SIZE: 100000 | INIT_POOL: 10 | BUDGET: 10
2018-12-21 12:28:52,268 TRAINING DATA: TRUE: 3867 | FALSE: 51940
2018-12-21 12:28:52,268 TEST DATA: TRUE: 204 | FALSE: 6264
2018-12-21 12:28:52,269 columba-1.4-src | Starting our 5 fold cross validation for columba-1.4-src
2018-12-21 12:28:52,326 
===============
2018-12-21 12:28:52,326 DATASET: apache-jmeter-2.10 | MAX_FEATURE: 0.3 | STOP_WORDS: english | FOLD: 5 | POOL_SIZE: 100000 | INIT_POOL: 10 | BUDGET: 10
2018-12-21 12:28:52,326 TRAINING DATA: TRUE: 3697 | FALSE: 50521
2018-12-21 12:28:52,326 TEST DATA: TRUE: 374 | FALSE: 7683
2018-12-21 12:28:52,327 apache-jmeter-2.10 | Starting our 5 fold cross validation for apache-jmeter-2.10
2018-12-21 12:28:52,359 columba-1.4-src | Starting a fold
2018-12-21 12:28:52,420 apache-jmeter-2.10 | Starting a fold
2018-12-21 12:28:52,452 
===============
2018-12-21 12:28:52,452 DATASET: hibernate-distribution-3.3.2.GA | MAX_FEATURE: 0.3 | STOP_WORDS: english | FOLD: 5 | POOL_SIZE: 100000 | INIT_POOL: 10 | BUDGET: 10
2018-12-21 12:28:52,452 TRAINING DATA: TRUE: 3599 | FALSE: 55708
2018-12-21 12:28:52,452 TEST DATA: TRUE: 472 | FALSE: 2496
2018-12-21 12:28:52,453 hibernate-distribution-3.3.2.GA | Starting our 5 fold cross validation for hibernate-distribution-3.3.2.GA
2018-12-21 12:28:52,480 
===============
2018-12-21 12:28:52,480 DATASET: apache-ant-1.7.0 | MAX_FEATURE: 0.3 | STOP_WORDS: english | FOLD: 5 | POOL_SIZE: 100000 | INIT_POOL: 10 | BUDGET: 10
2018-12-21 12:28:52,480 TRAINING DATA: TRUE: 3940 | FALSE: 54237
2018-12-21 12:28:52,480 TEST DATA: TRUE: 131 | FALSE: 3967
2018-12-21 12:28:52,481 apache-ant-1.7.0 | Starting our 5 fold cross validation for apache-ant-1.7.0
2018-12-21 12:28:52,487 
===============
2018-12-21 12:28:52,488 DATASET: emf-2.4.1 | MAX_FEATURE: 0.3 | STOP_WORDS: english | FOLD: 5 | POOL_SIZE: 100000 | INIT_POOL: 10 | BUDGET: 10
2018-12-21 12:28:52,488 TRAINING DATA: TRUE: 3967 | FALSE: 53918
2018-12-21 12:28:52,488 TEST DATA: TRUE: 104 | FALSE: 4286
2018-12-21 12:28:52,489 emf-2.4.1 | Starting our 5 fold cross validation for emf-2.4.1
2018-12-21 12:28:52,551 hibernate-distribution-3.3.2.GA | Starting a fold
2018-12-21 12:28:52,576 apache-ant-1.7.0 | Starting a fold
2018-12-21 12:28:52,585 emf-2.4.1 | Starting a fold
2018-12-21 12:28:52,586 
===============
2018-12-21 12:28:52,587 DATASET: jEdit-4.2 | MAX_FEATURE: 0.3 | STOP_WORDS: english | FOLD: 5 | POOL_SIZE: 100000 | INIT_POOL: 10 | BUDGET: 10
2018-12-21 12:28:52,587 TRAINING DATA: TRUE: 3815 | FALSE: 48138
2018-12-21 12:28:52,587 TEST DATA: TRUE: 256 | FALSE: 10066
2018-12-21 12:28:52,587 jEdit-4.2 | Starting our 5 fold cross validation for jEdit-4.2
2018-12-21 12:28:52,663 
===============
2018-12-21 12:28:52,663 DATASET: jfreechart-1.0.19 | MAX_FEATURE: 0.3 | STOP_WORDS: english | FOLD: 5 | POOL_SIZE: 100000 | INIT_POOL: 10 | BUDGET: 10
2018-12-21 12:28:52,663 TRAINING DATA: TRUE: 3862 | FALSE: 54005
2018-12-21 12:28:52,663 TEST DATA: TRUE: 209 | FALSE: 4199
2018-12-21 12:28:52,664 jfreechart-1.0.19 | Starting our 5 fold cross validation for jfreechart-1.0.19
2018-12-21 12:28:52,677 jEdit-4.2 | Starting a fold
2018-12-21 12:28:52,679 
===============
2018-12-21 12:28:52,679 DATASET: jruby-1.4.0 | MAX_FEATURE: 0.3 | STOP_WORDS: english | FOLD: 5 | POOL_SIZE: 100000 | INIT_POOL: 10 | BUDGET: 10
2018-12-21 12:28:52,679 TRAINING DATA: TRUE: 3449 | FALSE: 53929
2018-12-21 12:28:52,679 TEST DATA: TRUE: 622 | FALSE: 4275
2018-12-21 12:28:52,680 jruby-1.4.0 | Starting our 5 fold cross validation for jruby-1.4.0
2018-12-21 12:28:52,764 jfreechart-1.0.19 | Starting a fold
2018-12-21 12:28:52,774 jruby-1.4.0 | Starting a fold
2018-12-21 12:28:52,777 
===============
2018-12-21 12:28:52,777 DATASET: sql12 | MAX_FEATURE: 0.3 | STOP_WORDS: english | FOLD: 5 | POOL_SIZE: 100000 | INIT_POOL: 10 | BUDGET: 10
2018-12-21 12:28:52,777 TRAINING DATA: TRUE: 3785 | FALSE: 51275
2018-12-21 12:28:52,777 TEST DATA: TRUE: 286 | FALSE: 6929
2018-12-21 12:28:52,778 sql12 | Starting our 5 fold cross validation for sql12
2018-12-21 12:28:52,872 sql12 | Starting a fold
2018-12-21 12:38:24,036 argouml | F Score of init pool: [0.7329479768786126, 0.5899280575539567, 0.5824634655532359, 0.7316513761467891, 0.5302530253025303, 0.7366020524515393, 0.7297297297297297, 0.6143790849673202, 0.7382857142857143, 0.6839145106861643]
2018-12-21 12:40:56,657 sql12 | F Score of init pool: [0.777602523659306, 0.5819444444444445, 0.592847317744154, 0.7711404189294027, 0.6273620559334845, 0.772093023255814, 0.7523219814241486, 0.5915492957746479, 0.7752895752895753, 0.6989835809225958]
2018-12-21 12:41:16,764 jEdit-4.2 | F Score of init pool: [0.7806401249024201, 0.5818965517241379, 0.5898550724637682, 0.7729772191673214, 0.615149196633512, 0.7730829420970265, 0.7572209211553474, 0.6083213773314204, 0.774294670846395, 0.7075252133436771]
2018-12-21 12:41:23,198 apache-jmeter-2.10 | F Score of init pool: [0.7989276139410186, 0.4985507246376812, 0.5116279069767442, 0.7926829268292684, 0.6079613992762365, 0.7855711422845691, 0.7577720207253886, 0.5806060606060607, 0.7832446808510638, 0.7146464646464646]
2018-12-21 12:42:19,111 jruby-1.4.0 | F Score of init pool: [0.7585004359197908, 0.5256222547584187, 0.5433962264150943, 0.7573656845753898, 0.5683512841756421, 0.7525951557093425, 0.7421276595744681, 0.5577812018489985, 0.754325259515571, 0.6643717728055077]
2018-12-21 12:42:46,309 hibernate-distribution-3.3.2.GA | F Score of init pool: [0.7678275290215589, 0.5287030474840538, 0.5476702508960573, 0.7547169811320755, 0.5605700712589075, 0.7502047502047502, 0.7178658043654002, 0.5527272727272727, 0.7510271158586688, 0.6552006552006552]
2018-12-21 12:43:28,274 columba-1.4-src | F Score of init pool: [0.7856598016781083, 0.5596140592694693, 0.5621181262729124, 0.7754172989377845, 0.6133333333333333, 0.7735562310030395, 0.7522522522522522, 0.5929577464788732, 0.7742424242424243, 0.6894457099468488]
2018-12-21 12:43:53,275 emf-2.4.1 | F Score of init pool: [0.7964601769911505, 0.5458167330677292, 0.5629053177691311, 0.7880553532410779, 0.6012793176972281, 0.7863372093023255, 0.7572674418604652, 0.5823293172690764, 0.7813411078717202, 0.7011070110701106]
2018-12-21 12:44:03,450 apache-ant-1.7.0 | F Score of init pool: [0.8227684346701163, 0.5606500290191526, 0.572101236021189, 0.8020901371652515, 0.6501587301587302, 0.7976501305483029, 0.7926509186351706, 0.6028368794326241, 0.8083170890188435, 0.7351421188630491]
2018-12-21 12:44:10,936 jfreechart-1.0.19 | F Score of init pool: [0.7899159663865546, 0.5632262474367737, 0.5820178448867535, 0.781038374717833, 0.6030075187969925, 0.7825432656132429, 0.7565938206480783, 0.5988700564971751, 0.7773584905660378, 0.6858475894245724]
2018-12-21 12:44:43,453 columba-1.4-src | new F: 0.7927382753403934 budget 11
2018-12-21 12:44:52,862 jruby-1.4.0 | new F: 0.7721739130434782 budget 10
2018-12-21 12:45:03,752 emf-2.4.1 | new F: 0.8 budget 11
2018-12-21 12:46:40,351 jEdit-4.2 | new F: 0.7918939984411536 budget 8
2018-12-21 12:54:12,829 jEdit-4.2 | Eval: 11
2018-12-21 12:55:00,987 jruby-1.4.0 | Eval: 11
2018-12-21 12:55:01,378 jEdit-4.2 | Optimized F Score for fold 0: 0.3116883116883117
2018-12-21 12:55:01,378 jEdit-4.2 | Starting a fold
2018-12-21 12:55:20,939 argouml | Eval: 10
2018-12-21 12:55:27,368 apache-jmeter-2.10 | Eval: 10
2018-12-21 12:55:46,888 jruby-1.4.0 | Optimized F Score for fold 0: 0.8576419213973799
2018-12-21 12:55:46,890 jruby-1.4.0 | Starting a fold
2018-12-21 12:56:36,110 apache-jmeter-2.10 | Optimized F Score for fold 0: 0.7586206896551725
2018-12-21 12:56:36,111 apache-jmeter-2.10 | Starting a fold
2018-12-21 12:57:19,719 argouml | Optimized F Score for fold 0: 0.829981718464351
2018-12-21 12:57:19,720 argouml | Starting a fold
2018-12-21 12:57:26,429 sql12 | Eval: 10
2018-12-21 12:57:39,500 hibernate-distribution-3.3.2.GA | Eval: 10
2018-12-21 12:58:04,783 jfreechart-1.0.19 | new F: 0.7981721249047982 budget 7
2018-12-21 12:58:34,292 sql12 | Optimized F Score for fold 0: 0.6455981941309256
2018-12-21 12:58:34,293 sql12 | Starting a fold
2018-12-21 12:58:51,986 hibernate-distribution-3.3.2.GA | Optimized F Score for fold 0: 0.8188405797101449
2018-12-21 12:58:51,987 hibernate-distribution-3.3.2.GA | Starting a fold
2018-12-21 12:59:35,564 apache-ant-1.7.0 | Eval: 10
2018-12-21 13:00:29,167 columba-1.4-src | Eval: 11
2018-12-21 13:00:55,153 apache-ant-1.7.0 | Optimized F Score for fold 0: 0.38636363636363635
2018-12-21 13:00:55,154 apache-ant-1.7.0 | Starting a fold
2018-12-21 13:01:38,350 columba-1.4-src | Optimized F Score for fold 0: 0.8721804511278195
2018-12-21 13:01:38,351 columba-1.4-src | Starting a fold
2018-12-21 13:02:25,047 emf-2.4.1 | Eval: 11
2018-12-21 13:03:27,816 emf-2.4.1 | Optimized F Score for fold 0: 0.4575163398692811
2018-12-21 13:03:27,817 emf-2.4.1 | Starting a fold
2018-12-21 13:05:08,314 jfreechart-1.0.19 | Eval: 11
2018-12-21 13:05:59,451 jfreechart-1.0.19 | Optimized F Score for fold 0: 0.576271186440678
2018-12-21 13:05:59,452 jfreechart-1.0.19 | Starting a fold
2018-12-21 13:08:15,540 argouml | F Score of init pool: [0.7374999999999999, 0.6084396467124632, 0.6673751328374071, 0.7623126338329764, 0.7578040904198062, 0.6872340425531914, 0.6814345991561181, 0.7614973262032085, 0.7565308254963428, 0.7653276955602537]
2018-12-21 13:08:43,536 jEdit-4.2 | F Score of init pool: [0.7317345231455661, 0.6018368449486764, 0.6862302483069976, 0.8323207776427702, 0.8303735456215554, 0.6887640449438203, 0.6619217081850534, 0.8310115081768626, 0.7971946230274694, 0.8151658767772512]
2018-12-21 13:10:01,138 jruby-1.4.0 | F Score of init pool: [0.6210683974038942, 0.43908227848101267, 0.5792079207920793, 0.8093730208993033, 0.8127388535031846, 0.597194388777555, 0.5062703204830469, 0.8060644346178144, 0.6722338204592901, 0.7567567567567568]
2018-12-21 13:11:20,449 sql12 | F Score of init pool: [0.6750629722921914, 0.6042385411532775, 0.6128564523924601, 0.8028086600351083, 0.8082840236686392, 0.6242100145843462, 0.6691137912952281, 0.7979094076655052, 0.7257559958289885, 0.7681239623685667]
2018-12-21 13:12:29,166 apache-jmeter-2.10 | F Score of init pool: [0.7480144404332129, 0.6032831737346102, 0.6110032362459547, 0.82, 0.8174659985683608, 0.6626098715348209, 0.652452025586354, 0.8179871520342613, 0.768589298123697, 0.7801120448179271]
2018-12-21 13:13:15,279 hibernate-distribution-3.3.2.GA | F Score of init pool: [0.6455889852116268, 0.5108853410740202, 0.5613184682501212, 0.8175092478421702, 0.8195908245505269, 0.5834571570084199, 0.6424986056887897, 0.8147239263803681, 0.7538549400342661, 0.7892537313432836]
2018-12-21 13:15:08,339 jruby-1.4.0 | new F: 0.8140575079872204 budget 10
2018-12-21 13:15:09,949 jEdit-4.2 | new F: 0.835985312117503 budget 10
2018-12-21 13:16:37,827 columba-1.4-src | F Score of init pool: [0.6742237555446032, 0.5865244789142027, 0.583219954648526, 0.8183401044689496, 0.8208430913348945, 0.6035829122645843, 0.6170655567117586, 0.8161383285302594, 0.7502645502645503, 0.7881828316610926]
2018-12-21 13:17:44,189 jruby-1.4.0 | new F: 0.8145780051150896 budget 10
2018-12-21 13:17:52,068 apache-ant-1.7.0 | F Score of init pool: [0.781389420012747, 0.6117216117216117, 0.6730083234244947, 0.8540471637985979, 0.8558673469387756, 0.7218788627935723, 0.6688353936239428, 0.8514724711907811, 0.8265306122448979, 0.8423076923076923]
2018-12-21 13:18:54,660 emf-2.4.1 | F Score of init pool: [0.6622201048118151, 0.5633672525439408, 0.4939849624060151, 0.825, 0.8275071633237823, 0.4849800941006153, 0.6169895678092399, 0.8223981900452488, 0.7561728395061729, 0.7960954446854664]
2018-12-21 13:19:18,810 jEdit-4.2 | new F: 0.8362537764350454 budget 8
2018-12-21 13:20:51,332 argouml | new F: 0.7666314677930307 budget 4
2018-12-21 13:20:55,305 jEdit-4.2 | new F: 0.8413373860182372 budget 8
2018-12-21 13:21:51,589 jfreechart-1.0.19 | F Score of init pool: [0.6595226497808087, 0.49627356422621655, 0.595724907063197, 0.8231173380035025, 0.8265726043503822, 0.6116092496460594, 0.6362170875873187, 0.8234610917537747, 0.7627209426888055, 0.7961926091825308]
2018-12-21 13:23:29,484 apache-ant-1.7.0 | new F: 0.8573248407643312 budget 10
2018-12-21 13:27:04,667 argouml | Eval: 11
2018-12-21 13:27:58,914 jEdit-4.2 | new F: 0.8437689969604862 budget 5
2018-12-21 13:28:22,099 argouml | Optimized F Score for fold 1: 0.8105533162330525
2018-12-21 13:28:22,100 argouml | Starting a fold
2018-12-21 13:30:45,064 jruby-1.4.0 | new F: 0.8161434977578476 budget 6
2018-12-21 13:31:46,759 hibernate-distribution-3.3.2.GA | new F: 0.8206083178150216 budget 5
2018-12-21 13:32:19,176 sql12 | new F: 0.8099467140319715 budget 4
2018-12-21 13:33:09,565 jEdit-4.2 | new F: 0.8440366972477064 budget 3
2018-12-21 13:36:44,342 jEdit-4.2 | Eval: 15
2018-12-21 13:36:45,008 hibernate-distribution-3.3.2.GA | new F: 0.8261142498430634 budget 4
2018-12-21 13:37:27,658 apache-jmeter-2.10 | Eval: 10
2018-12-21 13:38:36,902 jEdit-4.2 | Optimized F Score for fold 1: 0.3696969696969697
2018-12-21 13:38:36,903 jEdit-4.2 | Starting a fold
2018-12-21 13:39:09,676 sql12 | new F: 0.8126870137642129 budget 2
2018-12-21 13:39:57,843 apache-jmeter-2.10 | Optimized F Score for fold 1: 0.772133526850508
2018-12-21 13:39:57,844 apache-jmeter-2.10 | Starting a fold
2018-12-21 13:39:59,974 apache-ant-1.7.0 | new F: 0.8587859424920128 budget 5
2018-12-21 13:41:27,973 sql12 | Eval: 12
2018-12-21 13:42:09,658 columba-1.4-src | Eval: 10
2018-12-21 13:42:40,210 argouml | F Score of init pool: [0.5237113402061856, 0.6327433628318584, 0.6634844868735085, 0.4058394160583942, 0.39647577092511016, 0.6621621621621623, 0.6526082130965594, 0.6697353279631759, 0.5654885654885654, 0.5374015748031497]
2018-12-21 13:43:25,333 sql12 | Optimized F Score for fold 1: 0.6233766233766235
2018-12-21 13:43:25,334 sql12 | Starting a fold
2018-12-21 13:43:26,613 emf-2.4.1 | new F: 0.8279816513761469 budget 3
2018-12-21 13:43:43,789 jruby-1.4.0 | Eval: 13
2018-12-21 13:44:22,628 hibernate-distribution-3.3.2.GA | Eval: 12
2018-12-21 13:44:44,911 columba-1.4-src | Optimized F Score for fold 1: 0.8734491315136478
2018-12-21 13:44:44,912 columba-1.4-src | Starting a fold
2018-12-21 13:44:46,094 apache-ant-1.7.0 | new F: 0.8627700127064803 budget 4
2018-12-21 13:46:14,458 jruby-1.4.0 | Optimized F Score for fold 1: 0.8603642671292281
2018-12-21 13:46:14,459 jruby-1.4.0 | Starting a fold
2018-12-21 13:46:38,245 hibernate-distribution-3.3.2.GA | Optimized F Score for fold 1: 0.8137254901960784
2018-12-21 13:46:38,246 hibernate-distribution-3.3.2.GA | Starting a fold
2018-12-21 13:46:51,527 apache-ant-1.7.0 | new F: 0.8742138364779876 budget 4
2018-12-21 13:48:58,706 emf-2.4.1 | Eval: 11
2018-12-21 13:50:53,321 jfreechart-1.0.19 | new F: 0.8270588235294117 budget 2
2018-12-21 13:51:33,974 emf-2.4.1 | Optimized F Score for fold 1: 0.45569620253164556
2018-12-21 13:51:33,975 emf-2.4.1 | Starting a fold
2018-12-21 13:52:11,758 argouml | Eval: 10
2018-12-21 13:53:27,017 apache-ant-1.7.0 | Eval: 14
2018-12-21 13:53:28,388 jfreechart-1.0.19 | Eval: 11
2018-12-21 13:53:36,232 argouml | Optimized F Score for fold 2: 0.8300366300366301
2018-12-21 13:53:36,234 argouml | Starting a fold
2018-12-21 13:55:28,478 apache-ant-1.7.0 | Optimized F Score for fold 1: 0.3837209302325581
2018-12-21 13:55:28,478 apache-ant-1.7.0 | Starting a fold
2018-12-21 13:56:16,625 jfreechart-1.0.19 | Optimized F Score for fold 1: 0.5714285714285714
2018-12-21 13:56:16,626 jfreechart-1.0.19 | Starting a fold
2018-12-21 13:57:57,521 jEdit-4.2 | F Score of init pool: [0.6599221789883268, 0.764885496183206, 0.7713207547169811, 0.4899082568807339, 0.5075757575757576, 0.7630582891748674, 0.7635542168674699, 0.7505518763796909, 0.5894886363636365, 0.5690492713393477]
2018-12-21 13:58:50,979 apache-jmeter-2.10 | F Score of init pool: [0.5782208588957056, 0.7285828662930345, 0.7667984189723321, 0.3728813559322034, 0.3728813559322034, 0.7543307086614174, 0.75, 0.7863247863247863, 0.5701818181818182, 0.5480225988700564]
2018-12-21 13:59:17,895 jEdit-4.2 | new F: 0.7796101949025488 budget 10
2018-12-21 14:01:41,333 sql12 | F Score of init pool: [0.5379609544468548, 0.7792207792207791, 0.7877862595419848, 0.5096899224806202, 0.5048543689320388, 0.7804131599081866, 0.7803379416282642, 0.7804131599081866, 0.6068493150684933, 0.5935672514619882]
2018-12-21 14:02:28,758 jEdit-4.2 | new F: 0.7850746268656716 budget 8
2018-12-21 14:05:16,010 columba-1.4-src | F Score of init pool: [0.6051712089447939, 0.7347560975609755, 0.7517188693659282, 0.4952380952380952, 0.4851390220517736, 0.7370007535795026, 0.7331334332833583, 0.7465857359635812, 0.5909732016925247, 0.5525773195876288]
2018-12-21 14:06:57,655 jruby-1.4.0 | F Score of init pool: [0.5390625, 0.702355460385439, 0.8091844813935075, 0.5461928934010152, 0.5460060667340748, 0.7237128353879622, 0.7011173184357541, 0.7897196261682243, 0.5624582498329993, 0.5111386138613861]
2018-12-21 14:08:13,650 hibernate-distribution-3.3.2.GA | F Score of init pool: [0.5647887323943661, 0.791601866251944, 0.8138801261829652, 0.5168539325842697, 0.5168539325842697, 0.8037383177570094, 0.7438136826783115, 0.8174048174048174, 0.5797101449275361, 0.5640307907627712]
2018-12-21 14:09:13,779 argouml | F Score of init pool: [0.8281853281853282, 0.7893660531697341, 0.6993318485523384, 0.8097928436911488, 0.6660929432013769, 0.7015437392795884, 0.6421861656703671, 0.8381330685203575, 0.7592997811816193, 0.7630434782608695]
2018-12-21 14:09:54,736 jEdit-4.2 | Eval: 12
2018-12-21 14:10:32,943 jEdit-4.2 | Optimized F Score for fold 2: 0.3364485981308411
2018-12-21 14:10:32,944 jEdit-4.2 | Starting a fold
2018-12-21 14:11:37,075 argouml | new F: 0.8459273797841019 budget 10
2018-12-21 14:13:26,556 apache-jmeter-2.10 | Eval: 10
2018-12-21 14:13:51,705 emf-2.4.1 | F Score of init pool: [0.6199722607489598, 0.7827317763623496, 0.8057142857142857, 0.5397111913357401, 0.5406871609403255, 0.7928825622775801, 0.7847025495750708, 0.8017118402282454, 0.6500672947510094, 0.6212424849699398]
2018-12-21 14:13:59,130 sql12 | Eval: 10
2018-12-21 14:14:21,735 argouml | new F: 0.8490196078431372 budget 9
2018-12-21 14:14:38,948 sql12 | Optimized F Score for fold 2: 0.5982142857142858
2018-12-21 14:14:38,949 sql12 | Starting a fold
2018-12-21 14:15:20,102 apache-jmeter-2.10 | Optimized F Score for fold 2: 0.752906976744186
2018-12-21 14:15:20,103 apache-jmeter-2.10 | Starting a fold
2018-12-21 14:16:10,978 apache-ant-1.7.0 | F Score of init pool: [0.5563612392880685, 0.6965098634294385, 0.7535368577810871, 0.4586108468125594, 0.4508118433619867, 0.719879518072289, 0.7132132132132132, 0.7524163568773233, 0.545, 0.5054945054945055]
2018-12-21 14:16:34,131 jruby-1.4.0 | new F: 0.8258785942492013 budget 3
2018-12-21 14:18:03,755 jfreechart-1.0.19 | F Score of init pool: [0.5201037613488975, 0.7475943745373798, 0.7772795216741405, 0.499526963103122, 0.4952561669829221, 0.709141274238227, 0.6924671734623359, 0.7643593519882179, 0.5488917861799217, 0.5179132620993085]
2018-12-21 14:18:41,849 jruby-1.4.0 | Eval: 11
2018-12-21 14:18:46,627 columba-1.4-src | Eval: 10
2018-12-21 14:18:48,244 hibernate-distribution-3.3.2.GA | new F: 0.8180379746835443 budget 6
2018-12-21 14:19:22,687 jruby-1.4.0 | Optimized F Score for fold 2: 0.8593481989708405
2018-12-21 14:19:22,688 jruby-1.4.0 | Starting a fold
2018-12-21 14:19:32,002 columba-1.4-src | Optimized F Score for fold 2: 0.86
2018-12-21 14:19:32,003 columba-1.4-src | Starting a fold
2018-12-21 14:20:53,539 emf-2.4.1 | new F: 0.8154506437768241 budget 5
2018-12-21 14:24:19,793 jfreechart-1.0.19 | new F: 0.782673637042569 budget 7
2018-12-21 14:25:06,353 argouml | Eval: 12
2018-12-21 14:26:01,070 argouml | Optimized F Score for fold 3: 0.8240946045824094
2018-12-21 14:26:01,071 argouml | Starting a fold
2018-12-21 14:26:46,460 emf-2.4.1 | Eval: 11
2018-12-21 14:27:19,011 emf-2.4.1 | Optimized F Score for fold 2: 0.46153846153846156
2018-12-21 14:27:19,012 emf-2.4.1 | Starting a fold
2018-12-21 14:29:07,067 jEdit-4.2 | F Score of init pool: [0.7778587035688272, 0.7486712224753227, 0.7362055933484506, 0.7767272727272727, 0.5995864920744315, 0.6647646219686163, 0.5751905751905751, 0.7681053401609365, 0.7268482490272373, 0.7281177381874515]
2018-12-21 14:29:12,946 hibernate-distribution-3.3.2.GA | Eval: 11
2018-12-21 14:30:10,352 jEdit-4.2 | new F: 0.7793153678077203 budget 11
2018-12-21 14:30:24,604 jfreechart-1.0.19 | Eval: 11
2018-12-21 14:31:00,748 jfreechart-1.0.19 | Optimized F Score for fold 2: 0.5616045845272206
2018-12-21 14:31:00,749 jfreechart-1.0.19 | Starting a fold
2018-12-21 14:32:04,620 hibernate-distribution-3.3.2.GA | Optimized F Score for fold 2: 0.8049689440993788
2018-12-21 14:32:04,621 hibernate-distribution-3.3.2.GA | Starting a fold
2018-12-21 14:32:30,937 sql12 | F Score of init pool: [0.7016666666666668, 0.6539462272333044, 0.6290748898678414, 0.7006688963210702, 0.595850622406639, 0.6285240464344942, 0.5894909688013137, 0.6890192791282481, 0.6152482269503546, 0.6176991150442478]
2018-12-21 14:32:54,793 apache-ant-1.7.0 | Eval: 10
2018-12-21 14:33:39,240 apache-ant-1.7.0 | Optimized F Score for fold 2: 0.3657142857142857
2018-12-21 14:33:39,241 apache-ant-1.7.0 | Starting a fold
2018-12-21 14:34:56,800 jEdit-4.2 | new F: 0.7819110138584974 budget 7
2018-12-21 14:35:08,767 apache-jmeter-2.10 | F Score of init pool: [0.6480067854113656, 0.617002629272568, 0.5892857142857143, 0.6434042553191489, 0.4695977549111319, 0.5815972222222222, 0.4538606403013183, 0.645655877342419, 0.5732600732600732, 0.5784671532846716]
2018-12-21 14:39:40,401 argouml | F Score of init pool: [0.7331932773109244, 0.7259414225941423, 0.7591397849462367, 0.5967276227141481, 0.7136929460580912, 0.37369207772795215, 0.7347368421052632, 0.6488625123639961, 0.7486278814489572, 0.752711496746204]
2018-12-21 14:40:03,603 jruby-1.4.0 | F Score of init pool: [0.721830985915493, 0.6900369003690038, 0.6877323420074349, 0.7279090113735782, 0.5549828178694157, 0.6106194690265486, 0.5434221840068788, 0.7324955116696589, 0.650763358778626, 0.6552706552706552]
2018-12-21 14:40:24,916 sql12 | new F: 0.7034252297410193 budget 6
2018-12-21 14:41:24,366 columba-1.4-src | F Score of init pool: [0.6677341873498799, 0.6289517470881865, 0.601018675721562, 0.66613290632506, 0.543076923076923, 0.602761982128351, 0.5509893455098934, 0.6541598694942904, 0.6044520547945205, 0.6068376068376068]
2018-12-21 14:41:39,346 jruby-1.4.0 | new F: 0.7370304114490162 budget 10
2018-12-21 14:44:00,417 sql12 | new F: 0.7045075125208682 budget 5
2018-12-21 14:44:43,016 jEdit-4.2 | Eval: 12
2018-12-21 14:46:17,022 jEdit-4.2 | Optimized F Score for fold 3: 0.3929618768328446
2018-12-21 14:46:17,023 jEdit-4.2 | Starting a fold
2018-12-21 14:46:48,982 apache-jmeter-2.10 | Eval: 10
2018-12-21 14:48:19,353 apache-jmeter-2.10 | Optimized F Score for fold 3: 0.7558139534883721
2018-12-21 14:48:19,354 apache-jmeter-2.10 | Starting a fold
2018-12-21 14:49:47,958 emf-2.4.1 | F Score of init pool: [0.6811819595645413, 0.6457831325301204, 0.6104218362282877, 0.6827371695178848, 0.5675020210185934, 0.6140350877192983, 0.5570032573289903, 0.6650831353919239, 0.6070234113712374, 0.6139767054908486]
2018-12-21 14:51:35,972 sql12 | Eval: 12
2018-12-21 14:53:07,167 hibernate-distribution-3.3.2.GA | F Score of init pool: [0.6146953405017921, 0.5631431244153414, 0.5288461538461539, 0.6134529147982063, 0.5737122557726465, 0.5691202872531419, 0.460952380952381, 0.591368227731864, 0.5219941348973607, 0.5300970873786407]
2018-12-21 14:53:24,824 sql12 | Optimized F Score for fold 3: 0.6330275229357798
2018-12-21 14:53:24,825 sql12 | Starting a fold
2018-12-21 14:54:02,692 jruby-1.4.0 | Eval: 11
2018-12-21 14:54:23,521 jfreechart-1.0.19 | F Score of init pool: [0.7218649517684886, 0.6860949208992507, 0.6564102564102564, 0.7290167865707434, 0.626311541565779, 0.6548956661316212, 0.6061588330632091, 0.7133550488599348, 0.6472103004291846, 0.6564364876385337]
2018-12-21 14:54:38,122 argouml | new F: 0.7606837606837606 budget 3
2018-12-21 14:54:54,673 jruby-1.4.0 | Optimized F Score for fold 3: 0.8460207612456748
2018-12-21 14:54:54,673 jruby-1.4.0 | Starting a fold
2018-12-21 14:55:47,338 apache-ant-1.7.0 | F Score of init pool: [0.6693227091633467, 0.6314921681780709, 0.6043771043771045, 0.6629303442754203, 0.5870809484873262, 0.6029411764705882, 0.5910204081632653, 0.6525974025974025, 0.6104553119730185, 0.611625947767481]
2018-12-21 14:57:46,568 argouml | Eval: 11
2018-12-21 14:59:28,891 argouml | Optimized F Score for fold 4: 0.8076204706761301
2018-12-21 14:59:28,894 END CROSS PROJECT=====
2018-12-21 15:01:10,950 columba-1.4-src | Eval: 10
2018-12-21 15:02:45,027 columba-1.4-src | Optimized F Score for fold 3: 0.8799999999999999
2018-12-21 15:02:45,028 columba-1.4-src | Starting a fold
2018-12-21 15:03:10,683 jEdit-4.2 | F Score of init pool: [0.7492307692307693, 0.736196319018405, 0.7703016241299305, 0.5628742514970059, 0.6666666666666666, 0.344017094017094, 0.7521235521235521, 0.6022304832713754, 0.7420382165605096, 0.7703016241299305]
2018-12-21 15:03:49,217 emf-2.4.1 | Eval: 10
2018-12-21 15:04:23,406 hibernate-distribution-3.3.2.GA | new F: 0.6159355416293644 budget 6
2018-12-21 15:05:06,551 emf-2.4.1 | Optimized F Score for fold 3: 0.44303797468354433
2018-12-21 15:05:06,552 emf-2.4.1 | Starting a fold
2018-12-21 15:05:18,156 jEdit-4.2 | new F: 0.7745398773006134 budget 11
2018-12-21 15:05:34,522 apache-jmeter-2.10 | F Score of init pool: [0.7478532396565184, 0.7457364341085271, 0.7635506677140613, 0.5740609496810771, 0.6581899775617053, 0.30751964085297423, 0.75, 0.600574712643678, 0.7487844408427876, 0.7630331753554503]
2018-12-21 15:07:48,041 apache-jmeter-2.10 | new F: 0.7729022324865281 budget 11
2018-12-21 15:09:21,129 hibernate-distribution-3.3.2.GA | new F: 0.618018018018018 budget 4
2018-12-21 15:10:11,005 jfreechart-1.0.19 | Eval: 10
2018-12-21 15:10:13,225 apache-jmeter-2.10 | new F: 0.7757296466973885 budget 11
2018-12-21 15:10:31,221 apache-ant-1.7.0 | Eval: 10
2018-12-21 15:11:12,013 jruby-1.4.0 | F Score of init pool: [0.5550049554013875, 0.5432835820895522, 0.559679037111334, 0.4533106960950764, 0.46709916589434664, 0.255266418835192, 0.5552238805970149, 0.46167557932263814, 0.5041666666666667, 0.5149948293691831]
2018-12-21 15:11:13,110 sql12 | F Score of init pool: [0.7946741415557114, 0.7684865238424327, 0.8120516499282641, 0.6793893129770993, 0.7542315504400813, 0.4883720930232558, 0.7931526390870186, 0.6953175112251443, 0.7744360902255639, 0.782414307004471]
2018-12-21 15:11:23,430 jfreechart-1.0.19 | Optimized F Score for fold 3: 0.5690140845070423
2018-12-21 15:11:23,431 jfreechart-1.0.19 | Starting a fold
2018-12-21 15:12:05,315 apache-ant-1.7.0 | Optimized F Score for fold 3: 0.36363636363636365
2018-12-21 15:12:05,317 apache-ant-1.7.0 | Starting a fold
2018-12-21 15:13:46,160 hibernate-distribution-3.3.2.GA | Eval: 12
2018-12-21 15:15:10,670 hibernate-distribution-3.3.2.GA | Optimized F Score for fold 3: 0.8014705882352943
2018-12-21 15:15:10,671 hibernate-distribution-3.3.2.GA | Starting a fold
2018-12-21 15:19:55,725 apache-jmeter-2.10 | new F: 0.7765793528505393 budget 7
2018-12-21 15:20:09,125 columba-1.4-src | F Score of init pool: [0.7644055433989789, 0.7558479532163743, 0.7645305514157974, 0.593130779392338, 0.6619217081850534, 0.320855614973262, 0.7621145374449338, 0.6086956521739131, 0.7532869296210364, 0.7642642642642642]
2018-12-21 15:22:42,165 columba-1.4-src | new F: 0.7678571428571429 budget 11
2018-12-21 15:22:48,320 sql12 | new F: 0.8138222849083215 budget 6
2018-12-21 15:23:42,666 emf-2.4.1 | F Score of init pool: [0.770745428973277, 0.7664587664587664, 0.782051282051282, 0.5703564727954972, 0.6647847565278758, 0.32882414151925077, 0.7694483734087694, 0.6075268817204301, 0.7540983606557378, 0.7813620071684588]
2018-12-21 15:25:30,536 jEdit-4.2 | Eval: 11
2018-12-21 15:26:22,269 emf-2.4.1 | new F: 0.7884344146685471 budget 11
2018-12-21 15:27:31,864 jEdit-4.2 | Optimized F Score for fold 4: 0.3515151515151515
2018-12-21 15:27:31,866 END CROSS PROJECT=====
2018-12-21 15:27:58,609 jruby-1.4.0 | new F: 0.5605605605605606 budget 3
2018-12-21 15:27:59,619 columba-1.4-src | new F: 0.7687732342007436 budget 10
2018-12-21 15:29:48,189 jfreechart-1.0.19 | F Score of init pool: [0.7563268257411424, 0.7429805615550756, 0.7706959706959707, 0.6189856957087126, 0.6887791107974593, 0.326923076923077, 0.75254730713246, 0.6471760797342193, 0.7517084282460136, 0.7598513011152417]
2018-12-21 15:30:24,545 apache-ant-1.7.0 | F Score of init pool: [0.7614285714285715, 0.749470712773465, 0.7745664739884394, 0.5825366475462078, 0.6497175141242938, 0.34024896265560167, 0.7609475951184493, 0.6034912718204488, 0.7473684210526316, 0.7732558139534884]
2018-12-21 15:31:30,153 jruby-1.4.0 | Eval: 11
2018-12-21 15:32:04,792 hibernate-distribution-3.3.2.GA | F Score of init pool: [0.7379844961240309, 0.7293404094010614, 0.7597145122918318, 0.5573549257759783, 0.6494688922610017, 0.3348519362186788, 0.7412587412587412, 0.577683615819209, 0.7336601307189542, 0.7527733755942948]
2018-12-21 15:32:43,867 apache-ant-1.7.0 | new F: 0.7748008689355541 budget 11
2018-12-21 15:33:19,287 jruby-1.4.0 | Optimized F Score for fold 4: 0.8162895927601811
2018-12-21 15:33:19,289 END CROSS PROJECT=====
2018-12-21 15:33:20,713 apache-jmeter-2.10 | new F: 0.7775211701308699 budget 2
2018-12-21 15:33:48,759 columba-1.4-src | new F: 0.7696879643387817 budget 8
2018-12-21 15:34:04,709 sql12 | Eval: 11
2018-12-21 15:35:26,556 apache-jmeter-2.10 | Eval: 14
2018-12-21 15:36:05,045 sql12 | Optimized F Score for fold 4: 0.6414253897550112
2018-12-21 15:36:05,047 END CROSS PROJECT=====
2018-12-21 15:36:18,905 apache-ant-1.7.0 | new F: 0.7770609318996416 budget 10
2018-12-21 15:37:35,261 apache-jmeter-2.10 | Optimized F Score for fold 4: 0.7374461979913917
2018-12-21 15:37:35,264 END CROSS PROJECT=====
2018-12-21 15:37:53,788 apache-ant-1.7.0 | new F: 0.7774607703281027 budget 10
2018-12-21 15:38:38,396 jfreechart-1.0.19 | new F: 0.7725947521865889 budget 8
2018-12-21 15:40:07,934 apache-ant-1.7.0 | new F: 0.7782546494992847 budget 10
2018-12-21 15:45:05,041 jfreechart-1.0.19 | new F: 0.7731582786287382 budget 6
2018-12-21 15:47:44,295 apache-ant-1.7.0 | new F: 0.7803837953091683 budget 7
2018-12-21 15:48:07,512 columba-1.4-src | new F: 0.7759643916913946 budget 2
2018-12-21 15:48:12,860 emf-2.4.1 | Eval: 11
2018-12-21 15:50:07,626 columba-1.4-src | Eval: 14
2018-12-21 15:50:21,721 emf-2.4.1 | Optimized F Score for fold 4: 0.46835443037974683
2018-12-21 15:50:21,724 END CROSS PROJECT=====
2018-12-21 15:51:41,357 hibernate-distribution-3.3.2.GA | Eval: 10
2018-12-21 15:51:45,086 columba-1.4-src | Optimized F Score for fold 4: 0.780269058295964
2018-12-21 15:51:45,087 END CROSS PROJECT=====
2018-12-21 15:53:23,733 hibernate-distribution-3.3.2.GA | Optimized F Score for fold 4: 0.7985166872682323
2018-12-21 15:53:23,735 END CROSS PROJECT=====
2018-12-21 15:54:09,236 jfreechart-1.0.19 | Eval: 12
