2018-12-20 19:57:30,443 New Feature Counts: 1030
2018-12-20 19:57:30,658 New Feature Counts: 1104
2018-12-20 19:57:30,688 New Feature Counts: 1084
2018-12-20 19:57:30,699 New Feature Counts: 1120
2018-12-20 19:57:30,725 New Feature Counts: 1116
2018-12-20 19:57:30,743 New Feature Counts: 1108
2018-12-20 19:57:30,795 New Feature Counts: 1045
2018-12-20 19:57:31,055 New Feature Counts: 1114
2018-12-20 19:57:31,072 New Feature Counts: 1075
2018-12-20 19:57:31,109 New Feature Counts: 996
2018-12-20 19:57:31,112 
===============
2018-12-20 19:57:31,112 DATASET: argouml | MAX_FEATURE: 0.05 | STOP_WORDS: english | FOLD: 5 | POOL_SIZE: 100000 | INIT_POOL: 10 | BUDGET: 10
2018-12-20 19:57:31,112 TRAINING DATA: TRUE: 2658 | FALSE: 50165
2018-12-20 19:57:31,112 TEST DATA: TRUE: 1413 | FALSE: 8039
2018-12-20 19:57:31,113 argouml | Starting our 5 fold cross validation for argouml
2018-12-20 19:57:31,197 argouml | Starting a fold
2018-12-20 19:57:31,295 
===============
2018-12-20 19:57:31,295 DATASET: apache-jmeter-2.10 | MAX_FEATURE: 0.05 | STOP_WORDS: english | FOLD: 5 | POOL_SIZE: 100000 | INIT_POOL: 10 | BUDGET: 10
2018-12-20 19:57:31,295 TRAINING DATA: TRUE: 3697 | FALSE: 50521
2018-12-20 19:57:31,295 TEST DATA: TRUE: 374 | FALSE: 7683
2018-12-20 19:57:31,297 apache-jmeter-2.10 | Starting our 5 fold cross validation for apache-jmeter-2.10
2018-12-20 19:57:31,326 
===============
2018-12-20 19:57:31,326 DATASET: columba-1.4-src | MAX_FEATURE: 0.05 | STOP_WORDS: english | FOLD: 5 | POOL_SIZE: 100000 | INIT_POOL: 10 | BUDGET: 10
2018-12-20 19:57:31,326 TRAINING DATA: TRUE: 3867 | FALSE: 51940
2018-12-20 19:57:31,326 TEST DATA: TRUE: 204 | FALSE: 6264
2018-12-20 19:57:31,327 columba-1.4-src | Starting our 5 fold cross validation for columba-1.4-src
2018-12-20 19:57:31,333 
===============
2018-12-20 19:57:31,333 DATASET: apache-ant-1.7.0 | MAX_FEATURE: 0.05 | STOP_WORDS: english | FOLD: 5 | POOL_SIZE: 100000 | INIT_POOL: 10 | BUDGET: 10
2018-12-20 19:57:31,333 TRAINING DATA: TRUE: 3940 | FALSE: 54237
2018-12-20 19:57:31,333 TEST DATA: TRUE: 131 | FALSE: 3967
2018-12-20 19:57:31,334 apache-ant-1.7.0 | Starting our 5 fold cross validation for apache-ant-1.7.0
2018-12-20 19:57:31,357 
===============
2018-12-20 19:57:31,357 DATASET: hibernate-distribution-3.3.2.GA | MAX_FEATURE: 0.05 | STOP_WORDS: english | FOLD: 5 | POOL_SIZE: 100000 | INIT_POOL: 10 | BUDGET: 10
2018-12-20 19:57:31,358 TRAINING DATA: TRUE: 3599 | FALSE: 55708
2018-12-20 19:57:31,358 TEST DATA: TRUE: 472 | FALSE: 2496
2018-12-20 19:57:31,358 hibernate-distribution-3.3.2.GA | Starting our 5 fold cross validation for hibernate-distribution-3.3.2.GA
2018-12-20 19:57:31,386 apache-jmeter-2.10 | Starting a fold
2018-12-20 19:57:31,388 
===============
2018-12-20 19:57:31,389 DATASET: emf-2.4.1 | MAX_FEATURE: 0.05 | STOP_WORDS: english | FOLD: 5 | POOL_SIZE: 100000 | INIT_POOL: 10 | BUDGET: 10
2018-12-20 19:57:31,389 TRAINING DATA: TRUE: 3967 | FALSE: 53918
2018-12-20 19:57:31,389 TEST DATA: TRUE: 104 | FALSE: 4286
2018-12-20 19:57:31,390 emf-2.4.1 | Starting our 5 fold cross validation for emf-2.4.1
2018-12-20 19:57:31,418 columba-1.4-src | Starting a fold
2018-12-20 19:57:31,426 
===============
2018-12-20 19:57:31,426 DATASET: jEdit-4.2 | MAX_FEATURE: 0.05 | STOP_WORDS: english | FOLD: 5 | POOL_SIZE: 100000 | INIT_POOL: 10 | BUDGET: 10
2018-12-20 19:57:31,426 TRAINING DATA: TRUE: 3815 | FALSE: 48138
2018-12-20 19:57:31,426 TEST DATA: TRUE: 256 | FALSE: 10066
2018-12-20 19:57:31,427 jEdit-4.2 | Starting our 5 fold cross validation for jEdit-4.2
2018-12-20 19:57:31,428 apache-ant-1.7.0 | Starting a fold
2018-12-20 19:57:31,454 hibernate-distribution-3.3.2.GA | Starting a fold
2018-12-20 19:57:31,485 emf-2.4.1 | Starting a fold
2018-12-20 19:57:31,512 jEdit-4.2 | Starting a fold
2018-12-20 19:57:31,703 
===============
2018-12-20 19:57:31,703 DATASET: jfreechart-1.0.19 | MAX_FEATURE: 0.05 | STOP_WORDS: english | FOLD: 5 | POOL_SIZE: 100000 | INIT_POOL: 10 | BUDGET: 10
2018-12-20 19:57:31,703 TRAINING DATA: TRUE: 3862 | FALSE: 54005
2018-12-20 19:57:31,703 TEST DATA: TRUE: 209 | FALSE: 4199
2018-12-20 19:57:31,704 jfreechart-1.0.19 | Starting our 5 fold cross validation for jfreechart-1.0.19
2018-12-20 19:57:31,715 
===============
2018-12-20 19:57:31,715 DATASET: jruby-1.4.0 | MAX_FEATURE: 0.05 | STOP_WORDS: english | FOLD: 5 | POOL_SIZE: 100000 | INIT_POOL: 10 | BUDGET: 10
2018-12-20 19:57:31,715 TRAINING DATA: TRUE: 3449 | FALSE: 53929
2018-12-20 19:57:31,715 TEST DATA: TRUE: 622 | FALSE: 4275
2018-12-20 19:57:31,715 jruby-1.4.0 | Starting our 5 fold cross validation for jruby-1.4.0
2018-12-20 19:57:31,732 
===============
2018-12-20 19:57:31,732 DATASET: sql12 | MAX_FEATURE: 0.05 | STOP_WORDS: english | FOLD: 5 | POOL_SIZE: 100000 | INIT_POOL: 10 | BUDGET: 10
2018-12-20 19:57:31,732 TRAINING DATA: TRUE: 3785 | FALSE: 51275
2018-12-20 19:57:31,732 TEST DATA: TRUE: 286 | FALSE: 6929
2018-12-20 19:57:31,732 sql12 | Starting our 5 fold cross validation for sql12
2018-12-20 19:57:31,799 jfreechart-1.0.19 | Starting a fold
2018-12-20 19:57:31,810 jruby-1.4.0 | Starting a fold
2018-12-20 19:57:31,827 sql12 | Starting a fold
2018-12-20 20:04:29,341 argouml | F Score of init pool: [0.7442396313364055, 0.5431841831425599, 0.5699481865284974, 0.703125, 0.7072072072072072, 0.7188208616780045, 0.7345132743362831, 0.5702217529039072, 0.7028824833702882, 0.7124563445867288]
2018-12-20 20:05:54,707 argouml | new F: 0.7474048442906575 budget 10
2018-12-20 20:06:58,546 sql12 | F Score of init pool: [0.7765624999999999, 0.5920964501004689, 0.6001357773251867, 0.752851711026616, 0.7511177347242921, 0.7515337423312883, 0.751131221719457, 0.6171593366979091, 0.7412480974124809, 0.7617602427921091]
2018-12-20 20:07:02,305 jEdit-4.2 | F Score of init pool: [0.7622759158222916, 0.6038001407459536, 0.597310686482661, 0.7511664074650077, 0.7413533834586467, 0.7523364485981308, 0.7515527950310559, 0.6058865757358219, 0.7461059190031154, 0.7484939759036143]
2018-12-20 20:07:14,209 apache-jmeter-2.10 | F Score of init pool: [0.7983761840324762, 0.5629804849201655, 0.543424317617866, 0.7804232804232805, 0.694647201946472, 0.7825512227362855, 0.7833441769681196, 0.5900189513581806, 0.7758846657929228, 0.7529411764705883]
2018-12-20 20:07:36,621 jEdit-4.2 | new F: 0.7950693374422189 budget 11
2018-12-20 20:07:55,191 jruby-1.4.0 | F Score of init pool: [0.7484769364664926, 0.5807429871114481, 0.5746268656716419, 0.7272727272727272, 0.7155812036273701, 0.7335047129391604, 0.7355932203389831, 0.5798192771084337, 0.7121212121212122, 0.7201336675020886]
2018-12-20 20:08:22,659 hibernate-distribution-3.3.2.GA | F Score of init pool: [0.7605633802816901, 0.5645514223194747, 0.5689277899343544, 0.7487922705314011, 0.7013996889580093, 0.7538838920686836, 0.7544141252006421, 0.5686994856722998, 0.740501212611156, 0.7265500794912559]
2018-12-20 20:08:41,788 jruby-1.4.0 | new F: 0.7738607050730869 budget 11
2018-12-20 20:08:51,419 emf-2.4.1 | F Score of init pool: [0.787878787878788, 0.5814696485623003, 0.5924950625411454, 0.7590187590187589, 0.7303851640513552, 0.7649635036496352, 0.7700072098053353, 0.5931307793923382, 0.7555875991348234, 0.7467248908296944]
2018-12-20 20:09:03,859 apache-ant-1.7.0 | F Score of init pool: [0.8098637248539909, 0.6052631578947368, 0.6063893911995177, 0.7940606843124596, 0.768542199488491, 0.7953518398967075, 0.8052287581699346, 0.6235366605052373, 0.7912371134020618, 0.779373368146214]
2018-12-20 20:09:23,353 columba-1.4-src | F Score of init pool: [0.7816793893129772, 0.5962059620596206, 0.5806451612903225, 0.7582089552238805, 0.7336309523809523, 0.765375854214123, 0.7609022556390977, 0.5946317962835512, 0.7492537313432835, 0.7484939759036143]
2018-12-20 20:09:55,472 jfreechart-1.0.19 | F Score of init pool: [0.7789634146341464, 0.5742838107928048, 0.5947075208913648, 0.7612712490761272, 0.7325581395348838, 0.7678437265214125, 0.7653213751868461, 0.5998598458304135, 0.7524163568773234, 0.7356664184661206]
2018-12-20 20:10:35,462 jfreechart-1.0.19 | new F: 0.788109756097561 budget 11
2018-12-20 20:10:41,003 argouml | new F: 0.7622222222222222 budget 3
2018-12-20 20:10:58,691 jfreechart-1.0.19 | new F: 0.7927382753403934 budget 11
2018-12-20 20:11:10,877 apache-jmeter-2.10 | new F: 0.8061292471685544 budget 8
2018-12-20 20:11:39,304 argouml | Eval: 12
2018-12-20 20:11:43,053 columba-1.4-src | new F: 0.7864302235929067 budget 9
2018-12-20 20:12:04,220 sql12 | new F: 0.7993827160493828 budget 7
2018-12-20 20:12:09,762 hibernate-distribution-3.3.2.GA | new F: 0.7630057803468209 budget 9
2018-12-20 20:12:14,523 argouml | Optimized F Score for fold 0: 0.8453900709219858
2018-12-20 20:12:14,524 argouml | Starting a fold
2018-12-20 20:12:36,683 jfreechart-1.0.19 | new F: 0.802710843373494 budget 10
2018-12-20 20:13:04,811 columba-1.4-src | new F: 0.7996987951807228 budget 7
2018-12-20 20:13:24,546 hibernate-distribution-3.3.2.GA | new F: 0.7637540453074434 budget 9
2018-12-20 20:14:10,265 hibernate-distribution-3.3.2.GA | new F: 0.7678275290215589 budget 9
2018-12-20 20:14:53,336 hibernate-distribution-3.3.2.GA | new F: 0.7739273927392739 budget 9
2018-12-20 20:14:53,928 emf-2.4.1 | new F: 0.7920646583394564 budget 6
2018-12-20 20:14:57,753 sql12 | new F: 0.8030769230769231 budget 2
2018-12-20 20:15:00,302 apache-ant-1.7.0 | new F: 0.8115561391989494 budget 8
2018-12-20 20:15:12,561 sql12 | Eval: 12
2018-12-20 20:15:27,877 apache-jmeter-2.10 | new F: 0.8071808510638299 budget 5
2018-12-20 20:15:40,789 sql12 | Optimized F Score for fold 0: 0.6336206896551724
2018-12-20 20:15:40,790 sql12 | Starting a fold
2018-12-20 20:15:55,352 apache-ant-1.7.0 | new F: 0.8187830687830688 budget 8
2018-12-20 20:16:46,894 jEdit-4.2 | Eval: 11
2018-12-20 20:17:15,990 jEdit-4.2 | Optimized F Score for fold 0: 0.20833333333333334
2018-12-20 20:17:15,992 jEdit-4.2 | Starting a fold
2018-12-20 20:17:54,486 emf-2.4.1 | new F: 0.8043956043956044 budget 3
2018-12-20 20:19:28,300 jfreechart-1.0.19 | Eval: 13
2018-12-20 20:20:09,498 jfreechart-1.0.19 | Optimized F Score for fold 0: 0.5616045845272206
2018-12-20 20:20:09,498 jfreechart-1.0.19 | Starting a fold
2018-12-20 20:20:12,616 emf-2.4.1 | Eval: 12
2018-12-20 20:20:37,511 argouml | F Score of init pool: [0.7368421052631579, 0.6286286286286286, 0.7301927194860813, 0.7592788971367975, 0.7558386411889596, 0.7323340471092078, 0.6694560669456067, 0.7592788971367975, 0.7492260061919503, 0.7560209424083769]
2018-12-20 20:20:39,633 emf-2.4.1 | Optimized F Score for fold 0: 0.43421052631578944
2018-12-20 20:20:39,634 emf-2.4.1 | Starting a fold
2018-12-20 20:21:02,442 apache-jmeter-2.10 | Eval: 12
2018-12-20 20:21:04,712 apache-ant-1.7.0 | new F: 0.8221343873517786 budget 5
2018-12-20 20:21:28,575 columba-1.4-src | Eval: 12
2018-12-20 20:21:32,064 jruby-1.4.0 | Eval: 11
2018-12-20 20:21:41,191 argouml | new F: 0.7632135306553911 budget 11
2018-12-20 20:21:50,042 apache-jmeter-2.10 | Optimized F Score for fold 0: 0.7841945288753799
2018-12-20 20:21:50,043 apache-jmeter-2.10 | Starting a fold
2018-12-20 20:22:03,905 columba-1.4-src | Optimized F Score for fold 0: 0.8759124087591241
2018-12-20 20:22:03,906 columba-1.4-src | Starting a fold
2018-12-20 20:22:07,733 hibernate-distribution-3.3.2.GA | Eval: 14
2018-12-20 20:22:10,133 jruby-1.4.0 | Optimized F Score for fold 0: 0.8832913518052057
2018-12-20 20:22:10,134 jruby-1.4.0 | Starting a fold
2018-12-20 20:22:47,254 hibernate-distribution-3.3.2.GA | Optimized F Score for fold 0: 0.7911001236093944
2018-12-20 20:22:47,254 hibernate-distribution-3.3.2.GA | Starting a fold
2018-12-20 20:22:50,929 argouml | new F: 0.764021164021164 budget 11
2018-12-20 20:26:12,041 argouml | new F: 0.7659115426105717 budget 9
2018-12-20 20:26:17,566 sql12 | F Score of init pool: [0.49087078651685395, 0.45092460881934565, 0.4045667447306791, 0.7512142471667566, 0.7613326051338066, 0.41961852861035426, 0.608, 0.7326315789473684, 0.4730599796679092, 0.648623425104993]
2018-12-20 20:26:52,297 apache-ant-1.7.0 | Eval: 13
2018-12-20 20:27:32,876 apache-ant-1.7.0 | Optimized F Score for fold 0: 0.41379310344827586
2018-12-20 20:27:32,877 apache-ant-1.7.0 | Starting a fold
2018-12-20 20:27:48,432 jEdit-4.2 | F Score of init pool: [0.7599557522123895, 0.6250715512306813, 0.45650016539861066, 0.8197298884321785, 0.820543093270366, 0.5681350349938247, 0.696241528034504, 0.819672131147541, 0.7728026533996684, 0.809688581314879]
2018-12-20 20:28:43,608 argouml | new F: 0.7660944206008583 budget 7
2018-12-20 20:29:21,657 argouml | new F: 0.7685774946921444 budget 7
2018-12-20 20:29:38,355 sql12 | new F: 0.7619047619047619 budget 10
2018-12-20 20:30:57,460 jEdit-4.2 | new F: 0.8216597998822837 budget 10
2018-12-20 20:32:53,014 sql12 | new F: 0.7761692650334076 budget 9
2018-12-20 20:33:05,244 emf-2.4.1 | F Score of init pool: [0.5085455179630276, 0.4685990338164251, 0.4478621962473085, 0.7980349344978166, 0.8017524644030669, 0.4501389317690645, 0.5882352941176471, 0.7810335641981887, 0.5013550135501356, 0.7158098933074685]
2018-12-20 20:33:30,486 jruby-1.4.0 | F Score of init pool: [0.4551870148200423, 0.47029288702928873, 0.39444444444444443, 0.7292255511588468, 0.7437825332562175, 0.4072312083729781, 0.48834251801610845, 0.679324894514768, 0.44115669132481505, 0.6201624462494029]
2018-12-20 20:33:42,391 jfreechart-1.0.19 | F Score of init pool: [0.45952146837102587, 0.41206370721789226, 0.4034682080924855, 0.7919911012235816, 0.8031584884376761, 0.4175563463819692, 0.5016863406408094, 0.7889196675900276, 0.5377073906485671, 0.7222787385554426]
2018-12-20 20:34:08,846 sql12 | new F: 0.7878103837471785 budget 9
2018-12-20 20:34:11,586 argouml | Eval: 15
2018-12-20 20:34:42,323 hibernate-distribution-3.3.2.GA | F Score of init pool: [0.4829339143064634, 0.4895787139689578, 0.38747784997046664, 0.7907801418439716, 0.7954815695600476, 0.3989071038251366, 0.5656279508970727, 0.7725173210161663, 0.47729672650475186, 0.6975533576262363]
2018-12-20 20:34:48,441 columba-1.4-src | F Score of init pool: [0.4590058102001291, 0.5315503552026745, 0.37272966570150035, 0.7924107142857143, 0.7968574635241302, 0.4085033036483769, 0.6278158667972575, 0.773841961852861, 0.49428868120456904, 0.7096774193548386]
2018-12-20 20:34:50,155 apache-jmeter-2.10 | F Score of init pool: [0.8036465638148668, 0.6210746685275645, 0.7536617842876165, 0.8438818565400844, 0.8430682617874736, 0.7531436135009928, 0.6618075801749271, 0.8455056179775281, 0.8270158511371468, 0.8357791754018169]
2018-12-20 20:34:50,698 argouml | Optimized F Score for fold 1: 0.837953091684435
2018-12-20 20:34:50,698 argouml | Starting a fold
2018-12-20 20:36:44,569 emf-2.4.1 | new F: 0.8088154269972451 budget 10
2018-12-20 20:37:14,818 jruby-1.4.0 | new F: 0.7446438911407064 budget 10
2018-12-20 20:38:46,997 apache-jmeter-2.10 | new F: 0.8478873239436621 budget 10
2018-12-20 20:38:50,548 sql12 | new F: 0.7900396151669496 budget 6
2018-12-20 20:39:05,848 jruby-1.4.0 | new F: 0.7456445993031359 budget 10
2018-12-20 20:39:43,183 jfreechart-1.0.19 | new F: 0.8038439796495195 budget 9
2018-12-20 20:40:08,933 sql12 | new F: 0.8117302052785923 budget 6
2018-12-20 20:40:37,064 apache-jmeter-2.10 | new F: 0.8525052928722654 budget 10
2018-12-20 20:41:33,063 apache-ant-1.7.0 | F Score of init pool: [0.8304455445544554, 0.6390149060272198, 0.7521174477696217, 0.8548683404776485, 0.8562691131498471, 0.758347481607244, 0.6798418972332017, 0.8538226299694189, 0.8229665071770336, 0.8495145631067961]
2018-12-20 20:42:22,357 sql12 | new F: 0.813817330210773 budget 5
2018-12-20 20:43:08,013 apache-ant-1.7.0 | new F: 0.8615196078431372 budget 11
2018-12-20 20:43:27,331 argouml | F Score of init pool: [0.6473214285714286, 0.6737841043890866, 0.6626794258373206, 0.5487179487179488, 0.5510996119016818, 0.6442641946697567, 0.6643437862950058, 0.6441860465116279, 0.567741935483871, 0.5345717234262125]
2018-12-20 20:45:55,021 jEdit-4.2 | new F: 0.8218694885361552 budget 2
2018-12-20 20:46:15,680 jruby-1.4.0 | new F: 0.750291715285881 budget 7
2018-12-20 20:47:10,252 sql12 | Eval: 16
2018-12-20 20:47:35,444 jEdit-4.2 | Eval: 12
2018-12-20 20:48:19,347 sql12 | Optimized F Score for fold 1: 0.6290672451193059
2018-12-20 20:48:19,349 sql12 | Starting a fold
2018-12-20 20:48:24,116 argouml | Eval: 10
2018-12-20 20:48:28,688 apache-ant-1.7.0 | new F: 0.8656174334140436 budget 8
2018-12-20 20:49:00,206 argouml | Optimized F Score for fold 2: 0.8449008498583569
2018-12-20 20:49:00,207 argouml | Starting a fold
2018-12-20 20:49:15,395 jEdit-4.2 | Optimized F Score for fold 1: 0.31419939577039274
2018-12-20 20:49:15,395 jEdit-4.2 | Starting a fold
2018-12-20 20:49:44,540 jfreechart-1.0.19 | new F: 0.8111490329920364 budget 5
2018-12-20 20:51:03,138 emf-2.4.1 | new F: 0.8141592920353983 budget 3
2018-12-20 20:51:22,981 apache-ant-1.7.0 | new F: 0.8718258766626361 budget 7
2018-12-20 20:52:29,177 emf-2.4.1 | new F: 0.8251121076233183 budget 3
2018-12-20 20:53:17,602 jruby-1.4.0 | new F: 0.755868544600939 budget 4
2018-12-20 20:53:30,826 jfreechart-1.0.19 | new F: 0.8221070811744388 budget 4
2018-12-20 20:53:58,028 hibernate-distribution-3.3.2.GA | Eval: 10
2018-12-20 20:54:23,337 columba-1.4-src | Eval: 10
2018-12-20 20:55:00,754 apache-jmeter-2.10 | new F: 0.8539325842696629 budget 3
2018-12-20 20:55:11,205 emf-2.4.1 | Eval: 13
2018-12-20 20:55:46,900 hibernate-distribution-3.3.2.GA | Optimized F Score for fold 1: 0.8122065727699532
2018-12-20 20:55:46,901 hibernate-distribution-3.3.2.GA | Starting a fold
2018-12-20 20:56:19,424 columba-1.4-src | Optimized F Score for fold 1: 0.8851674641148325
2018-12-20 20:56:19,425 columba-1.4-src | Starting a fold
2018-12-20 20:56:35,346 emf-2.4.1 | Optimized F Score for fold 1: 0.4313725490196078
2018-12-20 20:56:35,346 emf-2.4.1 | Starting a fold
2018-12-20 20:58:13,814 jruby-1.4.0 | new F: 0.7770392749244712 budget 2
2018-12-20 20:58:16,393 apache-jmeter-2.10 | Eval: 13
2018-12-20 20:58:19,981 jfreechart-1.0.19 | Eval: 13
2018-12-20 20:58:30,272 apache-ant-1.7.0 | Eval: 13
2018-12-20 20:59:08,103 argouml | F Score of init pool: [0.8131267092069279, 0.8315481986368062, 0.7459807073954983, 0.8148148148148148, 0.6591080876795162, 0.6796267496111975, 0.6581132075471697, 0.7854922279792745, 0.79474216380182, 0.799597180261833]
2018-12-20 20:59:32,137 apache-ant-1.7.0 | Optimized F Score for fold 1: 0.39766081871345027
2018-12-20 20:59:32,138 apache-ant-1.7.0 | Starting a fold
2018-12-20 20:59:37,012 jruby-1.4.0 | Eval: 15
2018-12-20 20:59:37,300 apache-jmeter-2.10 | Optimized F Score for fold 1: 0.7518355359765052
2018-12-20 20:59:37,301 apache-jmeter-2.10 | Starting a fold
2018-12-20 20:59:59,734 jfreechart-1.0.19 | Optimized F Score for fold 1: 0.56657223796034
2018-12-20 20:59:59,735 jfreechart-1.0.19 | Starting a fold
2018-12-20 21:00:41,348 sql12 | F Score of init pool: [0.7225296442687746, 0.81226626776365, 0.8042168674698795, 0.6440972222222222, 0.6547008547008548, 0.7664856477889838, 0.7675507020280811, 0.786910197869102, 0.6368794326241135, 0.6229965156794426]
2018-12-20 21:01:00,199 jruby-1.4.0 | Optimized F Score for fold 1: 0.8923841059602649
2018-12-20 21:01:00,200 jruby-1.4.0 | Starting a fold
2018-12-20 21:01:32,986 jEdit-4.2 | F Score of init pool: [0.7583081570996979, 0.7985185185185185, 0.784167289021658, 0.6238683127572016, 0.6478632478632479, 0.7803030303030303, 0.7852298417483045, 0.7580174927113703, 0.6410256410256411, 0.6325925925925926]
2018-12-20 21:02:53,472 sql12 | new F: 0.8185212845407019 budget 9
2018-12-20 21:05:04,011 argouml | new F: 0.8361581920903954 budget 7
2018-12-20 21:05:45,915 sql12 | new F: 0.8194029850746269 budget 6
2018-12-20 21:08:44,068 jEdit-4.2 | Eval: 10
2018-12-20 21:09:26,147 jEdit-4.2 | Optimized F Score for fold 2: 0.30959752321981426
2018-12-20 21:09:26,148 jEdit-4.2 | Starting a fold
2018-12-20 21:09:53,896 columba-1.4-src | F Score of init pool: [0.7126948775055678, 0.7726931732933232, 0.761977186311787, 0.6148590947907772, 0.6147260273972602, 0.7526717557251908, 0.7581998474446988, 0.7488653555219364, 0.589907604832978, 0.5670816044260026]
2018-12-20 21:09:56,823 sql12 | Eval: 12
2018-12-20 21:10:08,807 hibernate-distribution-3.3.2.GA | F Score of init pool: [0.7277032359905289, 0.8479262672811059, 0.8383604021655066, 0.6908127208480566, 0.6856127886323268, 0.8117088607594937, 0.8021892103205629, 0.8335901386748845, 0.6417112299465241, 0.6110304789550073]
2018-12-20 21:10:25,034 sql12 | Optimized F Score for fold 2: 0.6285714285714286
2018-12-20 21:10:25,035 sql12 | Starting a fold
2018-12-20 21:10:58,678 emf-2.4.1 | F Score of init pool: [0.7137707281903389, 0.8269631688672688, 0.8254416961130743, 0.6580436540016169, 0.6596434359805511, 0.7956521739130434, 0.796242774566474, 0.8104298801973221, 0.6568954030646236, 0.6294613887086307]
2018-12-20 21:11:40,432 emf-2.4.1 | new F: 0.8328651685393259 budget 11
2018-12-20 21:11:53,440 apache-jmeter-2.10 | F Score of init pool: [0.6907137375287797, 0.7359870024370432, 0.7695852534562212, 0.562795089707271, 0.5730337078651685, 0.7523961661341853, 0.742811501597444, 0.748201438848921, 0.6278409090909091, 0.592901878914405]
2018-12-20 21:12:13,759 argouml | new F: 0.8576998050682262 budget 2
2018-12-20 21:12:19,754 apache-jmeter-2.10 | new F: 0.7837626854020296 budget 11
2018-12-20 21:13:10,047 argouml | Eval: 12
2018-12-20 21:13:15,634 apache-ant-1.7.0 | F Score of init pool: [0.6558105107327905, 0.741185296324081, 0.763177431328879, 0.5909479077711358, 0.5976027397260274, 0.7151515151515151, 0.7173579109062981, 0.7161048689138576, 0.5914191419141914, 0.5695623775310253]
2018-12-20 21:14:00,345 jruby-1.4.0 | F Score of init pool: [0.7748294162244125, 0.8384146341463415, 0.8439215686274509, 0.7046632124352331, 0.7105263157894737, 0.8216704288939051, 0.8262839879154079, 0.8164794007490637, 0.5884802220680083, 0.5280826339573919]
2018-12-20 21:14:07,051 argouml | Optimized F Score for fold 3: 0.8429634881247784
2018-12-20 21:14:07,052 argouml | Starting a fold
2018-12-20 21:14:30,707 jfreechart-1.0.19 | F Score of init pool: [0.7015384615384616, 0.7973470891672808, 0.7961736571008096, 0.6301600673967986, 0.6320272572402044, 0.7539984767707539, 0.7618320610687023, 0.7736686390532543, 0.5965147453083111, 0.5899470899470899]
2018-12-20 21:15:06,075 apache-jmeter-2.10 | new F: 0.7911741528762806 budget 6
2018-12-20 21:15:09,599 apache-ant-1.7.0 | new F: 0.7765404602821083 budget 10
2018-12-20 21:15:17,105 hibernate-distribution-3.3.2.GA | new F: 0.851652574942352 budget 8
2018-12-20 21:15:22,727 jruby-1.4.0 | new F: 0.8495713172252533 budget 9
2018-12-20 21:16:07,066 jfreechart-1.0.19 | new F: 0.8008849557522123 budget 10
2018-12-20 21:17:12,417 apache-jmeter-2.10 | Eval: 12
2018-12-20 21:17:34,862 apache-jmeter-2.10 | Optimized F Score for fold 2: 0.7647058823529411
2018-12-20 21:17:34,863 apache-jmeter-2.10 | Starting a fold
2018-12-20 21:19:20,586 jfreechart-1.0.19 | new F: 0.8032424465733233 budget 7
2018-12-20 21:19:29,552 columba-1.4-src | Eval: 10
2018-12-20 21:20:01,865 apache-ant-1.7.0 | Eval: 11
2018-12-20 21:20:13,146 columba-1.4-src | Optimized F Score for fold 2: 0.8823529411764706
2018-12-20 21:20:13,147 columba-1.4-src | Starting a fold
2018-12-20 21:20:14,687 hibernate-distribution-3.3.2.GA | Eval: 11
2018-12-20 21:20:16,447 emf-2.4.1 | Eval: 11
2018-12-20 21:20:26,697 apache-ant-1.7.0 | Optimized F Score for fold 2: 0.36363636363636365
2018-12-20 21:20:26,698 apache-ant-1.7.0 | Starting a fold
2018-12-20 21:20:31,088 jruby-1.4.0 | Eval: 11
2018-12-20 21:20:44,439 hibernate-distribution-3.3.2.GA | Optimized F Score for fold 2: 0.8119760479041916
2018-12-20 21:20:44,441 hibernate-distribution-3.3.2.GA | Starting a fold
2018-12-20 21:20:52,371 emf-2.4.1 | Optimized F Score for fold 2: 0.4313725490196078
2018-12-20 21:20:52,372 emf-2.4.1 | Starting a fold
2018-12-20 21:20:58,057 jruby-1.4.0 | Optimized F Score for fold 2: 0.8862876254180603
2018-12-20 21:20:58,058 jruby-1.4.0 | Starting a fold
2018-12-20 21:20:58,318 jEdit-4.2 | F Score of init pool: [0.7489114658925979, 0.7392937640871525, 0.7511177347242921, 0.7537091988130564, 0.649746192893401, 0.7023319615912209, 0.6484771573604061, 0.7636887608069163, 0.7204874333587205, 0.7243735763097949]
2018-12-20 21:22:14,438 sql12 | F Score of init pool: [0.6855713094245204, 0.6621160409556314, 0.6609442060085837, 0.6873428331936293, 0.6824104234527687, 0.6925566343042071, 0.6824104234527687, 0.6903973509933774, 0.6325991189427312, 0.6338028169014085]
2018-12-20 21:23:21,491 jEdit-4.2 | new F: 0.7666422823701536 budget 7
2018-12-20 21:23:29,645 argouml | F Score of init pool: [0.7543679342240494, 0.754639175257732, 0.7505197505197506, 0.6517690875232774, 0.7304890738813736, 0.5735294117647058, 0.7512794268167862, 0.6622264509990484, 0.7521008403361343, 0.758974358974359]
2018-12-20 21:24:42,281 argouml | new F: 0.7610256410256411 budget 11
2018-12-20 21:26:55,425 jfreechart-1.0.19 | Eval: 12
2018-12-20 21:27:24,617 jEdit-4.2 | Eval: 11
2018-12-20 21:27:40,885 jEdit-4.2 | Optimized F Score for fold 3: 0.2736156351791531
2018-12-20 21:27:40,885 jEdit-4.2 | Starting a fold
2018-12-20 21:27:47,842 jfreechart-1.0.19 | Optimized F Score for fold 2: 0.563953488372093
2018-12-20 21:27:47,842 jfreechart-1.0.19 | Starting a fold
2018-12-20 21:29:58,805 apache-jmeter-2.10 | F Score of init pool: [0.6508474576271187, 0.6324786324786326, 0.6251082251082251, 0.6582491582491582, 0.4507486209613869, 0.6006600660066007, 0.45161290322580644, 0.6605196982397318, 0.5998225377107365, 0.6023029229406553]
2018-12-20 21:31:18,407 apache-jmeter-2.10 | new F: 0.6616033755274262 budget 11
2018-12-20 21:32:08,300 argouml | new F: 0.7698658410732715 budget 5
2018-12-20 21:34:37,582 jruby-1.4.0 | F Score of init pool: [0.6925110132158591, 0.6938405797101448, 0.7122040072859744, 0.70298769771529, 0.6833046471600689, 0.6920415224913495, 0.6815450643776825, 0.7402826855123675, 0.6467289719626169, 0.6524163568773234]
2018-12-20 21:34:40,340 columba-1.4-src | F Score of init pool: [0.648910411622276, 0.6322686322686323, 0.6256239600665557, 0.6591820368885325, 0.5594808940158617, 0.6053639846743296, 0.5590778097982709, 0.66130329847144, 0.6057046979865772, 0.6149999999999999]
2018-12-20 21:34:41,129 argouml | Eval: 12
2018-12-20 21:34:53,446 sql12 | Eval: 10
2018-12-20 21:34:57,767 hibernate-distribution-3.3.2.GA | F Score of init pool: [0.613047363717605, 0.5805860805860806, 0.5609756097560976, 0.6197684772929654, 0.5027407987470635, 0.559792027729636, 0.5003921568627451, 0.6115107913669064, 0.5402843601895735, 0.5416666666666666]
2018-12-20 21:35:00,287 apache-ant-1.7.0 | F Score of init pool: [0.6544876886417793, 0.6284779050736498, 0.6274834437086093, 0.6516492357200322, 0.5514285714285715, 0.6105919003115265, 0.5539772727272727, 0.6613162118780097, 0.612850082372323, 0.6151315789473684]
2018-12-20 21:35:07,651 columba-1.4-src | new F: 0.6623690572119258 budget 11
2018-12-20 21:35:13,635 argouml | Optimized F Score for fold 4: 0.8381358946993952
2018-12-20 21:35:13,637 END CROSS PROJECT=====
2018-12-20 21:35:26,751 sql12 | Optimized F Score for fold 3: 0.5539112050739957
2018-12-20 21:35:26,752 sql12 | Starting a fold
2018-12-20 21:35:40,522 emf-2.4.1 | F Score of init pool: [0.6593233674272228, 0.6433121019108281, 0.6342254663422547, 0.6692728694292417, 0.5702247191011235, 0.6347490347490348, 0.5665961945031713, 0.6734534064212999, 0.619396903015485, 0.619396903015485]
2018-12-20 21:39:38,205 jruby-1.4.0 | new F: 0.7413945278022948 budget 3
2018-12-20 21:39:44,482 apache-jmeter-2.10 | Eval: 11
2018-12-20 21:40:24,475 jEdit-4.2 | F Score of init pool: [0.7967115097159939, 0.7876969242310577, 0.7910112359550563, 0.6694560669456068, 0.7122884473877852, 0.5385329619312906, 0.7979120059656972, 0.6666666666666666, 0.7887109077040428, 0.7885196374622356]
2018-12-20 21:40:43,416 columba-1.4-src | Eval: 11
2018-12-20 21:40:55,431 apache-jmeter-2.10 | Optimized F Score for fold 3: 0.7762557077625569
2018-12-20 21:40:55,431 apache-jmeter-2.10 | Starting a fold
2018-12-20 21:41:05,387 columba-1.4-src | Optimized F Score for fold 3: 0.886138613861386
2018-12-20 21:41:05,389 columba-1.4-src | Starting a fold
2018-12-20 21:41:07,134 jruby-1.4.0 | Eval: 11
2018-12-20 21:41:41,613 jruby-1.4.0 | Optimized F Score for fold 3: 0.8827470686767169
2018-12-20 21:41:41,615 jruby-1.4.0 | Starting a fold
2018-12-20 21:42:42,380 jfreechart-1.0.19 | F Score of init pool: [0.7215189873417721, 0.6912366912366913, 0.6866666666666665, 0.7246608140462889, 0.7003205128205128, 0.7181528662420382, 0.7059760956175299, 0.7248, 0.6610597140454164, 0.6666666666666667]
2018-12-20 21:42:44,373 emf-2.4.1 | Eval: 10
2018-12-20 21:43:20,288 emf-2.4.1 | Optimized F Score for fold 3: 0.43421052631578944
2018-12-20 21:43:20,289 emf-2.4.1 | Starting a fold
2018-12-20 21:44:40,199 hibernate-distribution-3.3.2.GA | Eval: 10
2018-12-20 21:44:41,483 jfreechart-1.0.19 | new F: 0.729903536977492 budget 9
2018-12-20 21:45:33,619 hibernate-distribution-3.3.2.GA | Optimized F Score for fold 3: 0.788627935723115
2018-12-20 21:45:33,620 hibernate-distribution-3.3.2.GA | Starting a fold
2018-12-20 21:47:20,502 apache-ant-1.7.0 | Eval: 10
2018-12-20 21:47:54,424 apache-ant-1.7.0 | Optimized F Score for fold 3: 0.3536585365853659
2018-12-20 21:47:54,424 apache-ant-1.7.0 | Starting a fold
2018-12-20 21:47:56,738 jEdit-4.2 | new F: 0.8104575163398693 budget 5
2018-12-20 21:48:00,360 sql12 | F Score of init pool: [0.8160407383831955, 0.7960074859638178, 0.8446215139442229, 0.7594458438287154, 0.7590027700831026, 0.6248941574936494, 0.8302872062663186, 0.7187079407806192, 0.8277777777777778, 0.8247694334650857]
2018-12-20 21:48:40,623 jfreechart-1.0.19 | new F: 0.7322142286171063 budget 6
2018-12-20 21:49:38,542 jEdit-4.2 | new F: 0.8128262490678597 budget 4
2018-12-20 21:51:04,143 sql12 | new F: 0.8461538461538461 budget 10
2018-12-20 21:53:17,187 jEdit-4.2 | Eval: 12
2018-12-20 21:53:51,806 jruby-1.4.0 | F Score of init pool: [0.5708920187793427, 0.5657894736842104, 0.5670789724072313, 0.49787595581988103, 0.5173383317713214, 0.3612334801762115, 0.5770308123249299, 0.4894514767932489, 0.5287128712871286, 0.5513928914505283]
2018-12-20 21:54:06,910 apache-jmeter-2.10 | F Score of init pool: [0.7966616084977238, 0.7843438219493476, 0.782808902532617, 0.6329639889196675, 0.6928571428571427, 0.48371174728529126, 0.7859327217125384, 0.6707650273224044, 0.7894327894327895, 0.783011583011583]
2018-12-20 21:54:27,646 jEdit-4.2 | Optimized F Score for fold 4: 0.2783171521035599
2018-12-20 21:54:27,649 END CROSS PROJECT=====
2018-12-20 21:54:45,040 columba-1.4-src | F Score of init pool: [0.7915492957746479, 0.7913165266106442, 0.7929577464788733, 0.6350224502886466, 0.6937931034482759, 0.5454545454545454, 0.7921623512946117, 0.6418109187749668, 0.7919366450683946, 0.7929577464788733]
2018-12-20 21:56:27,376 jfreechart-1.0.19 | Eval: 12
2018-12-20 21:56:34,430 apache-jmeter-2.10 | new F: 0.8036669213139801 budget 10
2018-12-20 21:56:55,081 jfreechart-1.0.19 | Optimized F Score for fold 3: 0.5584045584045584
2018-12-20 21:56:55,082 jfreechart-1.0.19 | Starting a fold
2018-12-20 21:57:11,681 emf-2.4.1 | F Score of init pool: [0.8058659217877095, 0.7904360056258791, 0.7926397735314933, 0.6199494949494949, 0.7016835016835017, 0.46995515695067275, 0.7946554149085794, 0.6373056994818653, 0.7982770997846376, 0.7934936350777935]
2018-12-20 21:57:16,733 apache-jmeter-2.10 | new F: 0.8101071975497703 budget 10
2018-12-20 21:58:03,715 apache-jmeter-2.10 | new F: 0.8103975535168196 budget 10
2018-12-20 21:58:11,106 sql12 | new F: 0.846307385229541 budget 6
2018-12-20 21:59:19,506 hibernate-distribution-3.3.2.GA | F Score of init pool: [0.7740963855421685, 0.740029542097489, 0.7647509578544062, 0.6239372138652713, 0.6806056236481615, 0.48690591658583904, 0.762481089258699, 0.6161011310711909, 0.7828125, 0.762854950115119]
2018-12-20 22:01:53,916 apache-ant-1.7.0 | F Score of init pool: [0.8002717391304349, 0.7838023335621139, 0.7895100069013112, 0.6314465408805031, 0.6941015089163237, 0.49382716049382724, 0.7868852459016394, 0.6280130293159609, 0.7899159663865546, 0.7875862068965518]
2018-12-20 22:03:44,109 emf-2.4.1 | new F: 0.8059071729957806 budget 7
2018-12-20 22:04:23,097 jruby-1.4.0 | Eval: 10
2018-12-20 22:04:32,414 columba-1.4-src | new F: 0.7960479887085391 budget 6
2018-12-20 22:04:43,260 hibernate-distribution-3.3.2.GA | new F: 0.8040593286494926 budget 7
2018-12-20 22:05:01,156 apache-ant-1.7.0 | new F: 0.8072122052704578 budget 9
2018-12-20 22:05:49,776 jruby-1.4.0 | Optimized F Score for fold 4: 0.8718801996672213
2018-12-20 22:05:49,781 END CROSS PROJECT=====
2018-12-20 22:05:50,359 hibernate-distribution-3.3.2.GA | new F: 0.8046511627906977 budget 7
2018-12-20 22:06:20,207 sql12 | Eval: 12
2018-12-20 22:07:00,203 columba-1.4-src | new F: 0.7977528089887642 budget 5
2018-12-20 22:07:22,501 apache-jmeter-2.10 | Eval: 13
2018-12-20 22:07:41,869 hibernate-distribution-3.3.2.GA | new F: 0.8049921996879875 budget 6
2018-12-20 22:07:58,310 sql12 | Optimized F Score for fold 4: 0.6435845213849287
2018-12-20 22:07:58,311 END CROSS PROJECT=====
2018-12-20 22:08:04,152 apache-jmeter-2.10 | Optimized F Score for fold 4: 0.7815384615384615
2018-12-20 22:08:04,153 END CROSS PROJECT=====
2018-12-20 22:10:39,732 jfreechart-1.0.19 | F Score of init pool: [0.8051575931232092, 0.7927677329624477, 0.7910238429172511, 0.6469849246231155, 0.726158038147139, 0.5164737310774711, 0.7925052047189451, 0.685823754789272, 0.7936962750716332, 0.7938288920056101]
2018-12-20 22:11:30,359 emf-2.4.1 | new F: 0.8126315789473684 budget 2
2018-12-20 22:11:32,589 jfreechart-1.0.19 | new F: 0.8067226890756303 budget 11
2018-12-20 22:12:03,013 apache-ant-1.7.0 | Eval: 11
2018-12-20 22:12:52,373 apache-ant-1.7.0 | Optimized F Score for fold 4: 0.3536585365853659
2018-12-20 22:12:52,375 END CROSS PROJECT=====
2018-12-20 22:13:00,401 emf-2.4.1 | Eval: 12
2018-12-20 22:13:08,342 columba-1.4-src | Eval: 12
2018-12-20 22:13:15,683 hibernate-distribution-3.3.2.GA | Eval: 13
2018-12-20 22:13:55,393 emf-2.4.1 | Optimized F Score for fold 4: 0.37837837837837834
2018-12-20 22:13:55,395 END CROSS PROJECT=====
2018-12-20 22:14:16,806 jfreechart-1.0.19 | new F: 0.8123682361208713 budget 9
2018-12-20 22:14:18,943 hibernate-distribution-3.3.2.GA | Optimized F Score for fold 4: 0.7821782178217822
2018-12-20 22:14:18,944 END CROSS PROJECT=====
2018-12-20 22:14:38,111 columba-1.4-src | Optimized F Score for fold 4: 0.8872901678657074
2018-12-20 22:14:38,113 END CROSS PROJECT=====
2018-12-20 22:19:19,691 jfreechart-1.0.19 | Eval: 12
2018-12-20 22:19:53,732 jfreechart-1.0.19 | Optimized F Score for fold 4: 0.5568181818181818
2018-12-20 22:19:53,734 END CROSS PROJECT=====
